Starting a Gradle Daemon (subsequent builds will be faster)
> Task :gradle-plugin:settings-plugin:checkKotlinGradlePluginConfigurationErrors SKIPPED
> Task :gradle-plugin:shared:checkKotlinGradlePluginConfigurationErrors SKIPPED
> Task :gradle-plugin:shared:compileKotlin UP-TO-DATE
> Task :gradle-plugin:shared:compileJava NO-SOURCE
> Task :gradle-plugin:shared:processResources NO-SOURCE
> Task :gradle-plugin:shared:classes UP-TO-DATE
> Task :gradle-plugin:shared:jar UP-TO-DATE
> Task :gradle-plugin:settings-plugin:compileKotlin UP-TO-DATE
> Task :gradle-plugin:settings-plugin:compileJava NO-SOURCE
> Task :gradle-plugin:settings-plugin:pluginDescriptors UP-TO-DATE
> Task :gradle-plugin:settings-plugin:processResources UP-TO-DATE
> Task :gradle-plugin:settings-plugin:classes UP-TO-DATE
> Task :gradle-plugin:settings-plugin:jar UP-TO-DATE
> Task :gradle-plugin:react-native-gradle-plugin:checkKotlinGradlePluginConfigurationErrors SKIPPED
> Task :gradle-plugin:react-native-gradle-plugin:compileKotlin UP-TO-DATE
> Task :gradle-plugin:react-native-gradle-plugin:compileJava NO-SOURCE
> Task :gradle-plugin:react-native-gradle-plugin:pluginDescriptors UP-TO-DATE
> Task :gradle-plugin:react-native-gradle-plugin:processResources UP-TO-DATE
> Task :gradle-plugin:react-native-gradle-plugin:classes UP-TO-DATE
> Task :gradle-plugin:react-native-gradle-plugin:jar UP-TO-DATE

> Configure project :notifee_react-native
:notifee_react-native @notifee/react-native found at D:\AIB Innovations\Tiffsy\Admin App\TiffsyKitchen\node_modules\@notifee\react-native
:notifee_react-native package.json found at D:\AIB Innovations\Tiffsy\Admin App\TiffsyKitchen\node_modules\@notifee\react-native\package.json
:notifee_react-native:version set from package.json: 9.1.8 (9,1,8 - 9001008)
:notifee_react-native:android.compileSdk using custom value: 36
:notifee_react-native:android.targetSdk using custom value: 36
:notifee_react-native:android.minSdk using custom value: 24
:notifee_react-native:reactNativeAndroidDir D:\AIB Innovations\Tiffsy\Admin App\TiffsyKitchen\node_modules\react-native

> Configure project :react-native-firebase_app
:react-native-firebase_app package.json found at D:\AIB Innovations\Tiffsy\Admin App\TiffsyKitchen\node_modules\@react-native-firebase\app\package.json
:react-native-firebase_app:firebase.bom using default value: 34.6.0
:react-native-firebase_app:play.play-services-auth using default value: 21.4.0
:react-native-firebase_app package.json found at D:\AIB Innovations\Tiffsy\Admin App\TiffsyKitchen\node_modules\@react-native-firebase\app\package.json
:react-native-firebase_app:version set from package.json: 23.7.0 (23,7,0 - 23007000)
:react-native-firebase_app:android.compileSdk using custom value: 36
:react-native-firebase_app:android.targetSdk using custom value: 36
:react-native-firebase_app:android.minSdk using custom value: 24
:react-native-firebase_app:reactNativeAndroidDir D:\AIB Innovations\Tiffsy\Admin App\TiffsyKitchen\node_modules\react-native

> Configure project :react-native-firebase_messaging
:react-native-firebase_messaging package.json found at D:\AIB Innovations\Tiffsy\Admin App\TiffsyKitchen\node_modules\@react-native-firebase\messaging\package.json
:react-native-firebase_app package.json found at D:\AIB Innovations\Tiffsy\Admin App\TiffsyKitchen\node_modules\@react-native-firebase\app\package.json
:react-native-firebase_messaging:firebase.bom using default value: 34.6.0
:react-native-firebase_messaging package.json found at D:\AIB Innovations\Tiffsy\Admin App\TiffsyKitchen\node_modules\@react-native-firebase\messaging\package.json
:react-native-firebase_messaging:version set from package.json: 23.7.0 (23,7,0 - 23007000)
:react-native-firebase_messaging:android.compileSdk using custom value: 36
:react-native-firebase_messaging:android.targetSdk using custom value: 36
:react-native-firebase_messaging:android.minSdk using custom value: 24
:react-native-firebase_messaging:reactNativeAndroidDir D:\AIB Innovations\Tiffsy\Admin App\TiffsyKitchen\node_modules\react-native

> Task :app:checkKotlinGradlePluginConfigurationErrors SKIPPED
> Task :app:generateAutolinkingNewArchitectureFiles UP-TO-DATE
> Task :app:generateAutolinkingPackageList UP-TO-DATE
> Task :app:generateCodegenSchemaFromJavaScript SKIPPED
> Task :app:generateCodegenArtifactsFromSchema SKIPPED
> Task :app:generateReactNativeEntryPoint UP-TO-DATE
> Task :notifee_react-native:preBuild UP-TO-DATE
> Task :react-native-async-storage_async-storage:generateCodegenSchemaFromJavaScript UP-TO-DATE
> Task :react-native-async-storage_async-storage:generateCodegenArtifactsFromSchema UP-TO-DATE
> Task :react-native-async-storage_async-storage:preBuild UP-TO-DATE
> Task :react-native-clipboard_clipboard:generateCodegenSchemaFromJavaScript UP-TO-DATE
> Task :react-native-clipboard_clipboard:generateCodegenArtifactsFromSchema UP-TO-DATE
> Task :react-native-clipboard_clipboard:preBuild UP-TO-DATE
> Task :react-native-community_netinfo:preBuild UP-TO-DATE
> Task :react-native-community_slider:generateCodegenSchemaFromJavaScript UP-TO-DATE
> Task :react-native-community_slider:generateCodegenArtifactsFromSchema UP-TO-DATE
> Task :react-native-community_slider:preBuild UP-TO-DATE
> Task :react-native-firebase_app:preBuild UP-TO-DATE
> Task :react-native-firebase_messaging:preBuild UP-TO-DATE
> Task :react-native-geolocation-service:preBuild UP-TO-DATE
> Task :react-native-gesture-handler:generateCodegenSchemaFromJavaScript UP-TO-DATE
> Task :react-native-gesture-handler:generateCodegenArtifactsFromSchema UP-TO-DATE
> Task :react-native-gesture-handler:preBuild UP-TO-DATE
> Task :react-native-image-picker:generateCodegenSchemaFromJavaScript UP-TO-DATE
> Task :react-native-image-picker:generateCodegenArtifactsFromSchema UP-TO-DATE
> Task :react-native-image-picker:preBuild UP-TO-DATE
> Task :react-native-maps:generateCodegenSchemaFromJavaScript SKIPPED
> Task :react-native-maps:generateCodegenArtifactsFromSchema SKIPPED
> Task :react-native-maps:preBuild UP-TO-DATE
> Task :react-native-reanimated:assertMinimalReactNativeVersionTask
> Task :react-native-reanimated:assertNewArchitectureEnabledTask SKIPPED
> Task :react-native-reanimated:assertWorkletsVersionTask
> Task :react-native-reanimated:generateCodegenSchemaFromJavaScript UP-TO-DATE
> Task :react-native-reanimated:generateCodegenArtifactsFromSchema UP-TO-DATE
> Task :react-native-reanimated:prepareReanimatedHeadersForPrefabs UP-TO-DATE
> Task :react-native-reanimated:preBuild
> Task :react-native-safe-area-context:generateCodegenSchemaFromJavaScript UP-TO-DATE
> Task :react-native-safe-area-context:generateCodegenArtifactsFromSchema UP-TO-DATE
> Task :react-native-safe-area-context:preBuild UP-TO-DATE
> Task :react-native-svg:generateCodegenSchemaFromJavaScript UP-TO-DATE
> Task :react-native-svg:generateCodegenArtifactsFromSchema UP-TO-DATE
> Task :react-native-svg:preBuild UP-TO-DATE
> Task :react-native-vector-icons:generateCodegenSchemaFromJavaScript UP-TO-DATE
> Task :react-native-vector-icons:generateCodegenArtifactsFromSchema UP-TO-DATE
> Task :react-native-vector-icons:preBuild UP-TO-DATE
> Task :react-native-worklets:assertMinimalReactNativeVersionTask
> Task :react-native-worklets:assertNewArchitectureEnabledTask SKIPPED
> Task :react-native-worklets:generateCodegenSchemaFromJavaScript UP-TO-DATE
> Task :react-native-worklets:generateCodegenArtifactsFromSchema UP-TO-DATE
> Task :react-native-worklets:prepareWorkletsHeadersForPrefabs UP-TO-DATE
> Task :react-native-worklets:preBuild
> Task :app:preBuild
> Task :app:preDebugBuild
> Task :app:generateDebugBuildConfig UP-TO-DATE
> Task :notifee_react-native:preDebugBuild UP-TO-DATE
> Task :notifee_react-native:writeDebugAarMetadata UP-TO-DATE
> Task :react-native-async-storage_async-storage:preDebugBuild UP-TO-DATE
> Task :react-native-async-storage_async-storage:writeDebugAarMetadata UP-TO-DATE
> Task :react-native-clipboard_clipboard:preDebugBuild UP-TO-DATE
> Task :react-native-clipboard_clipboard:writeDebugAarMetadata UP-TO-DATE
> Task :react-native-community_netinfo:preDebugBuild UP-TO-DATE
> Task :react-native-community_netinfo:writeDebugAarMetadata UP-TO-DATE
> Task :react-native-community_slider:preDebugBuild UP-TO-DATE
> Task :react-native-community_slider:writeDebugAarMetadata UP-TO-DATE
> Task :react-native-firebase_app:preDebugBuild UP-TO-DATE
> Task :react-native-firebase_app:writeDebugAarMetadata UP-TO-DATE
> Task :react-native-firebase_messaging:preDebugBuild UP-TO-DATE
> Task :react-native-firebase_messaging:writeDebugAarMetadata UP-TO-DATE
> Task :react-native-geolocation-service:preDebugBuild UP-TO-DATE
> Task :react-native-geolocation-service:writeDebugAarMetadata UP-TO-DATE
> Task :react-native-gesture-handler:preDebugBuild UP-TO-DATE
> Task :react-native-gesture-handler:writeDebugAarMetadata UP-TO-DATE
> Task :react-native-image-picker:preDebugBuild UP-TO-DATE
> Task :react-native-image-picker:writeDebugAarMetadata UP-TO-DATE
> Task :react-native-maps:preDebugBuild UP-TO-DATE
> Task :react-native-maps:writeDebugAarMetadata UP-TO-DATE
> Task :react-native-reanimated:preDebugBuild
> Task :react-native-reanimated:writeDebugAarMetadata UP-TO-DATE
> Task :react-native-safe-area-context:preDebugBuild UP-TO-DATE
> Task :react-native-safe-area-context:writeDebugAarMetadata UP-TO-DATE
> Task :react-native-svg:preDebugBuild UP-TO-DATE
> Task :react-native-svg:writeDebugAarMetadata UP-TO-DATE
> Task :react-native-vector-icons:preDebugBuild UP-TO-DATE
> Task :react-native-vector-icons:writeDebugAarMetadata UP-TO-DATE
> Task :react-native-worklets:preDebugBuild
> Task :react-native-worklets:writeDebugAarMetadata UP-TO-DATE
> Task :app:checkDebugAarMetadata UP-TO-DATE
> Task :app:generateDebugResValues UP-TO-DATE
> Task :app:processDebugGoogleServices UP-TO-DATE
> Task :notifee_react-native:generateDebugResValues UP-TO-DATE
> Task :notifee_react-native:generateDebugResources UP-TO-DATE
> Task :notifee_react-native:packageDebugResources UP-TO-DATE
> Task :react-native-async-storage_async-storage:generateDebugResValues UP-TO-DATE
> Task :react-native-async-storage_async-storage:generateDebugResources UP-TO-DATE
> Task :react-native-async-storage_async-storage:packageDebugResources UP-TO-DATE
> Task :react-native-clipboard_clipboard:generateDebugResValues UP-TO-DATE
> Task :react-native-clipboard_clipboard:generateDebugResources UP-TO-DATE
> Task :react-native-clipboard_clipboard:packageDebugResources UP-TO-DATE
> Task :react-native-community_netinfo:generateDebugResValues UP-TO-DATE
> Task :react-native-community_netinfo:generateDebugResources UP-TO-DATE
> Task :react-native-community_netinfo:packageDebugResources UP-TO-DATE
> Task :react-native-community_slider:generateDebugResValues UP-TO-DATE
> Task :react-native-community_slider:generateDebugResources UP-TO-DATE
> Task :react-native-community_slider:packageDebugResources UP-TO-DATE
> Task :react-native-firebase_app:generateDebugResValues UP-TO-DATE
> Task :react-native-firebase_app:generateDebugResources UP-TO-DATE
> Task :react-native-firebase_app:packageDebugResources UP-TO-DATE
> Task :react-native-firebase_messaging:generateDebugResValues UP-TO-DATE
> Task :react-native-firebase_messaging:generateDebugResources UP-TO-DATE
> Task :react-native-firebase_messaging:packageDebugResources UP-TO-DATE
> Task :react-native-geolocation-service:generateDebugResValues UP-TO-DATE
> Task :react-native-geolocation-service:generateDebugResources UP-TO-DATE
> Task :react-native-geolocation-service:packageDebugResources UP-TO-DATE
> Task :react-native-gesture-handler:generateDebugResValues UP-TO-DATE
> Task :react-native-gesture-handler:generateDebugResources UP-TO-DATE
> Task :react-native-gesture-handler:packageDebugResources UP-TO-DATE
> Task :react-native-image-picker:generateDebugResValues UP-TO-DATE
> Task :react-native-image-picker:generateDebugResources UP-TO-DATE
> Task :react-native-image-picker:packageDebugResources UP-TO-DATE
> Task :react-native-maps:generateDebugResValues UP-TO-DATE
> Task :react-native-maps:generateDebugResources UP-TO-DATE
> Task :react-native-maps:packageDebugResources UP-TO-DATE
> Task :react-native-reanimated:generateDebugResValues UP-TO-DATE
> Task :react-native-reanimated:generateDebugResources UP-TO-DATE
> Task :react-native-reanimated:packageDebugResources UP-TO-DATE
> Task :react-native-safe-area-context:generateDebugResValues UP-TO-DATE
> Task :react-native-safe-area-context:generateDebugResources UP-TO-DATE
> Task :react-native-safe-area-context:packageDebugResources UP-TO-DATE
> Task :react-native-svg:generateDebugResValues UP-TO-DATE
> Task :react-native-svg:generateDebugResources UP-TO-DATE
> Task :react-native-svg:packageDebugResources UP-TO-DATE
> Task :react-native-vector-icons:generateDebugResValues UP-TO-DATE
> Task :react-native-vector-icons:generateDebugResources UP-TO-DATE
> Task :react-native-vector-icons:packageDebugResources UP-TO-DATE
> Task :react-native-worklets:generateDebugResValues UP-TO-DATE
> Task :react-native-worklets:generateDebugResources UP-TO-DATE
> Task :react-native-worklets:packageDebugResources UP-TO-DATE
> Task :app:mapDebugSourceSetPaths UP-TO-DATE
> Task :app:generateDebugResources UP-TO-DATE
> Task :app:mergeDebugResources UP-TO-DATE
> Task :app:packageDebugResources UP-TO-DATE
> Task :app:parseDebugLocalResources UP-TO-DATE
> Task :app:createDebugCompatibleScreenManifests UP-TO-DATE
> Task :app:extractDeepLinksDebug UP-TO-DATE
> Task :notifee_react-native:extractDeepLinksDebug UP-TO-DATE
> Task :notifee_react-native:processDebugManifest UP-TO-DATE
> Task :react-native-async-storage_async-storage:extractDeepLinksDebug UP-TO-DATE
> Task :react-native-async-storage_async-storage:processDebugManifest UP-TO-DATE
> Task :react-native-clipboard_clipboard:extractDeepLinksDebug UP-TO-DATE
> Task :react-native-clipboard_clipboard:processDebugManifest UP-TO-DATE
> Task :react-native-community_netinfo:extractDeepLinksDebug UP-TO-DATE
> Task :react-native-community_netinfo:processDebugManifest UP-TO-DATE
> Task :react-native-community_slider:extractDeepLinksDebug UP-TO-DATE
> Task :react-native-community_slider:processDebugManifest UP-TO-DATE
> Task :react-native-firebase_app:extractDeepLinksDebug UP-TO-DATE
> Task :react-native-firebase_app:processDebugManifest UP-TO-DATE
> Task :react-native-firebase_messaging:extractDeepLinksDebug UP-TO-DATE
> Task :react-native-firebase_messaging:processDebugManifest UP-TO-DATE
> Task :react-native-geolocation-service:extractDeepLinksDebug UP-TO-DATE
> Task :react-native-geolocation-service:processDebugManifest UP-TO-DATE
> Task :react-native-gesture-handler:extractDeepLinksDebug UP-TO-DATE
> Task :react-native-gesture-handler:processDebugManifest UP-TO-DATE
> Task :react-native-image-picker:extractDeepLinksDebug UP-TO-DATE
> Task :react-native-image-picker:processDebugManifest UP-TO-DATE
> Task :react-native-maps:extractDeepLinksDebug UP-TO-DATE
> Task :react-native-maps:processDebugManifest UP-TO-DATE
> Task :react-native-reanimated:extractDeepLinksDebug UP-TO-DATE
> Task :react-native-reanimated:processDebugManifest UP-TO-DATE
> Task :react-native-safe-area-context:extractDeepLinksDebug UP-TO-DATE
> Task :react-native-safe-area-context:processDebugManifest UP-TO-DATE
> Task :react-native-svg:extractDeepLinksDebug UP-TO-DATE
> Task :react-native-svg:processDebugManifest UP-TO-DATE
> Task :react-native-vector-icons:extractDeepLinksDebug UP-TO-DATE
> Task :react-native-vector-icons:processDebugManifest UP-TO-DATE
> Task :react-native-worklets:extractDeepLinksDebug UP-TO-DATE
> Task :react-native-worklets:processDebugManifest UP-TO-DATE
> Task :app:processDebugMainManifest UP-TO-DATE
> Task :app:processDebugManifest UP-TO-DATE
> Task :app:processDebugManifestForPackage UP-TO-DATE
> Task :notifee_react-native:compileDebugLibraryResources UP-TO-DATE
> Task :notifee_react-native:parseDebugLocalResources UP-TO-DATE
> Task :notifee_react-native:generateDebugRFile UP-TO-DATE
> Task :react-native-async-storage_async-storage:compileDebugLibraryResources UP-TO-DATE
> Task :react-native-async-storage_async-storage:parseDebugLocalResources UP-TO-DATE
> Task :react-native-async-storage_async-storage:generateDebugRFile UP-TO-DATE
> Task :react-native-clipboard_clipboard:compileDebugLibraryResources UP-TO-DATE
> Task :react-native-clipboard_clipboard:parseDebugLocalResources UP-TO-DATE
> Task :react-native-clipboard_clipboard:generateDebugRFile UP-TO-DATE
> Task :react-native-community_netinfo:compileDebugLibraryResources UP-TO-DATE
> Task :react-native-community_netinfo:parseDebugLocalResources UP-TO-DATE
> Task :react-native-community_netinfo:generateDebugRFile UP-TO-DATE
> Task :react-native-community_slider:compileDebugLibraryResources UP-TO-DATE
> Task :react-native-community_slider:parseDebugLocalResources UP-TO-DATE
> Task :react-native-community_slider:generateDebugRFile UP-TO-DATE
> Task :react-native-firebase_app:compileDebugLibraryResources UP-TO-DATE
> Task :react-native-firebase_app:parseDebugLocalResources UP-TO-DATE
> Task :react-native-firebase_app:generateDebugRFile UP-TO-DATE
> Task :react-native-firebase_messaging:compileDebugLibraryResources UP-TO-DATE
> Task :react-native-firebase_messaging:parseDebugLocalResources UP-TO-DATE
> Task :react-native-firebase_messaging:generateDebugRFile UP-TO-DATE
> Task :react-native-geolocation-service:compileDebugLibraryResources UP-TO-DATE
> Task :react-native-geolocation-service:parseDebugLocalResources UP-TO-DATE
> Task :react-native-geolocation-service:generateDebugRFile UP-TO-DATE
> Task :react-native-gesture-handler:compileDebugLibraryResources UP-TO-DATE
> Task :react-native-gesture-handler:parseDebugLocalResources UP-TO-DATE
> Task :react-native-gesture-handler:generateDebugRFile UP-TO-DATE
> Task :react-native-image-picker:compileDebugLibraryResources UP-TO-DATE
> Task :react-native-image-picker:parseDebugLocalResources UP-TO-DATE
> Task :react-native-image-picker:generateDebugRFile UP-TO-DATE
> Task :react-native-maps:compileDebugLibraryResources UP-TO-DATE
> Task :react-native-maps:parseDebugLocalResources UP-TO-DATE
> Task :react-native-maps:generateDebugRFile UP-TO-DATE
> Task :react-native-reanimated:compileDebugLibraryResources UP-TO-DATE
> Task :react-native-reanimated:parseDebugLocalResources UP-TO-DATE
> Task :react-native-reanimated:generateDebugRFile UP-TO-DATE
> Task :react-native-safe-area-context:compileDebugLibraryResources UP-TO-DATE
> Task :react-native-safe-area-context:parseDebugLocalResources UP-TO-DATE
> Task :react-native-safe-area-context:generateDebugRFile UP-TO-DATE
> Task :react-native-svg:compileDebugLibraryResources UP-TO-DATE
> Task :react-native-svg:parseDebugLocalResources UP-TO-DATE
> Task :react-native-svg:generateDebugRFile UP-TO-DATE
> Task :react-native-vector-icons:compileDebugLibraryResources UP-TO-DATE
> Task :react-native-vector-icons:parseDebugLocalResources UP-TO-DATE
> Task :react-native-vector-icons:generateDebugRFile UP-TO-DATE
> Task :react-native-worklets:compileDebugLibraryResources UP-TO-DATE
> Task :react-native-worklets:parseDebugLocalResources UP-TO-DATE
> Task :react-native-worklets:generateDebugRFile UP-TO-DATE
> Task :app:processDebugResources UP-TO-DATE
> Task :notifee_react-native:generateDebugBuildConfig UP-TO-DATE
> Task :notifee_react-native:javaPreCompileDebug UP-TO-DATE
> Task :notifee_react-native:compileDebugJavaWithJavac UP-TO-DATE
> Task :notifee_react-native:bundleLibCompileToJarDebug UP-TO-DATE
> Task :react-native-async-storage_async-storage:generateDebugBuildConfig UP-TO-DATE
> Task :react-native-async-storage_async-storage:javaPreCompileDebug UP-TO-DATE
> Task :react-native-async-storage_async-storage:compileDebugJavaWithJavac UP-TO-DATE
> Task :react-native-async-storage_async-storage:bundleLibCompileToJarDebug UP-TO-DATE
> Task :react-native-clipboard_clipboard:generateDebugBuildConfig UP-TO-DATE
> Task :react-native-clipboard_clipboard:javaPreCompileDebug UP-TO-DATE
> Task :react-native-clipboard_clipboard:compileDebugJavaWithJavac UP-TO-DATE
> Task :react-native-clipboard_clipboard:bundleLibCompileToJarDebug UP-TO-DATE
> Task :react-native-community_netinfo:generateDebugBuildConfig UP-TO-DATE
> Task :react-native-community_netinfo:javaPreCompileDebug UP-TO-DATE
> Task :react-native-community_netinfo:compileDebugJavaWithJavac UP-TO-DATE
> Task :react-native-community_netinfo:bundleLibCompileToJarDebug UP-TO-DATE
> Task :react-native-community_slider:generateDebugBuildConfig UP-TO-DATE
> Task :react-native-community_slider:javaPreCompileDebug UP-TO-DATE
> Task :react-native-community_slider:compileDebugJavaWithJavac UP-TO-DATE
> Task :react-native-community_slider:bundleLibCompileToJarDebug UP-TO-DATE
> Task :react-native-firebase_app:generateDebugBuildConfig UP-TO-DATE
> Task :react-native-firebase_app:javaPreCompileDebug UP-TO-DATE
> Task :react-native-firebase_app:compileDebugJavaWithJavac UP-TO-DATE
> Task :react-native-firebase_app:bundleLibCompileToJarDebug UP-TO-DATE
> Task :react-native-firebase_messaging:generateDebugBuildConfig UP-TO-DATE
> Task :react-native-firebase_messaging:javaPreCompileDebug UP-TO-DATE
> Task :react-native-firebase_messaging:compileDebugJavaWithJavac UP-TO-DATE
> Task :react-native-firebase_messaging:bundleLibCompileToJarDebug UP-TO-DATE
> Task :react-native-geolocation-service:generateDebugBuildConfig UP-TO-DATE
> Task :react-native-geolocation-service:javaPreCompileDebug UP-TO-DATE
> Task :react-native-geolocation-service:compileDebugJavaWithJavac UP-TO-DATE
> Task :react-native-geolocation-service:bundleLibCompileToJarDebug UP-TO-DATE
> Task :react-native-gesture-handler:checkKotlinGradlePluginConfigurationErrors SKIPPED
> Task :react-native-gesture-handler:generateDebugBuildConfig UP-TO-DATE
> Task :react-native-reanimated:generateDebugBuildConfig UP-TO-DATE
> Task :react-native-reanimated:javaPreCompileDebug UP-TO-DATE
> Task :react-native-worklets:generateDebugBuildConfig UP-TO-DATE
> Task :react-native-worklets:javaPreCompileDebug UP-TO-DATE
> Task :react-native-worklets:compileDebugJavaWithJavac UP-TO-DATE
> Task :react-native-worklets:bundleLibCompileToJarDebug UP-TO-DATE
> Task :react-native-reanimated:compileDebugJavaWithJavac UP-TO-DATE
> Task :react-native-reanimated:bundleLibCompileToJarDebug UP-TO-DATE
> Task :react-native-svg:generateDebugBuildConfig UP-TO-DATE
> Task :react-native-svg:javaPreCompileDebug UP-TO-DATE
> Task :react-native-svg:compileDebugJavaWithJavac UP-TO-DATE
> Task :react-native-svg:bundleLibCompileToJarDebug UP-TO-DATE
> Task :react-native-gesture-handler:compileDebugKotlin UP-TO-DATE
> Task :react-native-gesture-handler:javaPreCompileDebug UP-TO-DATE
> Task :react-native-gesture-handler:compileDebugJavaWithJavac UP-TO-DATE
> Task :react-native-gesture-handler:bundleLibCompileToJarDebug UP-TO-DATE
> Task :react-native-image-picker:generateDebugBuildConfig UP-TO-DATE
> Task :react-native-image-picker:javaPreCompileDebug UP-TO-DATE
> Task :react-native-image-picker:compileDebugJavaWithJavac UP-TO-DATE
> Task :react-native-image-picker:bundleLibCompileToJarDebug UP-TO-DATE
> Task :react-native-maps:checkKotlinGradlePluginConfigurationErrors SKIPPED
> Task :react-native-maps:generateDebugBuildConfig UP-TO-DATE
> Task :react-native-maps:compileDebugKotlin NO-SOURCE
> Task :react-native-maps:javaPreCompileDebug UP-TO-DATE
> Task :react-native-maps:compileDebugJavaWithJavac UP-TO-DATE
> Task :react-native-maps:bundleLibCompileToJarDebug UP-TO-DATE
> Task :react-native-safe-area-context:checkKotlinGradlePluginConfigurationErrors SKIPPED
> Task :react-native-safe-area-context:generateDebugBuildConfig UP-TO-DATE
> Task :react-native-safe-area-context:compileDebugKotlin UP-TO-DATE
> Task :react-native-safe-area-context:javaPreCompileDebug UP-TO-DATE
> Task :react-native-safe-area-context:compileDebugJavaWithJavac UP-TO-DATE
> Task :react-native-safe-area-context:bundleLibCompileToJarDebug UP-TO-DATE
> Task :react-native-vector-icons:generateDebugBuildConfig UP-TO-DATE
> Task :react-native-vector-icons:javaPreCompileDebug UP-TO-DATE
> Task :react-native-vector-icons:compileDebugJavaWithJavac UP-TO-DATE
> Task :react-native-vector-icons:bundleLibCompileToJarDebug UP-TO-DATE
> Task :app:compileDebugKotlin UP-TO-DATE
> Task :app:javaPreCompileDebug UP-TO-DATE
> Task :app:compileDebugJavaWithJavac UP-TO-DATE
> Task :app:mergeDebugShaders UP-TO-DATE
> Task :app:compileDebugShaders NO-SOURCE
> Task :app:copyReactNativeVectorIconFonts UP-TO-DATE
> Task :app:generateDebugAssets UP-TO-DATE
> Task :notifee_react-native:mergeDebugShaders UP-TO-DATE
> Task :notifee_react-native:compileDebugShaders NO-SOURCE
> Task :notifee_react-native:generateDebugAssets UP-TO-DATE
> Task :notifee_react-native:mergeDebugAssets UP-TO-DATE
> Task :react-native-async-storage_async-storage:mergeDebugShaders UP-TO-DATE
> Task :react-native-async-storage_async-storage:compileDebugShaders NO-SOURCE
> Task :react-native-async-storage_async-storage:generateDebugAssets UP-TO-DATE
> Task :react-native-async-storage_async-storage:mergeDebugAssets UP-TO-DATE
> Task :react-native-clipboard_clipboard:mergeDebugShaders UP-TO-DATE
> Task :react-native-clipboard_clipboard:compileDebugShaders NO-SOURCE
> Task :react-native-clipboard_clipboard:generateDebugAssets UP-TO-DATE
> Task :react-native-clipboard_clipboard:mergeDebugAssets UP-TO-DATE
> Task :react-native-community_netinfo:mergeDebugShaders UP-TO-DATE
> Task :react-native-community_netinfo:compileDebugShaders NO-SOURCE
> Task :react-native-community_netinfo:generateDebugAssets UP-TO-DATE
> Task :react-native-community_netinfo:mergeDebugAssets UP-TO-DATE
> Task :react-native-community_slider:mergeDebugShaders UP-TO-DATE
> Task :react-native-community_slider:compileDebugShaders NO-SOURCE
> Task :react-native-community_slider:generateDebugAssets UP-TO-DATE
> Task :react-native-community_slider:mergeDebugAssets UP-TO-DATE
> Task :react-native-firebase_app:mergeDebugShaders UP-TO-DATE
> Task :react-native-firebase_app:compileDebugShaders NO-SOURCE
> Task :react-native-firebase_app:generateDebugAssets UP-TO-DATE
> Task :react-native-firebase_app:mergeDebugAssets UP-TO-DATE
> Task :react-native-firebase_messaging:mergeDebugShaders UP-TO-DATE
> Task :react-native-firebase_messaging:compileDebugShaders NO-SOURCE
> Task :react-native-firebase_messaging:generateDebugAssets UP-TO-DATE
> Task :react-native-firebase_messaging:mergeDebugAssets UP-TO-DATE
> Task :react-native-geolocation-service:mergeDebugShaders UP-TO-DATE
> Task :react-native-geolocation-service:compileDebugShaders NO-SOURCE
> Task :react-native-geolocation-service:generateDebugAssets UP-TO-DATE
> Task :react-native-geolocation-service:mergeDebugAssets UP-TO-DATE
> Task :react-native-gesture-handler:mergeDebugShaders UP-TO-DATE
> Task :react-native-gesture-handler:compileDebugShaders NO-SOURCE
> Task :react-native-gesture-handler:generateDebugAssets UP-TO-DATE
> Task :react-native-gesture-handler:mergeDebugAssets UP-TO-DATE
> Task :react-native-image-picker:mergeDebugShaders UP-TO-DATE
> Task :react-native-image-picker:compileDebugShaders NO-SOURCE
> Task :react-native-image-picker:generateDebugAssets UP-TO-DATE
> Task :react-native-image-picker:mergeDebugAssets UP-TO-DATE
> Task :react-native-maps:mergeDebugShaders UP-TO-DATE
> Task :react-native-maps:compileDebugShaders NO-SOURCE
> Task :react-native-maps:generateDebugAssets UP-TO-DATE
> Task :react-native-maps:mergeDebugAssets UP-TO-DATE
> Task :react-native-reanimated:mergeDebugShaders UP-TO-DATE
> Task :react-native-reanimated:compileDebugShaders NO-SOURCE
> Task :react-native-reanimated:generateDebugAssets UP-TO-DATE
> Task :react-native-reanimated:mergeDebugAssets UP-TO-DATE
> Task :react-native-safe-area-context:mergeDebugShaders UP-TO-DATE
> Task :react-native-safe-area-context:compileDebugShaders NO-SOURCE
> Task :react-native-safe-area-context:generateDebugAssets UP-TO-DATE
> Task :react-native-safe-area-context:mergeDebugAssets UP-TO-DATE
> Task :react-native-svg:mergeDebugShaders UP-TO-DATE
> Task :react-native-svg:compileDebugShaders NO-SOURCE
> Task :react-native-svg:generateDebugAssets UP-TO-DATE
> Task :react-native-svg:mergeDebugAssets UP-TO-DATE
> Task :react-native-vector-icons:mergeDebugShaders UP-TO-DATE
> Task :react-native-vector-icons:compileDebugShaders NO-SOURCE
> Task :react-native-vector-icons:generateDebugAssets UP-TO-DATE
> Task :react-native-vector-icons:mergeDebugAssets UP-TO-DATE
> Task :react-native-worklets:mergeDebugShaders UP-TO-DATE
> Task :react-native-worklets:compileDebugShaders NO-SOURCE
> Task :react-native-worklets:generateDebugAssets UP-TO-DATE
> Task :react-native-worklets:mergeDebugAssets UP-TO-DATE
> Task :app:mergeDebugAssets UP-TO-DATE
> Task :app:compressDebugAssets UP-TO-DATE
> Task :react-native-gesture-handler:bundleLibRuntimeToJarDebug UP-TO-DATE
> Task :react-native-maps:bundleLibRuntimeToJarDebug UP-TO-DATE
> Task :react-native-safe-area-context:bundleLibRuntimeToJarDebug UP-TO-DATE
> Task :notifee_react-native:bundleLibRuntimeToJarDebug UP-TO-DATE
> Task :react-native-async-storage_async-storage:bundleLibRuntimeToJarDebug UP-TO-DATE
> Task :react-native-clipboard_clipboard:bundleLibRuntimeToJarDebug UP-TO-DATE
> Task :react-native-community_netinfo:bundleLibRuntimeToJarDebug UP-TO-DATE
> Task :react-native-community_slider:bundleLibRuntimeToJarDebug UP-TO-DATE
> Task :react-native-firebase_messaging:bundleLibRuntimeToJarDebug UP-TO-DATE
> Task :react-native-firebase_app:bundleLibRuntimeToJarDebug UP-TO-DATE
> Task :react-native-geolocation-service:bundleLibRuntimeToJarDebug UP-TO-DATE
> Task :react-native-image-picker:bundleLibRuntimeToJarDebug UP-TO-DATE
> Task :react-native-reanimated:bundleLibRuntimeToJarDebug UP-TO-DATE
> Task :react-native-svg:bundleLibRuntimeToJarDebug UP-TO-DATE
> Task :react-native-vector-icons:bundleLibRuntimeToJarDebug UP-TO-DATE
> Task :react-native-worklets:bundleLibRuntimeToJarDebug UP-TO-DATE
> Task :app:desugarDebugFileDependencies UP-TO-DATE
> Task :app:dexBuilderDebug UP-TO-DATE
> Task :app:mergeDebugGlobalSynthetics UP-TO-DATE
> Task :app:processDebugJavaRes UP-TO-DATE
> Task :notifee_react-native:processDebugJavaRes NO-SOURCE
> Task :react-native-async-storage_async-storage:processDebugJavaRes NO-SOURCE
> Task :react-native-clipboard_clipboard:processDebugJavaRes NO-SOURCE
> Task :react-native-community_netinfo:processDebugJavaRes NO-SOURCE
> Task :react-native-community_slider:processDebugJavaRes NO-SOURCE
> Task :react-native-firebase_app:processDebugJavaRes NO-SOURCE
> Task :react-native-firebase_messaging:processDebugJavaRes NO-SOURCE
> Task :react-native-geolocation-service:processDebugJavaRes NO-SOURCE
> Task :react-native-gesture-handler:processDebugJavaRes UP-TO-DATE
> Task :react-native-image-picker:processDebugJavaRes NO-SOURCE
> Task :react-native-maps:processDebugJavaRes NO-SOURCE
> Task :react-native-reanimated:processDebugJavaRes NO-SOURCE
> Task :react-native-safe-area-context:processDebugJavaRes UP-TO-DATE
> Task :react-native-svg:processDebugJavaRes NO-SOURCE
> Task :react-native-vector-icons:processDebugJavaRes NO-SOURCE
> Task :react-native-worklets:processDebugJavaRes NO-SOURCE
> Task :app:mergeDebugJavaResource UP-TO-DATE
> Task :app:checkDebugDuplicateClasses UP-TO-DATE
> Task :app:mergeExtDexDebug UP-TO-DATE
> Task :react-native-gesture-handler:bundleLibRuntimeToDirDebug UP-TO-DATE
> Task :react-native-maps:bundleLibRuntimeToDirDebug UP-TO-DATE
> Task :react-native-safe-area-context:bundleLibRuntimeToDirDebug UP-TO-DATE
> Task :notifee_react-native:bundleLibRuntimeToDirDebug UP-TO-DATE
> Task :react-native-async-storage_async-storage:bundleLibRuntimeToDirDebug UP-TO-DATE
> Task :react-native-clipboard_clipboard:bundleLibRuntimeToDirDebug UP-TO-DATE
> Task :react-native-community_netinfo:bundleLibRuntimeToDirDebug UP-TO-DATE
> Task :react-native-community_slider:bundleLibRuntimeToDirDebug UP-TO-DATE
> Task :react-native-firebase_messaging:bundleLibRuntimeToDirDebug UP-TO-DATE
> Task :react-native-firebase_app:bundleLibRuntimeToDirDebug UP-TO-DATE
> Task :react-native-geolocation-service:bundleLibRuntimeToDirDebug UP-TO-DATE
> Task :react-native-image-picker:bundleLibRuntimeToDirDebug UP-TO-DATE
> Task :react-native-reanimated:bundleLibRuntimeToDirDebug UP-TO-DATE
> Task :react-native-svg:bundleLibRuntimeToDirDebug UP-TO-DATE
> Task :react-native-vector-icons:bundleLibRuntimeToDirDebug UP-TO-DATE
> Task :react-native-worklets:bundleLibRuntimeToDirDebug UP-TO-DATE
> Task :app:mergeProjectDexDebug UP-TO-DATE
> Task :app:mergeLibDexDebug UP-TO-DATE
> Task :react-native-worklets:configureCMakeDebug[arm64-v8a]

> Task :react-native-worklets:buildCMakeDebug[arm64-v8a][worklets]
C/C++: Hard link from 'C:\Users\bhavy\.gradle\caches\8.13\transforms\27e107dcef1ae24355c1b3e5454a5539\transformed\react-android-0.82.1-debug\prefab\modules\reactnative\libs\android.arm64-v8a\libreactnative.so' to 'D:\AIB Innovations\Tiffsy\Admin App\TiffsyKitchen\node_modules\react-native-worklets\android\build\intermediates\cxx\Debug\553h2u56\obj\arm64-v8a\libreactnative.so' failed. Doing a slower copy instead.
C/C++: Hard link from 'C:\Users\bhavy\.gradle\caches\8.13\transforms\27e107dcef1ae24355c1b3e5454a5539\transformed\react-android-0.82.1-debug\prefab\modules\reactnative\libs\android.arm64-v8a\libreactnative.so' to 'D:\AIB Innovations\Tiffsy\Admin App\TiffsyKitchen\node_modules\react-native-worklets\android\build\intermediates\cxx\Debug\553h2u56\obj\arm64-v8a\libreactnative.so' failed. Doing a slower copy instead.

> Task :react-native-worklets:configureCMakeDebug[armeabi-v7a]

> Task :react-native-worklets:buildCMakeDebug[armeabi-v7a][worklets]
C/C++: Hard link from 'C:\Users\bhavy\.gradle\caches\8.13\transforms\27e107dcef1ae24355c1b3e5454a5539\transformed\react-android-0.82.1-debug\prefab\modules\reactnative\libs\android.armeabi-v7a\libreactnative.so' to 'D:\AIB Innovations\Tiffsy\Admin App\TiffsyKitchen\node_modules\react-native-worklets\android\build\intermediates\cxx\Debug\553h2u56\obj\armeabi-v7a\libreactnative.so' failed. Doing a slower copy instead.
C/C++: Hard link from 'C:\Users\bhavy\.gradle\caches\8.13\transforms\27e107dcef1ae24355c1b3e5454a5539\transformed\react-android-0.82.1-debug\prefab\modules\reactnative\libs\android.armeabi-v7a\libreactnative.so' to 'D:\AIB Innovations\Tiffsy\Admin App\TiffsyKitchen\node_modules\react-native-worklets\android\build\intermediates\cxx\Debug\553h2u56\obj\armeabi-v7a\libreactnative.so' failed. Doing a slower copy instead.

> Task :react-native-worklets:configureCMakeDebug[x86]

> Task :react-native-worklets:buildCMakeDebug[x86][worklets]
C/C++: Hard link from 'C:\Users\bhavy\.gradle\caches\8.13\transforms\27e107dcef1ae24355c1b3e5454a5539\transformed\react-android-0.82.1-debug\prefab\modules\reactnative\libs\android.x86\libreactnative.so' to 'D:\AIB Innovations\Tiffsy\Admin App\TiffsyKitchen\node_modules\react-native-worklets\android\build\intermediates\cxx\Debug\553h2u56\obj\x86\libreactnative.so' failed. Doing a slower copy instead.
C/C++: Hard link from 'C:\Users\bhavy\.gradle\caches\8.13\transforms\27e107dcef1ae24355c1b3e5454a5539\transformed\react-android-0.82.1-debug\prefab\modules\reactnative\libs\android.x86\libreactnative.so' to 'D:\AIB Innovations\Tiffsy\Admin App\TiffsyKitchen\node_modules\react-native-worklets\android\build\intermediates\cxx\Debug\553h2u56\obj\x86\libreactnative.so' failed. Doing a slower copy instead.

> Task :react-native-worklets:configureCMakeDebug[x86_64]

> Task :react-native-worklets:buildCMakeDebug[x86_64][worklets]
C/C++: Hard link from 'C:\Users\bhavy\.gradle\caches\8.13\transforms\27e107dcef1ae24355c1b3e5454a5539\transformed\react-android-0.82.1-debug\prefab\modules\reactnative\libs\android.x86_64\libreactnative.so' to 'D:\AIB Innovations\Tiffsy\Admin App\TiffsyKitchen\node_modules\react-native-worklets\android\build\intermediates\cxx\Debug\553h2u56\obj\x86_64\libreactnative.so' failed. Doing a slower copy instead.
C/C++: Hard link from 'C:\Users\bhavy\.gradle\caches\8.13\transforms\27e107dcef1ae24355c1b3e5454a5539\transformed\react-android-0.82.1-debug\prefab\modules\reactnative\libs\android.x86_64\libreactnative.so' to 'D:\AIB Innovations\Tiffsy\Admin App\TiffsyKitchen\node_modules\react-native-worklets\android\build\intermediates\cxx\Debug\553h2u56\obj\x86_64\libreactnative.so' failed. Doing a slower copy instead.

> Task :react-native-worklets:externalNativeBuildDebug
C/C++: Hard link from 'C:\Users\bhavy\.gradle\caches\8.13\transforms\27e107dcef1ae24355c1b3e5454a5539\transformed\react-android-0.82.1-debug\prefab\modules\reactnative\libs\android.armeabi-v7a\libreactnative.so' to 'D:\AIB Innovations\Tiffsy\Admin App\TiffsyKitchen\node_modules\react-native-worklets\android\build\intermediates\cmake\debug\obj\armeabi-v7a\libreactnative.so' failed. Doing a slower copy instead.
C/C++: Hard link from 'C:\Users\bhavy\.gradle\caches\8.13\transforms\27e107dcef1ae24355c1b3e5454a5539\transformed\react-android-0.82.1-debug\prefab\modules\reactnative\libs\android.armeabi-v7a\libreactnative.so' to 'D:\AIB Innovations\Tiffsy\Admin App\TiffsyKitchen\node_modules\react-native-worklets\android\build\intermediates\cmake\debug\obj\armeabi-v7a\libreactnative.so' failed. Doing a slower copy instead.
C/C++: Hard link from 'C:\Users\bhavy\.gradle\caches\8.13\transforms\27e107dcef1ae24355c1b3e5454a5539\transformed\react-android-0.82.1-debug\prefab\modules\reactnative\libs\android.arm64-v8a\libreactnative.so' to 'D:\AIB Innovations\Tiffsy\Admin App\TiffsyKitchen\node_modules\react-native-worklets\android\build\intermediates\cmake\debug\obj\arm64-v8a\libreactnative.so' failed. Doing a slower copy instead.
C/C++: Hard link from 'C:\Users\bhavy\.gradle\caches\8.13\transforms\27e107dcef1ae24355c1b3e5454a5539\transformed\react-android-0.82.1-debug\prefab\modules\reactnative\libs\android.arm64-v8a\libreactnative.so' to 'D:\AIB Innovations\Tiffsy\Admin App\TiffsyKitchen\node_modules\react-native-worklets\android\build\intermediates\cmake\debug\obj\arm64-v8a\libreactnative.so' failed. Doing a slower copy instead.
C/C++: Hard link from 'C:\Users\bhavy\.gradle\caches\8.13\transforms\27e107dcef1ae24355c1b3e5454a5539\transformed\react-android-0.82.1-debug\prefab\modules\reactnative\libs\android.x86\libreactnative.so' to 'D:\AIB Innovations\Tiffsy\Admin App\TiffsyKitchen\node_modules\react-native-worklets\android\build\intermediates\cmake\debug\obj\x86\libreactnative.so' failed. Doing a slower copy instead.
C/C++: Hard link from 'C:\Users\bhavy\.gradle\caches\8.13\transforms\27e107dcef1ae24355c1b3e5454a5539\transformed\react-android-0.82.1-debug\prefab\modules\reactnative\libs\android.x86\libreactnative.so' to 'D:\AIB Innovations\Tiffsy\Admin App\TiffsyKitchen\node_modules\react-native-worklets\android\build\intermediates\cmake\debug\obj\x86\libreactnative.so' failed. Doing a slower copy instead.
C/C++: Hard link from 'C:\Users\bhavy\.gradle\caches\8.13\transforms\27e107dcef1ae24355c1b3e5454a5539\transformed\react-android-0.82.1-debug\prefab\modules\reactnative\libs\android.x86_64\libreactnative.so' to 'D:\AIB Innovations\Tiffsy\Admin App\TiffsyKitchen\node_modules\react-native-worklets\android\build\intermediates\cmake\debug\obj\x86_64\libreactnative.so' failed. Doing a slower copy instead.
C/C++: Hard link from 'C:\Users\bhavy\.gradle\caches\8.13\transforms\27e107dcef1ae24355c1b3e5454a5539\transformed\react-android-0.82.1-debug\prefab\modules\reactnative\libs\android.x86_64\libreactnative.so' to 'D:\AIB Innovations\Tiffsy\Admin App\TiffsyKitchen\node_modules\react-native-worklets\android\build\intermediates\cmake\debug\obj\x86_64\libreactnative.so' failed. Doing a slower copy instead.

> Task :react-native-worklets:generateJsonModelDebug
> Task :react-native-worklets:prefabDebugConfigurePackage
> Task :react-native-reanimated:configureCMakeDebug[arm64-v8a]
> Task :react-native-reanimated:configureCMakeDebug[armeabi-v7a]
> Task :react-native-reanimated:configureCMakeDebug[x86]
> Task :react-native-reanimated:configureCMakeDebug[x86_64]
> Task :react-native-reanimated:generateJsonModelDebug
> Task :react-native-reanimated:prefabDebugConfigurePackage UP-TO-DATE

> Task :app:configureCMakeDebug[arm64-v8a]
C/C++: CMake Warning in D:/AIB Innovations/Tiffsy/Admin App/TiffsyKitchen/node_modules/react-native-gesture-handler/android/build/generated/source/codegen/jni/CMakeLists.txt:
C/C++:   The object file directory
C/C++:     D:/AIB Innovations/Tiffsy/Admin App/TiffsyKitchen/android/app/.cxx/Debug/1l2h671n/arm64-v8a/rngesturehandler_codegen_autolinked_build/CMakeFiles/react_codegen_rngesturehandler_codegen.dir/./
C/C++:   has 190 characters.  The maximum full path to an object file is 250
C/C++:   characters (see CMAKE_OBJECT_PATH_MAX).  Object file
C/C++:     react/renderer/components/rngesturehandler_codegen/rngesturehandler_codegenJSI-generated.cpp.o
C/C++:   cannot be safely placed under this directory.  The build may not work
C/C++:   correctly.

> Task :react-native-worklets:prefabDebugPackage
> Task :react-native-reanimated:buildCMakeDebug[arm64-v8a][reanimated]
C/C++: Hard link from 'C:\Users\bhavy\.gradle\caches\8.13\transforms\27e107dcef1ae24355c1b3e5454a5539\transformed\react-android-0.82.1-debug\prefab\modules\reactnative\libs\android.arm64-v8a\libreactnative.so' to 'D:\AIB Innovations\Tiffsy\Admin App\TiffsyKitchen\node_modules\react-native-reanimated\android\build\intermediates\cxx\Debug\3z2m391k\obj\arm64-v8a\libreactnative.so' failed. Doing a slower copy instead.
C/C++: Hard link from 'C:\Users\bhavy\.gradle\caches\8.13\transforms\27e107dcef1ae24355c1b3e5454a5539\transformed\react-android-0.82.1-debug\prefab\modules\reactnative\libs\android.arm64-v8a\libreactnative.so' to 'D:\AIB Innovations\Tiffsy\Admin App\TiffsyKitchen\node_modules\react-native-reanimated\android\build\intermediates\cxx\Debug\3z2m391k\obj\arm64-v8a\libreactnative.so' failed. Doing a slower copy instead.

> Task :react-native-reanimated:buildCMakeDebug[armeabi-v7a][reanimated]
C/C++: Hard link from 'C:\Users\bhavy\.gradle\caches\8.13\transforms\27e107dcef1ae24355c1b3e5454a5539\transformed\react-android-0.82.1-debug\prefab\modules\reactnative\libs\android.armeabi-v7a\libreactnative.so' to 'D:\AIB Innovations\Tiffsy\Admin App\TiffsyKitchen\node_modules\react-native-reanimated\android\build\intermediates\cxx\Debug\3z2m391k\obj\armeabi-v7a\libreactnative.so' failed. Doing a slower copy instead.
C/C++: Hard link from 'C:\Users\bhavy\.gradle\caches\8.13\transforms\27e107dcef1ae24355c1b3e5454a5539\transformed\react-android-0.82.1-debug\prefab\modules\reactnative\libs\android.armeabi-v7a\libreactnative.so' to 'D:\AIB Innovations\Tiffsy\Admin App\TiffsyKitchen\node_modules\react-native-reanimated\android\build\intermediates\cxx\Debug\3z2m391k\obj\armeabi-v7a\libreactnative.so' failed. Doing a slower copy instead.

> Task :react-native-reanimated:buildCMakeDebug[x86][reanimated]
C/C++: Hard link from 'C:\Users\bhavy\.gradle\caches\8.13\transforms\27e107dcef1ae24355c1b3e5454a5539\transformed\react-android-0.82.1-debug\prefab\modules\reactnative\libs\android.x86\libreactnative.so' to 'D:\AIB Innovations\Tiffsy\Admin App\TiffsyKitchen\node_modules\react-native-reanimated\android\build\intermediates\cxx\Debug\3z2m391k\obj\x86\libreactnative.so' failed. Doing a slower copy instead.
C/C++: Hard link from 'C:\Users\bhavy\.gradle\caches\8.13\transforms\27e107dcef1ae24355c1b3e5454a5539\transformed\react-android-0.82.1-debug\prefab\modules\reactnative\libs\android.x86\libreactnative.so' to 'D:\AIB Innovations\Tiffsy\Admin App\TiffsyKitchen\node_modules\react-native-reanimated\android\build\intermediates\cxx\Debug\3z2m391k\obj\x86\libreactnative.so' failed. Doing a slower copy instead.

> Task :react-native-reanimated:buildCMakeDebug[x86_64][reanimated]
C/C++: Hard link from 'C:\Users\bhavy\.gradle\caches\8.13\transforms\27e107dcef1ae24355c1b3e5454a5539\transformed\react-android-0.82.1-debug\prefab\modules\reactnative\libs\android.x86_64\libreactnative.so' to 'D:\AIB Innovations\Tiffsy\Admin App\TiffsyKitchen\node_modules\react-native-reanimated\android\build\intermediates\cxx\Debug\3z2m391k\obj\x86_64\libreactnative.so' failed. Doing a slower copy instead.
C/C++: Hard link from 'C:\Users\bhavy\.gradle\caches\8.13\transforms\27e107dcef1ae24355c1b3e5454a5539\transformed\react-android-0.82.1-debug\prefab\modules\reactnative\libs\android.x86_64\libreactnative.so' to 'D:\AIB Innovations\Tiffsy\Admin App\TiffsyKitchen\node_modules\react-native-reanimated\android\build\intermediates\cxx\Debug\3z2m391k\obj\x86_64\libreactnative.so' failed. Doing a slower copy instead.

> Task :react-native-worklets:mergeDebugJniLibFolders
> Task :react-native-worklets:mergeDebugNativeLibs

> Task :app:configureCMakeDebug[armeabi-v7a]
C/C++: CMake Warning in D:/AIB Innovations/Tiffsy/Admin App/TiffsyKitchen/node_modules/react-native-gesture-handler/android/build/generated/source/codegen/jni/CMakeLists.txt:
C/C++:   The object file directory
C/C++:     D:/AIB Innovations/Tiffsy/Admin App/TiffsyKitchen/android/app/.cxx/Debug/1l2h671n/armeabi-v7a/rngesturehandler_codegen_autolinked_build/CMakeFiles/react_codegen_rngesturehandler_codegen.dir/./
C/C++:   has 192 characters.  The maximum full path to an object file is 250
C/C++:   characters (see CMAKE_OBJECT_PATH_MAX).  Object file
C/C++:     react/renderer/components/rngesturehandler_codegen/ComponentDescriptors.cpp.o
C/C++:   cannot be safely placed under this directory.  The build may not work
C/C++:   correctly.

> Task :react-native-worklets:copyDebugJniLibsProjectOnly

> Task :app:configureCMakeDebug[x86]
C/C++: CMake Warning in D:/AIB Innovations/Tiffsy/Admin App/TiffsyKitchen/node_modules/react-native-gesture-handler/android/build/generated/source/codegen/jni/CMakeLists.txt:
C/C++:   The object file directory
C/C++:     D:/AIB Innovations/Tiffsy/Admin App/TiffsyKitchen/android/app/.cxx/Debug/1l2h671n/x86/rngesturehandler_codegen_autolinked_build/CMakeFiles/react_codegen_rngesturehandler_codegen.dir/./
C/C++:   has 184 characters.  The maximum full path to an object file is 250
C/C++:   characters (see CMAKE_OBJECT_PATH_MAX).  Object file
C/C++:     react/renderer/components/rngesturehandler_codegen/rngesturehandler_codegenJSI-generated.cpp.o
C/C++:   cannot be safely placed under this directory.  The build may not work
C/C++:   correctly.

> Task :react-native-reanimated:externalNativeBuildDebug
C/C++: Hard link from 'C:\Users\bhavy\.gradle\caches\8.13\transforms\27e107dcef1ae24355c1b3e5454a5539\transformed\react-android-0.82.1-debug\prefab\modules\reactnative\libs\android.armeabi-v7a\libreactnative.so' to 'D:\AIB Innovations\Tiffsy\Admin App\TiffsyKitchen\node_modules\react-native-reanimated\android\build\intermediates\cmake\debug\obj\armeabi-v7a\libreactnative.so' failed. Doing a slower copy instead.
C/C++: Hard link from 'C:\Users\bhavy\.gradle\caches\8.13\transforms\27e107dcef1ae24355c1b3e5454a5539\transformed\react-android-0.82.1-debug\prefab\modules\reactnative\libs\android.armeabi-v7a\libreactnative.so' to 'D:\AIB Innovations\Tiffsy\Admin App\TiffsyKitchen\node_modules\react-native-reanimated\android\build\intermediates\cmake\debug\obj\armeabi-v7a\libreactnative.so' failed. Doing a slower copy instead.
C/C++: Hard link from 'C:\Users\bhavy\.gradle\caches\8.13\transforms\27e107dcef1ae24355c1b3e5454a5539\transformed\react-android-0.82.1-debug\prefab\modules\reactnative\libs\android.arm64-v8a\libreactnative.so' to 'D:\AIB Innovations\Tiffsy\Admin App\TiffsyKitchen\node_modules\react-native-reanimated\android\build\intermediates\cmake\debug\obj\arm64-v8a\libreactnative.so' failed. Doing a slower copy instead.
C/C++: Hard link from 'C:\Users\bhavy\.gradle\caches\8.13\transforms\27e107dcef1ae24355c1b3e5454a5539\transformed\react-android-0.82.1-debug\prefab\modules\reactnative\libs\android.arm64-v8a\libreactnative.so' to 'D:\AIB Innovations\Tiffsy\Admin App\TiffsyKitchen\node_modules\react-native-reanimated\android\build\intermediates\cmake\debug\obj\arm64-v8a\libreactnative.so' failed. Doing a slower copy instead.
C/C++: Hard link from 'C:\Users\bhavy\.gradle\caches\8.13\transforms\27e107dcef1ae24355c1b3e5454a5539\transformed\react-android-0.82.1-debug\prefab\modules\reactnative\libs\android.x86\libreactnative.so' to 'D:\AIB Innovations\Tiffsy\Admin App\TiffsyKitchen\node_modules\react-native-reanimated\android\build\intermediates\cmake\debug\obj\x86\libreactnative.so' failed. Doing a slower copy instead.
C/C++: Hard link from 'C:\Users\bhavy\.gradle\caches\8.13\transforms\27e107dcef1ae24355c1b3e5454a5539\transformed\react-android-0.82.1-debug\prefab\modules\reactnative\libs\android.x86\libreactnative.so' to 'D:\AIB Innovations\Tiffsy\Admin App\TiffsyKitchen\node_modules\react-native-reanimated\android\build\intermediates\cmake\debug\obj\x86\libreactnative.so' failed. Doing a slower copy instead.
C/C++: Hard link from 'C:\Users\bhavy\.gradle\caches\8.13\transforms\27e107dcef1ae24355c1b3e5454a5539\transformed\react-android-0.82.1-debug\prefab\modules\reactnative\libs\android.x86_64\libreactnative.so' to 'D:\AIB Innovations\Tiffsy\Admin App\TiffsyKitchen\node_modules\react-native-reanimated\android\build\intermediates\cmake\debug\obj\x86_64\libreactnative.so' failed. Doing a slower copy instead.
C/C++: Hard link from 'C:\Users\bhavy\.gradle\caches\8.13\transforms\27e107dcef1ae24355c1b3e5454a5539\transformed\react-android-0.82.1-debug\prefab\modules\reactnative\libs\android.x86_64\libreactnative.so' to 'D:\AIB Innovations\Tiffsy\Admin App\TiffsyKitchen\node_modules\react-native-reanimated\android\build\intermediates\cmake\debug\obj\x86_64\libreactnative.so' failed. Doing a slower copy instead.

> Task :react-native-reanimated:prefabDebugPackage
> Task :app:buildCMakeDebug[arm64-v8a]
C/C++: Hard link from 'C:\Users\bhavy\.gradle\caches\8.13\transforms\27e107dcef1ae24355c1b3e5454a5539\transformed\react-android-0.82.1-debug\prefab\modules\reactnative\libs\android.arm64-v8a\libreactnative.so' to 'D:\AIB Innovations\Tiffsy\Admin App\TiffsyKitchen\android\app\build\intermediates\cxx\Debug\1l2h671n\obj\arm64-v8a\libreactnative.so' failed. Doing a slower copy instead.
C/C++: Hard link from 'C:\Users\bhavy\.gradle\caches\8.13\transforms\27e107dcef1ae24355c1b3e5454a5539\transformed\react-android-0.82.1-debug\prefab\modules\reactnative\libs\android.arm64-v8a\libreactnative.so' to 'D:\AIB Innovations\Tiffsy\Admin App\TiffsyKitchen\android\app\build\intermediates\cxx\Debug\1l2h671n\obj\arm64-v8a\libreactnative.so' failed. Doing a slower copy instead.

> Task :app:buildCMakeDebug[armeabi-v7a]
C/C++: Hard link from 'C:\Users\bhavy\.gradle\caches\8.13\transforms\27e107dcef1ae24355c1b3e5454a5539\transformed\react-android-0.82.1-debug\prefab\modules\reactnative\libs\android.armeabi-v7a\libreactnative.so' to 'D:\AIB Innovations\Tiffsy\Admin App\TiffsyKitchen\android\app\build\intermediates\cxx\Debug\1l2h671n\obj\armeabi-v7a\libreactnative.so' failed. Doing a slower copy instead.
C/C++: Hard link from 'C:\Users\bhavy\.gradle\caches\8.13\transforms\27e107dcef1ae24355c1b3e5454a5539\transformed\react-android-0.82.1-debug\prefab\modules\reactnative\libs\android.armeabi-v7a\libreactnative.so' to 'D:\AIB Innovations\Tiffsy\Admin App\TiffsyKitchen\android\app\build\intermediates\cxx\Debug\1l2h671n\obj\armeabi-v7a\libreactnative.so' failed. Doing a slower copy instead.

> Task :app:buildCMakeDebug[x86]
C/C++: Hard link from 'C:\Users\bhavy\.gradle\caches\8.13\transforms\27e107dcef1ae24355c1b3e5454a5539\transformed\react-android-0.82.1-debug\prefab\modules\reactnative\libs\android.x86\libreactnative.so' to 'D:\AIB Innovations\Tiffsy\Admin App\TiffsyKitchen\android\app\build\intermediates\cxx\Debug\1l2h671n\obj\x86\libreactnative.so' failed. Doing a slower copy instead.
C/C++: Hard link from 'C:\Users\bhavy\.gradle\caches\8.13\transforms\27e107dcef1ae24355c1b3e5454a5539\transformed\react-android-0.82.1-debug\prefab\modules\reactnative\libs\android.x86\libreactnative.so' to 'D:\AIB Innovations\Tiffsy\Admin App\TiffsyKitchen\android\app\build\intermediates\cxx\Debug\1l2h671n\obj\x86\libreactnative.so' failed. Doing a slower copy instead.

> Task :app:configureCMakeDebug[x86_64]
C/C++: CMake Warning in D:/AIB Innovations/Tiffsy/Admin App/TiffsyKitchen/node_modules/react-native-gesture-handler/android/build/generated/source/codegen/jni/CMakeLists.txt:
C/C++:   The object file directory
C/C++:     D:/AIB Innovations/Tiffsy/Admin App/TiffsyKitchen/android/app/.cxx/Debug/1l2h671n/x86_64/rngesturehandler_codegen_autolinked_build/CMakeFiles/react_codegen_rngesturehandler_codegen.dir/./
C/C++:   has 187 characters.  The maximum full path to an object file is 250
C/C++:   characters (see CMAKE_OBJECT_PATH_MAX).  Object file
C/C++:     react/renderer/components/rngesturehandler_codegen/rngesturehandler_codegenJSI-generated.cpp.o
C/C++:   cannot be safely placed under this directory.  The build may not work
C/C++:   correctly.

> Task :app:buildCMakeDebug[x86_64]
C/C++: Hard link from 'C:\Users\bhavy\.gradle\caches\8.13\transforms\27e107dcef1ae24355c1b3e5454a5539\transformed\react-android-0.82.1-debug\prefab\modules\reactnative\libs\android.x86_64\libreactnative.so' to 'D:\AIB Innovations\Tiffsy\Admin App\TiffsyKitchen\android\app\build\intermediates\cxx\Debug\1l2h671n\obj\x86_64\libreactnative.so' failed. Doing a slower copy instead.
C/C++: Hard link from 'C:\Users\bhavy\.gradle\caches\8.13\transforms\27e107dcef1ae24355c1b3e5454a5539\transformed\react-android-0.82.1-debug\prefab\modules\reactnative\libs\android.x86_64\libreactnative.so' to 'D:\AIB Innovations\Tiffsy\Admin App\TiffsyKitchen\android\app\build\intermediates\cxx\Debug\1l2h671n\obj\x86_64\libreactnative.so' failed. Doing a slower copy instead.

> Task :app:mergeDebugJniLibFolders
> Task :notifee_react-native:mergeDebugJniLibFolders
> Task :notifee_react-native:mergeDebugNativeLibs NO-SOURCE
> Task :notifee_react-native:copyDebugJniLibsProjectOnly
> Task :react-native-async-storage_async-storage:mergeDebugJniLibFolders
> Task :react-native-async-storage_async-storage:mergeDebugNativeLibs NO-SOURCE
> Task :react-native-async-storage_async-storage:copyDebugJniLibsProjectOnly
> Task :react-native-clipboard_clipboard:mergeDebugJniLibFolders
> Task :react-native-clipboard_clipboard:mergeDebugNativeLibs NO-SOURCE
> Task :react-native-clipboard_clipboard:copyDebugJniLibsProjectOnly
> Task :react-native-community_netinfo:mergeDebugJniLibFolders
> Task :react-native-community_netinfo:mergeDebugNativeLibs NO-SOURCE
> Task :react-native-community_netinfo:copyDebugJniLibsProjectOnly
> Task :react-native-community_slider:mergeDebugJniLibFolders
> Task :react-native-community_slider:mergeDebugNativeLibs NO-SOURCE
> Task :react-native-community_slider:copyDebugJniLibsProjectOnly
> Task :react-native-firebase_app:mergeDebugJniLibFolders
> Task :react-native-firebase_app:mergeDebugNativeLibs NO-SOURCE
> Task :react-native-firebase_app:copyDebugJniLibsProjectOnly
> Task :react-native-firebase_messaging:mergeDebugJniLibFolders
> Task :react-native-firebase_messaging:mergeDebugNativeLibs NO-SOURCE
> Task :react-native-firebase_messaging:copyDebugJniLibsProjectOnly
> Task :react-native-geolocation-service:mergeDebugJniLibFolders
> Task :react-native-geolocation-service:mergeDebugNativeLibs NO-SOURCE
> Task :react-native-geolocation-service:copyDebugJniLibsProjectOnly
> Task :react-native-gesture-handler:configureCMakeDebug[arm64-v8a]

> Task :react-native-gesture-handler:buildCMakeDebug[arm64-v8a]
C/C++: Hard link from 'C:\Users\bhavy\.gradle\caches\8.13\transforms\27e107dcef1ae24355c1b3e5454a5539\transformed\react-android-0.82.1-debug\prefab\modules\reactnative\libs\android.arm64-v8a\libreactnative.so' to 'D:\AIB Innovations\Tiffsy\Admin App\TiffsyKitchen\node_modules\react-native-gesture-handler\android\build\intermediates\cxx\Debug\1g6c6e56\obj\arm64-v8a\libreactnative.so' failed. Doing a slower copy instead.
C/C++: Hard link from 'C:\Users\bhavy\.gradle\caches\8.13\transforms\27e107dcef1ae24355c1b3e5454a5539\transformed\react-android-0.82.1-debug\prefab\modules\reactnative\libs\android.arm64-v8a\libreactnative.so' to 'D:\AIB Innovations\Tiffsy\Admin App\TiffsyKitchen\node_modules\react-native-gesture-handler\android\build\intermediates\cxx\Debug\1g6c6e56\obj\arm64-v8a\libreactnative.so' failed. Doing a slower copy instead.

> Task :react-native-gesture-handler:configureCMakeDebug[armeabi-v7a]

> Task :react-native-gesture-handler:buildCMakeDebug[armeabi-v7a]
C/C++: Hard link from 'C:\Users\bhavy\.gradle\caches\8.13\transforms\27e107dcef1ae24355c1b3e5454a5539\transformed\react-android-0.82.1-debug\prefab\modules\reactnative\libs\android.armeabi-v7a\libreactnative.so' to 'D:\AIB Innovations\Tiffsy\Admin App\TiffsyKitchen\node_modules\react-native-gesture-handler\android\build\intermediates\cxx\Debug\1g6c6e56\obj\armeabi-v7a\libreactnative.so' failed. Doing a slower copy instead.
C/C++: Hard link from 'C:\Users\bhavy\.gradle\caches\8.13\transforms\27e107dcef1ae24355c1b3e5454a5539\transformed\react-android-0.82.1-debug\prefab\modules\reactnative\libs\android.armeabi-v7a\libreactnative.so' to 'D:\AIB Innovations\Tiffsy\Admin App\TiffsyKitchen\node_modules\react-native-gesture-handler\android\build\intermediates\cxx\Debug\1g6c6e56\obj\armeabi-v7a\libreactnative.so' failed. Doing a slower copy instead.

> Task :react-native-gesture-handler:configureCMakeDebug[x86]

> Task :react-native-gesture-handler:buildCMakeDebug[x86]
C/C++: Hard link from 'C:\Users\bhavy\.gradle\caches\8.13\transforms\27e107dcef1ae24355c1b3e5454a5539\transformed\react-android-0.82.1-debug\prefab\modules\reactnative\libs\android.x86\libreactnative.so' to 'D:\AIB Innovations\Tiffsy\Admin App\TiffsyKitchen\node_modules\react-native-gesture-handler\android\build\intermediates\cxx\Debug\1g6c6e56\obj\x86\libreactnative.so' failed. Doing a slower copy instead.
C/C++: Hard link from 'C:\Users\bhavy\.gradle\caches\8.13\transforms\27e107dcef1ae24355c1b3e5454a5539\transformed\react-android-0.82.1-debug\prefab\modules\reactnative\libs\android.x86\libreactnative.so' to 'D:\AIB Innovations\Tiffsy\Admin App\TiffsyKitchen\node_modules\react-native-gesture-handler\android\build\intermediates\cxx\Debug\1g6c6e56\obj\x86\libreactnative.so' failed. Doing a slower copy instead.

> Task :react-native-gesture-handler:configureCMakeDebug[x86_64]

> Task :react-native-gesture-handler:buildCMakeDebug[x86_64]
C/C++: Hard link from 'C:\Users\bhavy\.gradle\caches\8.13\transforms\27e107dcef1ae24355c1b3e5454a5539\transformed\react-android-0.82.1-debug\prefab\modules\reactnative\libs\android.x86_64\libreactnative.so' to 'D:\AIB Innovations\Tiffsy\Admin App\TiffsyKitchen\node_modules\react-native-gesture-handler\android\build\intermediates\cxx\Debug\1g6c6e56\obj\x86_64\libreactnative.so' failed. Doing a slower copy instead.
C/C++: Hard link from 'C:\Users\bhavy\.gradle\caches\8.13\transforms\27e107dcef1ae24355c1b3e5454a5539\transformed\react-android-0.82.1-debug\prefab\modules\reactnative\libs\android.x86_64\libreactnative.so' to 'D:\AIB Innovations\Tiffsy\Admin App\TiffsyKitchen\node_modules\react-native-gesture-handler\android\build\intermediates\cxx\Debug\1g6c6e56\obj\x86_64\libreactnative.so' failed. Doing a slower copy instead.

> Task :react-native-gesture-handler:mergeDebugJniLibFolders
> Task :react-native-image-picker:mergeDebugJniLibFolders
> Task :react-native-image-picker:mergeDebugNativeLibs NO-SOURCE
> Task :react-native-image-picker:copyDebugJniLibsProjectOnly
> Task :react-native-maps:mergeDebugJniLibFolders
> Task :react-native-maps:mergeDebugNativeLibs NO-SOURCE
> Task :react-native-maps:copyDebugJniLibsProjectOnly
> Task :react-native-reanimated:mergeDebugJniLibFolders
> Task :react-native-gesture-handler:mergeDebugNativeLibs
> Task :react-native-gesture-handler:copyDebugJniLibsProjectOnly
> Task :react-native-safe-area-context:mergeDebugJniLibFolders
> Task :react-native-safe-area-context:mergeDebugNativeLibs NO-SOURCE
> Task :react-native-safe-area-context:copyDebugJniLibsProjectOnly
> Task :react-native-svg:mergeDebugJniLibFolders
> Task :react-native-svg:mergeDebugNativeLibs NO-SOURCE
> Task :react-native-svg:copyDebugJniLibsProjectOnly
> Task :react-native-vector-icons:mergeDebugJniLibFolders
> Task :react-native-vector-icons:mergeDebugNativeLibs NO-SOURCE
> Task :react-native-vector-icons:copyDebugJniLibsProjectOnly
> Task :app:validateSigningDebug
> Task :app:writeDebugAppMetadata
> Task :app:writeDebugSigningConfigVersions
> Task :react-native-reanimated:mergeDebugNativeLibs
> Task :react-native-reanimated:copyDebugJniLibsProjectOnly
> Task :app:mergeDebugNativeLibs
> Task :app:stripDebugDebugSymbols
> Task :app:packageDebug
> Task :app:createDebugApkListingFileRedirect

> Task :app:installDebug
Installing APK 'app-debug.apk' on 'motorola edge 50 fusion - 16' for :app:debug
Installed on 1 device.

[Incubating] Problems report is available at: file:///D:/AIB%20Innovations/Tiffsy/Admin%20App/TiffsyKitchen/android/build/reports/problems/problems-report.html

Deprecated Gradle features were used in this build, making it incompatible with Gradle 9.0.

You can use '--warning-mode all' to show the individual deprecation warnings and determine if they come from your own scripts or plugins.

For more on this, please refer to https://docs.gradle.org/8.13/userguide/command_line_interface.html#sec:command_line_warnings in the Gradle documentation.

BUILD SUCCESSFUL in 12m 54s
427 actionable tasks: 84 executed, 343 up-to-date
