Starting a Gradle Daemon, 1 incompatible Daemon could not be reused, use --status for details
> Task :gradle-plugin:settings-plugin:checkKotlinGradlePluginConfigurationErrors SKIPPED
> Task :gradle-plugin:shared:checkKotlinGradlePluginConfigurationErrors SKIPPED
> Task :gradle-plugin:shared:processResources NO-SOURCE
> Task :gradle-plugin:settings-plugin:pluginDescriptors
> Task :gradle-plugin:settings-plugin:processResources
> Task :gradle-plugin:shared:compileKotlin
> Task :gradle-plugin:shared:compileJava NO-SOURCE
> Task :gradle-plugin:shared:classes UP-TO-DATE
> Task :gradle-plugin:shared:jar
> Task :gradle-plugin:settings-plugin:compileKotlin
> Task :gradle-plugin:settings-plugin:compileJava NO-SOURCE
> Task :gradle-plugin:settings-plugin:classes
> Task :gradle-plugin:settings-plugin:jar
> Task :gradle-plugin:react-native-gradle-plugin:checkKotlinGradlePluginConfigurationErrors SKIPPED
> Task :gradle-plugin:react-native-gradle-plugin:pluginDescriptors
> Task :gradle-plugin:react-native-gradle-plugin:processResources
> Task :gradle-plugin:react-native-gradle-plugin:compileKotlin
> Task :gradle-plugin:react-native-gradle-plugin:compileJava NO-SOURCE
> Task :gradle-plugin:react-native-gradle-plugin:classes
> Task :gradle-plugin:react-native-gradle-plugin:jar

> Configure project :notifee_react-native
:notifee_react-native @notifee/react-native found at D:\AIB Innovations\Tiffsy\Admin App\TiffsyKitchen\node_modules\@notifee\react-native
:notifee_react-native package.json found at D:\AIB Innovations\Tiffsy\Admin App\TiffsyKitchen\node_modules\@notifee\react-native\package.json
:notifee_react-native:version set from package.json: 9.1.8 (9,1,8 - 9001008)
:notifee_react-native:android.compileSdk using custom value: 36
:notifee_react-native:android.targetSdk using custom value: 36
:notifee_react-native:android.minSdk using custom value: 24
:notifee_react-native:reactNativeAndroidDir D:\AIB Innovations\Tiffsy\Admin App\TiffsyKitchen\node_modules\react-native

> Configure project :react-native-firebase_app
:react-native-firebase_app package.json found at D:\AIB Innovations\Tiffsy\Admin App\TiffsyKitchen\node_modules\@react-native-firebase\app\package.json
:react-native-firebase_app:firebase.bom using default value: 34.6.0
:react-native-firebase_app:play.play-services-auth using default value: 21.4.0
:react-native-firebase_app package.json found at D:\AIB Innovations\Tiffsy\Admin App\TiffsyKitchen\node_modules\@react-native-firebase\app\package.json
:react-native-firebase_app:version set from package.json: 23.7.0 (23,7,0 - 23007000)
:react-native-firebase_app:android.compileSdk using custom value: 36
:react-native-firebase_app:android.targetSdk using custom value: 36
:react-native-firebase_app:android.minSdk using custom value: 24
:react-native-firebase_app:reactNativeAndroidDir D:\AIB Innovations\Tiffsy\Admin App\TiffsyKitchen\node_modules\react-native

> Configure project :react-native-firebase_messaging
:react-native-firebase_messaging package.json found at D:\AIB Innovations\Tiffsy\Admin App\TiffsyKitchen\node_modules\@react-native-firebase\messaging\package.json
:react-native-firebase_app package.json found at D:\AIB Innovations\Tiffsy\Admin App\TiffsyKitchen\node_modules\@react-native-firebase\app\package.json
:react-native-firebase_messaging:firebase.bom using default value: 34.6.0
:react-native-firebase_messaging package.json found at D:\AIB Innovations\Tiffsy\Admin App\TiffsyKitchen\node_modules\@react-native-firebase\messaging\package.json
:react-native-firebase_messaging:version set from package.json: 23.7.0 (23,7,0 - 23007000)
:react-native-firebase_messaging:android.compileSdk using custom value: 36
:react-native-firebase_messaging:android.targetSdk using custom value: 36
:react-native-firebase_messaging:android.minSdk using custom value: 24
:react-native-firebase_messaging:reactNativeAndroidDir D:\AIB Innovations\Tiffsy\Admin App\TiffsyKitchen\node_modules\react-native

> Task :app:generateAutolinkingNewArchitectureFiles
> Task :app:generateAutolinkingPackageList
> Task :app:generateCodegenSchemaFromJavaScript SKIPPED
> Task :app:generateCodegenArtifactsFromSchema SKIPPED
> Task :app:generateReactNativeEntryPoint
> Task :notifee_react-native:preBuild UP-TO-DATE
> Task :react-native-async-storage_async-storage:generateCodegenSchemaFromJavaScript
> Task :react-native-async-storage_async-storage:generateCodegenArtifactsFromSchema
> Task :react-native-async-storage_async-storage:preBuild
> Task :react-native-clipboard_clipboard:generateCodegenSchemaFromJavaScript
> Task :react-native-clipboard_clipboard:generateCodegenArtifactsFromSchema
> Task :react-native-clipboard_clipboard:preBuild
> Task :react-native-community_netinfo:preBuild UP-TO-DATE
> Task :react-native-community_slider:generateCodegenSchemaFromJavaScript
> Task :react-native-community_slider:generateCodegenArtifactsFromSchema
> Task :react-native-community_slider:preBuild
> Task :react-native-firebase_app:preBuild UP-TO-DATE
> Task :react-native-firebase_messaging:preBuild UP-TO-DATE
> Task :react-native-geolocation-service:preBuild UP-TO-DATE
> Task :react-native-gesture-handler:generateCodegenSchemaFromJavaScript
> Task :react-native-gesture-handler:generateCodegenArtifactsFromSchema
> Task :react-native-gesture-handler:preBuild
> Task :react-native-image-picker:generateCodegenSchemaFromJavaScript
> Task :react-native-image-picker:generateCodegenArtifactsFromSchema
> Task :react-native-image-picker:preBuild
> Task :react-native-maps:generateCodegenSchemaFromJavaScript SKIPPED
> Task :react-native-maps:generateCodegenArtifactsFromSchema SKIPPED
> Task :react-native-maps:preBuild UP-TO-DATE
> Task :react-native-reanimated:assertMinimalReactNativeVersionTask
> Task :react-native-reanimated:assertNewArchitectureEnabledTask SKIPPED
> Task :react-native-reanimated:assertWorkletsVersionTask
> Task :react-native-reanimated:generateCodegenSchemaFromJavaScript
> Task :react-native-reanimated:generateCodegenArtifactsFromSchema
> Task :react-native-reanimated:prepareReanimatedHeadersForPrefabs
> Task :react-native-reanimated:preBuild
> Task :react-native-safe-area-context:generateCodegenSchemaFromJavaScript
> Task :react-native-safe-area-context:generateCodegenArtifactsFromSchema
> Task :react-native-safe-area-context:preBuild
> Task :react-native-svg:generateCodegenSchemaFromJavaScript
> Task :react-native-svg:generateCodegenArtifactsFromSchema
> Task :react-native-svg:preBuild
> Task :react-native-vector-icons:generateCodegenSchemaFromJavaScript
> Task :react-native-vector-icons:generateCodegenArtifactsFromSchema
> Task :react-native-vector-icons:preBuild
> Task :react-native-worklets:assertMinimalReactNativeVersionTask
> Task :react-native-worklets:assertNewArchitectureEnabledTask SKIPPED
> Task :react-native-worklets:generateCodegenSchemaFromJavaScript
> Task :react-native-worklets:generateCodegenArtifactsFromSchema
> Task :react-native-worklets:prepareWorkletsHeadersForPrefabs
> Task :react-native-worklets:preBuild
> Task :app:preBuild
> Task :app:preReleaseBuild
> Task :react-native-reanimated:preReleaseBuild
> Task :react-native-worklets:preReleaseBuild
> Task :react-native-worklets:configureCMakeRelWithDebInfo[arm64-v8a]
> Task :react-native-worklets:buildCMakeRelWithDebInfo[arm64-v8a][worklets]
C/C++: Hard link from 'C:\Users\bhavy\.gradle\caches\9.0.0\transforms\de7595eebea4a477b4a9c738b9d125ca\transformed\react-android-0.82.1-release\prefab\modules\reactnative\libs\android.arm64-v8a\libreactnative.so' to 'D:\AIB Innovations\Tiffsy\Admin App\TiffsyKitchen\node_modules\react-native-worklets\android\build\intermediates\cxx\RelWithDebInfo\5o3d1gu6\obj\arm64-v8a\libreactnative.so' failed. Doing a slower copy instead.
C/C++: Hard link from 'C:\Users\bhavy\.gradle\caches\9.0.0\transforms\de7595eebea4a477b4a9c738b9d125ca\transformed\react-android-0.82.1-release\prefab\modules\reactnative\libs\android.arm64-v8a\libreactnative.so' to 'D:\AIB Innovations\Tiffsy\Admin App\TiffsyKitchen\node_modules\react-native-worklets\android\build\intermediates\cxx\RelWithDebInfo\5o3d1gu6\obj\arm64-v8a\libreactnative.so' failed. Doing a slower copy instead.

> Task :react-native-worklets:configureCMakeRelWithDebInfo[armeabi-v7a]
> Task :react-native-worklets:buildCMakeRelWithDebInfo[armeabi-v7a][worklets]
> Task :react-native-worklets:configureCMakeRelWithDebInfo[x86]
> Task :react-native-worklets:buildCMakeRelWithDebInfo[x86][worklets]
> Task :react-native-worklets:configureCMakeRelWithDebInfo[x86_64]
> Task :react-native-worklets:buildCMakeRelWithDebInfo[x86_64][worklets]

> Task :react-native-worklets:externalNativeBuildRelease
C/C++: Hard link from 'C:\Users\bhavy\.gradle\caches\9.0.0\transforms\de7595eebea4a477b4a9c738b9d125ca\transformed\react-android-0.82.1-release\prefab\modules\reactnative\libs\android.arm64-v8a\libreactnative.so' to 'D:\AIB Innovations\Tiffsy\Admin App\TiffsyKitchen\node_modules\react-native-worklets\android\build\intermediates\cmake\release\obj\arm64-v8a\libreactnative.so' failed. Doing a slower copy instead.
C/C++: Hard link from 'C:\Users\bhavy\.gradle\caches\9.0.0\transforms\de7595eebea4a477b4a9c738b9d125ca\transformed\react-android-0.82.1-release\prefab\modules\reactnative\libs\android.arm64-v8a\libreactnative.so' to 'D:\AIB Innovations\Tiffsy\Admin App\TiffsyKitchen\node_modules\react-native-worklets\android\build\intermediates\cmake\release\obj\arm64-v8a\libreactnative.so' failed. Doing a slower copy instead.

> Task :react-native-worklets:generateJsonModelRelease
> Task :react-native-worklets:prefabReleaseConfigurePackage
> Task :react-native-reanimated:configureCMakeRelWithDebInfo[arm64-v8a]
> Task :react-native-reanimated:configureCMakeRelWithDebInfo[armeabi-v7a]
> Task :react-native-reanimated:configureCMakeRelWithDebInfo[x86]
> Task :react-native-reanimated:configureCMakeRelWithDebInfo[x86_64]
> Task :react-native-reanimated:generateJsonModelRelease
> Task :react-native-reanimated:prefabReleaseConfigurePackage

> Task :app:configureCMakeRelWithDebInfo[arm64-v8a]
C/C++: CMake Warning in D:/AIB Innovations/Tiffsy/Admin App/TiffsyKitchen/node_modules/react-native-gesture-handler/android/build/generated/source/codegen/jni/CMakeLists.txt:
C/C++:   The object file directory
C/C++:     D:/AIB Innovations/Tiffsy/Admin App/TiffsyKitchen/android/app/.cxx/RelWithDebInfo/1b6s1t2t/arm64-v8a/rngesturehandler_codegen_autolinked_build/CMakeFiles/react_codegen_rngesturehandler_codegen.dir/./
C/C++:   has 199 characters.  The maximum full path to an object file is 250
C/C++:   characters (see CMAKE_OBJECT_PATH_MAX).  Object file
C/C++:     react/renderer/components/rngesturehandler_codegen/rngesturehandler_codegenJSI-generated.cpp.o
C/C++:   cannot be safely placed under this directory.  The build may not work
C/C++:   correctly.
C/C++: CMake Warning in D:/AIB Innovations/Tiffsy/Admin App/TiffsyKitchen/node_modules/react-native-image-picker/android/build/generated/source/codegen/jni/CMakeLists.txt:
C/C++:   The object file directory
C/C++:     D:/AIB Innovations/Tiffsy/Admin App/TiffsyKitchen/android/app/.cxx/RelWithDebInfo/1b6s1t2t/arm64-v8a/RNImagePickerSpec_autolinked_build/CMakeFiles/react_codegen_RNImagePickerSpec.dir/./
C/C++:   has 185 characters.  The maximum full path to an object file is 250
C/C++:   characters (see CMAKE_OBJECT_PATH_MAX).  Object file
C/C++:     react/renderer/components/RNImagePickerSpec/RNImagePickerSpecJSI-generated.cpp.o
C/C++:   cannot be safely placed under this directory.  The build may not work
C/C++:   correctly.
C/C++: CMake Warning in D:/AIB Innovations/Tiffsy/Admin App/TiffsyKitchen/node_modules/react-native-vector-icons/android/build/generated/source/codegen/jni/CMakeLists.txt:
C/C++:   The object file directory
C/C++:     D:/AIB Innovations/Tiffsy/Admin App/TiffsyKitchen/android/app/.cxx/RelWithDebInfo/1b6s1t2t/arm64-v8a/RNVectorIconsSpec_autolinked_build/CMakeFiles/react_codegen_RNVectorIconsSpec.dir/./
C/C++:   has 185 characters.  The maximum full path to an object file is 250
C/C++:   characters (see CMAKE_OBJECT_PATH_MAX).  Object file
C/C++:     react/renderer/components/RNVectorIconsSpec/RNVectorIconsSpecJSI-generated.cpp.o
C/C++:   cannot be safely placed under this directory.  The build may not work
C/C++:   correctly.

> Task :react-native-worklets:prefabReleasePackage
> Task :react-native-reanimated:buildCMakeRelWithDebInfo[arm64-v8a][reanimated]
C/C++: Hard link from 'C:\Users\bhavy\.gradle\caches\9.0.0\transforms\de7595eebea4a477b4a9c738b9d125ca\transformed\react-android-0.82.1-release\prefab\modules\reactnative\libs\android.arm64-v8a\libreactnative.so' to 'D:\AIB Innovations\Tiffsy\Admin App\TiffsyKitchen\node_modules\react-native-reanimated\android\build\intermediates\cxx\RelWithDebInfo\94c4x6zg\obj\arm64-v8a\libreactnative.so' failed. Doing a slower copy instead.
C/C++: Hard link from 'C:\Users\bhavy\.gradle\caches\9.0.0\transforms\de7595eebea4a477b4a9c738b9d125ca\transformed\react-android-0.82.1-release\prefab\modules\reactnative\libs\android.arm64-v8a\libreactnative.so' to 'D:\AIB Innovations\Tiffsy\Admin App\TiffsyKitchen\node_modules\react-native-reanimated\android\build\intermediates\cxx\RelWithDebInfo\94c4x6zg\obj\arm64-v8a\libreactnative.so' failed. Doing a slower copy instead.

> Task :react-native-reanimated:buildCMakeRelWithDebInfo[armeabi-v7a][reanimated]
> Task :react-native-reanimated:buildCMakeRelWithDebInfo[x86][reanimated]
> Task :react-native-reanimated:buildCMakeRelWithDebInfo[x86_64][reanimated]
> Task :react-native-worklets:mergeReleaseJniLibFolders
> Task :react-native-worklets:mergeReleaseNativeLibs

> Task :app:configureCMakeRelWithDebInfo[armeabi-v7a]
C/C++: CMake Warning in D:/AIB Innovations/Tiffsy/Admin App/TiffsyKitchen/node_modules/react-native-gesture-handler/android/build/generated/source/codegen/jni/CMakeLists.txt:
C/C++:   The object file directory
C/C++:     D:/AIB Innovations/Tiffsy/Admin App/TiffsyKitchen/android/app/.cxx/RelWithDebInfo/1b6s1t2t/armeabi-v7a/rngesturehandler_codegen_autolinked_build/CMakeFiles/react_codegen_rngesturehandler_codegen.dir/./
C/C++:   has 201 characters.  The maximum full path to an object file is 250
C/C++:   characters (see CMAKE_OBJECT_PATH_MAX).  Object file
C/C++:     react/renderer/components/rngesturehandler_codegen/rngesturehandler_codegenJSI-generated.cpp.o
C/C++:   cannot be safely placed under this directory.  The build may not work
C/C++:   correctly.
C/C++: CMake Warning in D:/AIB Innovations/Tiffsy/Admin App/TiffsyKitchen/node_modules/react-native-image-picker/android/build/generated/source/codegen/jni/CMakeLists.txt:
C/C++:   The object file directory
C/C++:     D:/AIB Innovations/Tiffsy/Admin App/TiffsyKitchen/android/app/.cxx/RelWithDebInfo/1b6s1t2t/armeabi-v7a/RNImagePickerSpec_autolinked_build/CMakeFiles/react_codegen_RNImagePickerSpec.dir/./
C/C++:   has 187 characters.  The maximum full path to an object file is 250
C/C++:   characters (see CMAKE_OBJECT_PATH_MAX).  Object file
C/C++:     react/renderer/components/RNImagePickerSpec/RNImagePickerSpecJSI-generated.cpp.o
C/C++:   cannot be safely placed under this directory.  The build may not work
C/C++:   correctly.
C/C++: CMake Warning in D:/AIB Innovations/Tiffsy/Admin App/TiffsyKitchen/node_modules/react-native-vector-icons/android/build/generated/source/codegen/jni/CMakeLists.txt:
C/C++:   The object file directory
C/C++:     D:/AIB Innovations/Tiffsy/Admin App/TiffsyKitchen/android/app/.cxx/RelWithDebInfo/1b6s1t2t/armeabi-v7a/RNVectorIconsSpec_autolinked_build/CMakeFiles/react_codegen_RNVectorIconsSpec.dir/./
C/C++:   has 187 characters.  The maximum full path to an object file is 250
C/C++:   characters (see CMAKE_OBJECT_PATH_MAX).  Object file
C/C++:     react/renderer/components/RNVectorIconsSpec/RNVectorIconsSpecJSI-generated.cpp.o
C/C++:   cannot be safely placed under this directory.  The build may not work
C/C++:   correctly.

> Task :react-native-worklets:copyReleaseJniLibsProjectOnly

> Task :app:configureCMakeRelWithDebInfo[x86]
C/C++: CMake Warning in D:/AIB Innovations/Tiffsy/Admin App/TiffsyKitchen/node_modules/react-native-gesture-handler/android/build/generated/source/codegen/jni/CMakeLists.txt:
C/C++:   The object file directory
C/C++:     D:/AIB Innovations/Tiffsy/Admin App/TiffsyKitchen/android/app/.cxx/RelWithDebInfo/1b6s1t2t/x86/rngesturehandler_codegen_autolinked_build/CMakeFiles/react_codegen_rngesturehandler_codegen.dir/./
C/C++:   has 193 characters.  The maximum full path to an object file is 250
C/C++:   characters (see CMAKE_OBJECT_PATH_MAX).  Object file
C/C++:     react/renderer/components/rngesturehandler_codegen/ComponentDescriptors.cpp.o
C/C++:   cannot be safely placed under this directory.  The build may not work
C/C++:   correctly.

> Task :react-native-reanimated:externalNativeBuildRelease
C/C++: Hard link from 'C:\Users\bhavy\.gradle\caches\9.0.0\transforms\de7595eebea4a477b4a9c738b9d125ca\transformed\react-android-0.82.1-release\prefab\modules\reactnative\libs\android.arm64-v8a\libreactnative.so' to 'D:\AIB Innovations\Tiffsy\Admin App\TiffsyKitchen\node_modules\react-native-reanimated\android\build\intermediates\cmake\release\obj\arm64-v8a\libreactnative.so' failed. Doing a slower copy instead.
C/C++: Hard link from 'C:\Users\bhavy\.gradle\caches\9.0.0\transforms\de7595eebea4a477b4a9c738b9d125ca\transformed\react-android-0.82.1-release\prefab\modules\reactnative\libs\android.arm64-v8a\libreactnative.so' to 'D:\AIB Innovations\Tiffsy\Admin App\TiffsyKitchen\node_modules\react-native-reanimated\android\build\intermediates\cmake\release\obj\arm64-v8a\libreactnative.so' failed. Doing a slower copy instead.

> Task :react-native-reanimated:prefabReleasePackage
> Task :app:buildCMakeRelWithDebInfo[arm64-v8a]
C/C++: Hard link from 'C:\Users\bhavy\.gradle\caches\9.0.0\transforms\de7595eebea4a477b4a9c738b9d125ca\transformed\react-android-0.82.1-release\prefab\modules\reactnative\libs\android.arm64-v8a\libreactnative.so' to 'D:\AIB Innovations\Tiffsy\Admin App\TiffsyKitchen\android\app\build\intermediates\cxx\RelWithDebInfo\1b6s1t2t\obj\arm64-v8a\libreactnative.so' failed. Doing a slower copy instead.
C/C++: Hard link from 'C:\Users\bhavy\.gradle\caches\9.0.0\transforms\de7595eebea4a477b4a9c738b9d125ca\transformed\react-android-0.82.1-release\prefab\modules\reactnative\libs\android.arm64-v8a\libreactnative.so' to 'D:\AIB Innovations\Tiffsy\Admin App\TiffsyKitchen\android\app\build\intermediates\cxx\RelWithDebInfo\1b6s1t2t\obj\arm64-v8a\libreactnative.so' failed. Doing a slower copy instead.

> Task :app:buildCMakeRelWithDebInfo[armeabi-v7a]
> Task :app:buildCMakeRelWithDebInfo[x86]

> Task :app:configureCMakeRelWithDebInfo[x86_64]
C/C++: CMake Warning in D:/AIB Innovations/Tiffsy/Admin App/TiffsyKitchen/node_modules/react-native-gesture-handler/android/build/generated/source/codegen/jni/CMakeLists.txt:
C/C++:   The object file directory
C/C++:     D:/AIB Innovations/Tiffsy/Admin App/TiffsyKitchen/android/app/.cxx/RelWithDebInfo/1b6s1t2t/x86_64/rngesturehandler_codegen_autolinked_build/CMakeFiles/react_codegen_rngesturehandler_codegen.dir/./
C/C++:   has 196 characters.  The maximum full path to an object file is 250
C/C++:   characters (see CMAKE_OBJECT_PATH_MAX).  Object file
C/C++:     react/renderer/components/rngesturehandler_codegen/ComponentDescriptors.cpp.o
C/C++:   cannot be safely placed under this directory.  The build may not work
C/C++:   correctly.
C/C++: CMake Warning in D:/AIB Innovations/Tiffsy/Admin App/TiffsyKitchen/node_modules/react-native-image-picker/android/build/generated/source/codegen/jni/CMakeLists.txt:
C/C++:   The object file directory
C/C++:     D:/AIB Innovations/Tiffsy/Admin App/TiffsyKitchen/android/app/.cxx/RelWithDebInfo/1b6s1t2t/x86_64/RNImagePickerSpec_autolinked_build/CMakeFiles/react_codegen_RNImagePickerSpec.dir/./
C/C++:   has 182 characters.  The maximum full path to an object file is 250
C/C++:   characters (see CMAKE_OBJECT_PATH_MAX).  Object file
C/C++:     react/renderer/components/RNImagePickerSpec/RNImagePickerSpecJSI-generated.cpp.o
C/C++:   cannot be safely placed under this directory.  The build may not work
C/C++:   correctly.
C/C++: CMake Warning in D:/AIB Innovations/Tiffsy/Admin App/TiffsyKitchen/node_modules/react-native-vector-icons/android/build/generated/source/codegen/jni/CMakeLists.txt:
C/C++:   The object file directory
C/C++:     D:/AIB Innovations/Tiffsy/Admin App/TiffsyKitchen/android/app/.cxx/RelWithDebInfo/1b6s1t2t/x86_64/RNVectorIconsSpec_autolinked_build/CMakeFiles/react_codegen_RNVectorIconsSpec.dir/./
C/C++:   has 182 characters.  The maximum full path to an object file is 250
C/C++:   characters (see CMAKE_OBJECT_PATH_MAX).  Object file
C/C++:     react/renderer/components/RNVectorIconsSpec/RNVectorIconsSpecJSI-generated.cpp.o
C/C++:   cannot be safely placed under this directory.  The build may not work
C/C++:   correctly.

> Task :app:buildCMakeRelWithDebInfo[x86_64]
> Task :app:mergeReleaseJniLibFolders
> Task :notifee_react-native:preReleaseBuild UP-TO-DATE
> Task :notifee_react-native:mergeReleaseJniLibFolders
> Task :notifee_react-native:mergeReleaseNativeLibs NO-SOURCE
> Task :react-native-async-storage_async-storage:preReleaseBuild
> Task :notifee_react-native:copyReleaseJniLibsProjectOnly
> Task :react-native-async-storage_async-storage:mergeReleaseJniLibFolders
> Task :react-native-async-storage_async-storage:mergeReleaseNativeLibs NO-SOURCE
> Task :react-native-clipboard_clipboard:preReleaseBuild
> Task :react-native-async-storage_async-storage:copyReleaseJniLibsProjectOnly
> Task :react-native-clipboard_clipboard:mergeReleaseJniLibFolders
> Task :react-native-clipboard_clipboard:mergeReleaseNativeLibs NO-SOURCE
> Task :react-native-community_netinfo:preReleaseBuild UP-TO-DATE
> Task :react-native-clipboard_clipboard:copyReleaseJniLibsProjectOnly
> Task :react-native-community_netinfo:mergeReleaseJniLibFolders
> Task :react-native-community_netinfo:mergeReleaseNativeLibs NO-SOURCE
> Task :react-native-community_slider:preReleaseBuild
> Task :react-native-community_netinfo:copyReleaseJniLibsProjectOnly
> Task :react-native-community_slider:mergeReleaseJniLibFolders
> Task :react-native-community_slider:mergeReleaseNativeLibs NO-SOURCE
> Task :react-native-firebase_app:preReleaseBuild UP-TO-DATE
> Task :react-native-community_slider:copyReleaseJniLibsProjectOnly
> Task :react-native-firebase_app:mergeReleaseJniLibFolders
> Task :react-native-firebase_app:mergeReleaseNativeLibs NO-SOURCE
> Task :react-native-firebase_messaging:preReleaseBuild UP-TO-DATE
> Task :react-native-firebase_app:copyReleaseJniLibsProjectOnly
> Task :react-native-firebase_messaging:mergeReleaseJniLibFolders
> Task :react-native-firebase_messaging:mergeReleaseNativeLibs NO-SOURCE
> Task :react-native-geolocation-service:preReleaseBuild UP-TO-DATE
> Task :react-native-firebase_messaging:copyReleaseJniLibsProjectOnly
> Task :react-native-geolocation-service:mergeReleaseJniLibFolders
> Task :react-native-geolocation-service:mergeReleaseNativeLibs NO-SOURCE
> Task :react-native-gesture-handler:preReleaseBuild
> Task :react-native-geolocation-service:copyReleaseJniLibsProjectOnly
> Task :react-native-gesture-handler:configureCMakeRelWithDebInfo[arm64-v8a]

> Task :react-native-gesture-handler:buildCMakeRelWithDebInfo[arm64-v8a]
C/C++: Hard link from 'C:\Users\bhavy\.gradle\caches\9.0.0\transforms\de7595eebea4a477b4a9c738b9d125ca\transformed\react-android-0.82.1-release\prefab\modules\reactnative\libs\android.arm64-v8a\libreactnative.so' to 'D:\AIB Innovations\Tiffsy\Admin App\TiffsyKitchen\node_modules\react-native-gesture-handler\android\build\intermediates\cxx\RelWithDebInfo\5i1y431d\obj\arm64-v8a\libreactnative.so' failed. Doing a slower copy instead.
C/C++: Hard link from 'C:\Users\bhavy\.gradle\caches\9.0.0\transforms\de7595eebea4a477b4a9c738b9d125ca\transformed\react-android-0.82.1-release\prefab\modules\reactnative\libs\android.arm64-v8a\libreactnative.so' to 'D:\AIB Innovations\Tiffsy\Admin App\TiffsyKitchen\node_modules\react-native-gesture-handler\android\build\intermediates\cxx\RelWithDebInfo\5i1y431d\obj\arm64-v8a\libreactnative.so' failed. Doing a slower copy instead.

> Task :react-native-gesture-handler:configureCMakeRelWithDebInfo[armeabi-v7a]
> Task :react-native-gesture-handler:buildCMakeRelWithDebInfo[armeabi-v7a]
> Task :react-native-gesture-handler:configureCMakeRelWithDebInfo[x86]
> Task :react-native-gesture-handler:buildCMakeRelWithDebInfo[x86]
> Task :react-native-gesture-handler:configureCMakeRelWithDebInfo[x86_64]
> Task :react-native-gesture-handler:buildCMakeRelWithDebInfo[x86_64]
> Task :react-native-gesture-handler:mergeReleaseJniLibFolders
> Task :react-native-image-picker:preReleaseBuild
> Task :react-native-image-picker:mergeReleaseJniLibFolders
> Task :react-native-image-picker:mergeReleaseNativeLibs NO-SOURCE
> Task :react-native-image-picker:copyReleaseJniLibsProjectOnly
> Task :react-native-maps:preReleaseBuild UP-TO-DATE
> Task :react-native-maps:mergeReleaseJniLibFolders
> Task :react-native-maps:mergeReleaseNativeLibs NO-SOURCE
> Task :react-native-gesture-handler:mergeReleaseNativeLibs
> Task :react-native-maps:copyReleaseJniLibsProjectOnly
> Task :react-native-reanimated:mergeReleaseJniLibFolders
> Task :react-native-gesture-handler:copyReleaseJniLibsProjectOnly
> Task :react-native-safe-area-context:preReleaseBuild
> Task :react-native-safe-area-context:mergeReleaseJniLibFolders
> Task :react-native-safe-area-context:mergeReleaseNativeLibs NO-SOURCE
> Task :react-native-safe-area-context:copyReleaseJniLibsProjectOnly
> Task :react-native-svg:preReleaseBuild
> Task :react-native-svg:mergeReleaseJniLibFolders
> Task :react-native-svg:mergeReleaseNativeLibs NO-SOURCE
> Task :react-native-svg:copyReleaseJniLibsProjectOnly
> Task :react-native-vector-icons:preReleaseBuild
> Task :react-native-vector-icons:mergeReleaseJniLibFolders
> Task :react-native-vector-icons:mergeReleaseNativeLibs NO-SOURCE
> Task :react-native-vector-icons:copyReleaseJniLibsProjectOnly
> Task :react-native-gesture-handler:checkKotlinGradlePluginConfigurationErrors SKIPPED
> Task :react-native-gesture-handler:generateReleaseBuildConfig
> Task :react-native-gesture-handler:generateReleaseResValues
> Task :react-native-gesture-handler:generateReleaseResources
> Task :react-native-gesture-handler:packageReleaseResources
> Task :react-native-reanimated:mergeReleaseNativeLibs
> Task :react-native-gesture-handler:parseReleaseLocalResources
> Task :react-native-gesture-handler:generateReleaseRFile
> Task :react-native-reanimated:generateReleaseBuildConfig
> Task :react-native-reanimated:generateReleaseResValues FROM-CACHE
> Task :react-native-reanimated:generateReleaseResources FROM-CACHE
> Task :react-native-reanimated:packageReleaseResources
> Task :react-native-reanimated:parseReleaseLocalResources FROM-CACHE
> Task :react-native-reanimated:generateReleaseRFile
> Task :react-native-reanimated:javaPreCompileRelease
> Task :react-native-worklets:generateReleaseBuildConfig
> Task :react-native-worklets:generateReleaseResValues FROM-CACHE
> Task :react-native-worklets:generateReleaseResources FROM-CACHE
> Task :react-native-worklets:packageReleaseResources
> Task :react-native-worklets:parseReleaseLocalResources FROM-CACHE
> Task :react-native-worklets:generateReleaseRFile
> Task :react-native-worklets:javaPreCompileRelease FROM-CACHE
> Task :react-native-reanimated:copyReleaseJniLibsProjectOnly

> Task :react-native-worklets:compileReleaseJavaWithJavac
Note: D:\AIB Innovations\Tiffsy\Admin App\TiffsyKitchen\node_modules\react-native-worklets\android\src\main\java\com\swmansion\worklets\WorkletsMessageQueueThreadBase.java uses or overrides a deprecated API.
Note: Recompile with -Xlint:deprecation for details.
Note: D:\AIB Innovations\Tiffsy\Admin App\TiffsyKitchen\node_modules\react-native-worklets\android\src\main\java\com\swmansion\worklets\WorkletsPackage.java uses unchecked or unsafe operations.
Note: Recompile with -Xlint:unchecked for details.

> Task :react-native-worklets:bundleLibCompileToJarRelease

> Task :react-native-reanimated:compileReleaseJavaWithJavac
Note: Some input files use or override a deprecated API.
Note: Recompile with -Xlint:deprecation for details.
Note: Some input files use unchecked or unsafe operations.
Note: Recompile with -Xlint:unchecked for details.

> Task :react-native-reanimated:bundleLibCompileToJarRelease
> Task :react-native-svg:generateReleaseBuildConfig
> Task :react-native-svg:generateReleaseResValues FROM-CACHE
> Task :react-native-svg:generateReleaseResources FROM-CACHE
> Task :react-native-svg:packageReleaseResources
> Task :react-native-svg:parseReleaseLocalResources FROM-CACHE
> Task :react-native-svg:generateReleaseRFile
> Task :react-native-svg:javaPreCompileRelease FROM-CACHE

> Task :react-native-svg:compileReleaseJavaWithJavac
Note: Some input files use or override a deprecated API.
Note: Recompile with -Xlint:deprecation for details.
Note: Some input files use unchecked or unsafe operations.
Note: Recompile with -Xlint:unchecked for details.

> Task :react-native-svg:bundleLibCompileToJarRelease
> Task :app:mergeReleaseNativeLibs
> Task :app:stripReleaseDebugSymbols
> Task :app:extractReleaseNativeSymbolTables

> Task :react-native-gesture-handler:compileReleaseKotlin
w: file:///D:/AIB%20Innovations/Tiffsy/Admin%20App/TiffsyKitchen/node_modules/react-native-gesture-handler/android/src/main/java/com/swmansion/gesturehandler/react/Extensions.kt:8:8 'class UIManagerModule : ReactContextBaseJavaModule, OnBatchCompleteListener, LifecycleEventListener, UIManager' is deprecated. Deprecated in Java.
w: file:///D:/AIB%20Innovations/Tiffsy/Admin%20App/TiffsyKitchen/node_modules/react-native-gesture-handler/android/src/main/java/com/swmansion/gesturehandler/react/Extensions.kt:13:29 'class UIManagerModule : ReactContextBaseJavaModule, OnBatchCompleteListener, LifecycleEventListener, UIManager' is deprecated. Deprecated in Java.
w: file:///D:/AIB%20Innovations/Tiffsy/Admin%20App/TiffsyKitchen/node_modules/react-native-gesture-handler/android/src/main/java/com/swmansion/gesturehandler/react/Extensions.kt:14:32 'class UIManagerModule : ReactContextBaseJavaModule, OnBatchCompleteListener, LifecycleEventListener, UIManager' is deprecated. Deprecated in Java.

> Task :react-native-gesture-handler:javaPreCompileRelease FROM-CACHE
> Task :app:mergeReleaseNativeDebugMetadata
> Task :react-native-gesture-handler:compileReleaseJavaWithJavac
> Task :react-native-maps:checkKotlinGradlePluginConfigurationErrors SKIPPED
> Task :react-native-maps:generateReleaseBuildConfig
> Task :react-native-maps:generateReleaseResValues FROM-CACHE
> Task :react-native-maps:generateReleaseResources FROM-CACHE
> Task :react-native-maps:packageReleaseResources
> Task :react-native-maps:parseReleaseLocalResources FROM-CACHE
> Task :react-native-maps:generateReleaseRFile
> Task :react-native-maps:compileReleaseKotlin NO-SOURCE
> Task :react-native-maps:javaPreCompileRelease FROM-CACHE
> Task :react-native-gesture-handler:bundleLibRuntimeToDirRelease

> Task :react-native-maps:compileReleaseJavaWithJavac
Note: Some input files use or override a deprecated API.
Note: Recompile with -Xlint:deprecation for details.
Note: Some input files use unchecked or unsafe operations.
Note: Recompile with -Xlint:unchecked for details.

> Task :react-native-safe-area-context:checkKotlinGradlePluginConfigurationErrors SKIPPED
> Task :react-native-safe-area-context:generateReleaseBuildConfig
> Task :react-native-safe-area-context:generateReleaseResValues FROM-CACHE
> Task :react-native-safe-area-context:generateReleaseResources FROM-CACHE
> Task :react-native-safe-area-context:packageReleaseResources
> Task :react-native-safe-area-context:parseReleaseLocalResources FROM-CACHE
> Task :react-native-safe-area-context:generateReleaseRFile
> Task :react-native-maps:bundleLibRuntimeToDirRelease

> Task :react-native-safe-area-context:compileReleaseKotlin
w: file:///D:/AIB%20Innovations/Tiffsy/Admin%20App/TiffsyKitchen/node_modules/react-native-safe-area-context/android/src/main/java/com/th3rdwave/safeareacontext/SafeAreaView.kt:9:8 'class UIManagerModule : ReactContextBaseJavaModule, OnBatchCompleteListener, LifecycleEventListener, UIManager' is deprecated. Deprecated in Java.
w: file:///D:/AIB%20Innovations/Tiffsy/Admin%20App/TiffsyKitchen/node_modules/react-native-safe-area-context/android/src/main/java/com/th3rdwave/safeareacontext/SafeAreaView.kt:50:54 'class UIManagerModule : ReactContextBaseJavaModule, OnBatchCompleteListener, LifecycleEventListener, UIManager' is deprecated. Deprecated in Java.
w: file:///D:/AIB%20Innovations/Tiffsy/Admin%20App/TiffsyKitchen/node_modules/react-native-safe-area-context/android/src/main/java/com/th3rdwave/safeareacontext/SafeAreaView.kt:59:23 'val uiImplementation: UIImplementation!' is deprecated. Deprecated in Java.
w: file:///D:/AIB%20Innovations/Tiffsy/Admin%20App/TiffsyKitchen/node_modules/react-native-safe-area-context/android/src/main/java/com/th3rdwave/safeareacontext/SafeAreaViewShadowNode.kt:9:32 'class LayoutShadowNode : ReactShadowNodeImpl' is deprecated. Deprecated in Java.
w: file:///D:/AIB%20Innovations/Tiffsy/Admin%20App/TiffsyKitchen/node_modules/react-native-safe-area-context/android/src/main/java/com/th3rdwave/safeareacontext/SafeAreaViewShadowNode.kt:110:61 'class NativeViewHierarchyOptimizer : Any' is deprecated. Deprecated in Java.

> Task :react-native-safe-area-context:javaPreCompileRelease FROM-CACHE
> Task :react-native-safe-area-context:compileReleaseJavaWithJavac
> Task :notifee_react-native:generateReleaseBuildConfig
> Task :notifee_react-native:generateReleaseResValues FROM-CACHE
> Task :notifee_react-native:generateReleaseResources FROM-CACHE
> Task :notifee_react-native:packageReleaseResources
> Task :notifee_react-native:parseReleaseLocalResources FROM-CACHE
> Task :react-native-safe-area-context:bundleLibRuntimeToDirRelease
> Task :notifee_react-native:generateReleaseRFile
> Task :notifee_react-native:javaPreCompileRelease FROM-CACHE

> Task :notifee_react-native:compileReleaseJavaWithJavac
D:\AIB Innovations\Tiffsy\Admin App\TiffsyKitchen\node_modules\@notifee\react-native\android\src\main\java\io\invertase\notifee\NotifeeApiModule.java:42: warning: [removal] onCatalystInstanceDestroy() in NativeModule has been deprecated and marked for removal
  public void onCatalystInstanceDestroy() {
              ^
Note: Some input files use or override a deprecated API.
Note: Recompile with -Xlint:deprecation for details.
1 warning

> Task :react-native-async-storage_async-storage:generateReleaseBuildConfig
> Task :react-native-async-storage_async-storage:generateReleaseResValues FROM-CACHE
> Task :react-native-async-storage_async-storage:generateReleaseResources FROM-CACHE
> Task :notifee_react-native:bundleLibRuntimeToDirRelease
> Task :react-native-async-storage_async-storage:packageReleaseResources
> Task :react-native-async-storage_async-storage:parseReleaseLocalResources FROM-CACHE
> Task :react-native-async-storage_async-storage:generateReleaseRFile
> Task :react-native-async-storage_async-storage:javaPreCompileRelease FROM-CACHE

> Task :react-native-async-storage_async-storage:compileReleaseJavaWithJavac
Note: Some input files use or override a deprecated API.
Note: Recompile with -Xlint:deprecation for details.
Note: D:\AIB Innovations\Tiffsy\Admin App\TiffsyKitchen\node_modules\@react-native-async-storage\async-storage\android\src\javaPackage\java\com\reactnativecommunity\asyncstorage\AsyncStoragePackage.java uses unchecked or unsafe operations.
Note: Recompile with -Xlint:unchecked for details.

> Task :react-native-clipboard_clipboard:generateReleaseBuildConfig
> Task :react-native-clipboard_clipboard:generateReleaseResValues FROM-CACHE
> Task :react-native-clipboard_clipboard:generateReleaseResources FROM-CACHE
> Task :react-native-async-storage_async-storage:bundleLibRuntimeToDirRelease
> Task :react-native-clipboard_clipboard:packageReleaseResources
> Task :react-native-clipboard_clipboard:parseReleaseLocalResources FROM-CACHE
> Task :react-native-clipboard_clipboard:generateReleaseRFile
> Task :react-native-clipboard_clipboard:javaPreCompileRelease FROM-CACHE

> Task :react-native-clipboard_clipboard:compileReleaseJavaWithJavac
Note: Some input files use or override a deprecated API.
Note: Recompile with -Xlint:deprecation for details.
Note: D:\AIB Innovations\Tiffsy\Admin App\TiffsyKitchen\node_modules\@react-native-clipboard\clipboard\android\src\main\java\com\reactnativecommunity\clipboard\ClipboardPackage.java uses unchecked or unsafe operations.
Note: Recompile with -Xlint:unchecked for details.

> Task :react-native-community_netinfo:generateReleaseBuildConfig
> Task :react-native-clipboard_clipboard:bundleLibRuntimeToDirRelease
> Task :react-native-community_netinfo:generateReleaseResValues FROM-CACHE
> Task :react-native-community_netinfo:generateReleaseResources FROM-CACHE
> Task :react-native-community_netinfo:packageReleaseResources
> Task :react-native-community_netinfo:parseReleaseLocalResources FROM-CACHE
> Task :react-native-community_netinfo:generateReleaseRFile
> Task :react-native-community_netinfo:javaPreCompileRelease FROM-CACHE

> Task :react-native-community_netinfo:compileReleaseJavaWithJavac
D:\AIB Innovations\Tiffsy\Admin App\TiffsyKitchen\node_modules\@react-native-community\netinfo\android\src\main\java\com\reactnativecommunity\netinfo\NetInfoModule.java:47: warning: [removal] onCatalystInstanceDestroy() in NativeModule has been deprecated and marked for removal
    public void onCatalystInstanceDestroy() {
                ^
Note: Some input files use or override a deprecated API.
Note: Recompile with -Xlint:deprecation for details.
1 warning

> Task :react-native-community_slider:generateReleaseBuildConfig
> Task :react-native-community_slider:generateReleaseResValues FROM-CACHE
> Task :react-native-community_slider:generateReleaseResources FROM-CACHE
> Task :react-native-community_netinfo:bundleLibRuntimeToDirRelease
> Task :react-native-community_slider:packageReleaseResources
> Task :react-native-community_slider:parseReleaseLocalResources FROM-CACHE
> Task :react-native-community_slider:generateReleaseRFile
> Task :react-native-community_slider:javaPreCompileRelease FROM-CACHE

> Task :react-native-community_slider:compileReleaseJavaWithJavac
Note: Some input files use or override a deprecated API.
Note: Recompile with -Xlint:deprecation for details.

> Task :react-native-firebase_app:generateReleaseBuildConfig
> Task :react-native-firebase_app:generateReleaseResValues FROM-CACHE
> Task :react-native-firebase_app:generateReleaseResources FROM-CACHE
> Task :react-native-community_slider:bundleLibRuntimeToDirRelease
> Task :react-native-firebase_app:packageReleaseResources
> Task :react-native-firebase_app:parseReleaseLocalResources FROM-CACHE
> Task :react-native-firebase_app:generateReleaseRFile
> Task :react-native-firebase_app:javaPreCompileRelease FROM-CACHE

> Task :react-native-firebase_app:compileReleaseJavaWithJavac
Note: Some input files use or override a deprecated API.
Note: Recompile with -Xlint:deprecation for details.

> Task :react-native-firebase_messaging:generateReleaseBuildConfig
> Task :react-native-firebase_messaging:generateReleaseResValues FROM-CACHE
> Task :react-native-firebase_messaging:generateReleaseResources
> Task :react-native-firebase_app:bundleLibCompileToJarRelease
> Task :react-native-firebase_messaging:packageReleaseResources
> Task :react-native-firebase_messaging:javaPreCompileRelease FROM-CACHE
> Task :react-native-firebase_messaging:parseReleaseLocalResources
> Task :react-native-firebase_app:bundleLibRuntimeToDirRelease
> Task :react-native-firebase_messaging:generateReleaseRFile

> Task :react-native-firebase_messaging:compileReleaseJavaWithJavac
Note: Some input files use or override a deprecated API.
Note: Recompile with -Xlint:deprecation for details.

> Task :react-native-geolocation-service:generateReleaseBuildConfig
> Task :react-native-geolocation-service:generateReleaseResValues FROM-CACHE
> Task :react-native-geolocation-service:generateReleaseResources FROM-CACHE
> Task :react-native-firebase_messaging:bundleLibRuntimeToDirRelease
> Task :react-native-geolocation-service:packageReleaseResources
> Task :react-native-geolocation-service:parseReleaseLocalResources FROM-CACHE
> Task :react-native-geolocation-service:generateReleaseRFile
> Task :react-native-geolocation-service:javaPreCompileRelease FROM-CACHE

> Task :react-native-geolocation-service:compileReleaseJavaWithJavac
Note: Some input files use or override a deprecated API.
Note: Recompile with -Xlint:deprecation for details.

> Task :react-native-image-picker:generateReleaseBuildConfig
> Task :react-native-image-picker:generateReleaseResValues FROM-CACHE
> Task :react-native-image-picker:generateReleaseResources
> Task :react-native-geolocation-service:bundleLibRuntimeToDirRelease
> Task :react-native-image-picker:packageReleaseResources
> Task :react-native-image-picker:javaPreCompileRelease FROM-CACHE
> Task :react-native-image-picker:parseReleaseLocalResources
> Task :react-native-reanimated:bundleLibRuntimeToDirRelease
> Task :react-native-image-picker:generateReleaseRFile

> Task :react-native-image-picker:compileReleaseJavaWithJavac
Note: D:\AIB Innovations\Tiffsy\Admin App\TiffsyKitchen\node_modules\react-native-image-picker\android\src\main\java\com\imagepicker\ImagePickerPackage.java uses or overrides a deprecated API.
Note: Recompile with -Xlint:deprecation for details.

> Task :react-native-image-picker:bundleLibRuntimeToDirRelease
> Task :react-native-vector-icons:generateReleaseBuildConfig
> Task :react-native-vector-icons:generateReleaseResValues FROM-CACHE
> Task :react-native-vector-icons:generateReleaseResources FROM-CACHE
> Task :react-native-vector-icons:packageReleaseResources
> Task :react-native-vector-icons:parseReleaseLocalResources FROM-CACHE
> Task :react-native-vector-icons:generateReleaseRFile
> Task :react-native-vector-icons:javaPreCompileRelease FROM-CACHE
> Task :react-native-svg:bundleLibRuntimeToDirRelease

> Task :react-native-vector-icons:compileReleaseJavaWithJavac
Note: Some input files use or override a deprecated API.
Note: Recompile with -Xlint:deprecation for details.

> Task :react-native-vector-icons:bundleLibRuntimeToDirRelease
> Task :react-native-worklets:bundleLibRuntimeToDirRelease
> Task :app:checkReleaseDuplicateClasses
> Task :app:buildKotlinToolingMetadata
> Task :app:checkKotlinGradlePluginConfigurationErrors SKIPPED
> Task :app:generateReleaseBuildConfig
> Task :react-native-async-storage_async-storage:writeReleaseAarMetadata
> Task :notifee_react-native:writeReleaseAarMetadata
> Task :react-native-clipboard_clipboard:writeReleaseAarMetadata
> Task :react-native-community_netinfo:writeReleaseAarMetadata
> Task :react-native-community_slider:writeReleaseAarMetadata
> Task :react-native-firebase_app:writeReleaseAarMetadata
> Task :react-native-firebase_messaging:writeReleaseAarMetadata
> Task :react-native-geolocation-service:writeReleaseAarMetadata
> Task :react-native-gesture-handler:writeReleaseAarMetadata
> Task :react-native-image-picker:writeReleaseAarMetadata
> Task :react-native-maps:writeReleaseAarMetadata
> Task :react-native-reanimated:writeReleaseAarMetadata
> Task :react-native-safe-area-context:writeReleaseAarMetadata
> Task :react-native-svg:writeReleaseAarMetadata
> Task :react-native-vector-icons:writeReleaseAarMetadata
> Task :react-native-worklets:writeReleaseAarMetadata
> Task :app:checkReleaseAarMetadata

> Task :app:createBundleReleaseJsAndAssets

                        ▒▒▓▓▓▓▒▒
                     ▒▓▓▓▒▒░░▒▒▓▓▓▒
                  ▒▓▓▓▓░░░▒▒▒▒░░░▓▓▓▓▒
                 ▓▓▒▒▒▓▓▓▓▓▓▓▓▓▓▓▓▒▒▒▓▓
                 ▓▓░░░░░▒▓▓▓▓▓▓▒░░░░░▓▓
                 ▓▓░░▓▓▒░░░▒▒░░░▒▓▒░░▓▓
                 ▓▓░░▓▓▓▓▓▒▒▒▒▓▓▓▓▒░░▓▓
                 ▓▓░░▓▓▓▓▓▓▓▓▓▓▓▓▓▒░░▓▓
                 ▓▓▒░░▒▒▓▓▓▓▓▓▓▓▒░░░▒▓▓
                  ▒▓▓▓▒░░░▒▓▓▒░░░▒▓▓▓▒
                     ▒▓▓▓▒░░░░▒▓▓▓▒
                        ▒▒▓▓▓▓▒▒


 WARN  the transform cache was reset.
                Welcome to Metro v0.83.3
              Fast - Scalable - Integrated


LOG:Writing bundle output to: android\app\build\generated\assets\react\release\index.android.bundle
LOG:Writing sourcemap output to: android\app\build\intermediates\sourcemaps\react\release\index.android.bundle.packager.map
LOG:Done writing bundle output
LOG:Done writing sourcemap output
Copying 18 asset files
Done copying assets

> Task :app:generateReleaseResValues
> Task :app:processReleaseGoogleServices
> Task :app:mapReleaseSourceSetPaths
> Task :app:generateReleaseResources
> Task :app:packageReleaseResources
> Task :app:parseReleaseLocalResources
> Task :app:createReleaseCompatibleScreenManifests
> Task :app:extractDeepLinksRelease
> Task :notifee_react-native:extractDeepLinksRelease

> Task :notifee_react-native:processReleaseManifest
package="io.invertase.notifee" found in source AndroidManifest.xml: D:\AIB Innovations\Tiffsy\Admin App\TiffsyKitchen\node_modules\@notifee\react-native\android\src\main\AndroidManifest.xml.
Setting the namespace via the package attribute in the source AndroidManifest.xml is no longer supported, and the value is ignored.
Recommendation: remove package="io.invertase.notifee" from the source AndroidManifest.xml: D:\AIB Innovations\Tiffsy\Admin App\TiffsyKitchen\node_modules\@notifee\react-native\android\src\main\AndroidManifest.xml.

> Task :react-native-async-storage_async-storage:extractDeepLinksRelease FROM-CACHE

> Task :react-native-async-storage_async-storage:processReleaseManifest
package="com.reactnativecommunity.asyncstorage" found in source AndroidManifest.xml: D:\AIB Innovations\Tiffsy\Admin App\TiffsyKitchen\node_modules\@react-native-async-storage\async-storage\android\src\main\AndroidManifest.xml.
Setting the namespace via the package attribute in the source AndroidManifest.xml is no longer supported, and the value is ignored.
Recommendation: remove package="com.reactnativecommunity.asyncstorage" from the source AndroidManifest.xml: D:\AIB Innovations\Tiffsy\Admin App\TiffsyKitchen\node_modules\@react-native-async-storage\async-storage\android\src\main\AndroidManifest.xml.

> Task :react-native-clipboard_clipboard:extractDeepLinksRelease FROM-CACHE
> Task :react-native-clipboard_clipboard:processReleaseManifest
> Task :react-native-community_netinfo:extractDeepLinksRelease FROM-CACHE

> Task :react-native-community_netinfo:processReleaseManifest
package="com.reactnativecommunity.netinfo" found in source AndroidManifest.xml: D:\AIB Innovations\Tiffsy\Admin App\TiffsyKitchen\node_modules\@react-native-community\netinfo\android\src\main\AndroidManifest.xml.
Setting the namespace via the package attribute in the source AndroidManifest.xml is no longer supported, and the value is ignored.
Recommendation: remove package="com.reactnativecommunity.netinfo" from the source AndroidManifest.xml: D:\AIB Innovations\Tiffsy\Admin App\TiffsyKitchen\node_modules\@react-native-community\netinfo\android\src\main\AndroidManifest.xml.

> Task :react-native-community_slider:extractDeepLinksRelease FROM-CACHE

> Task :react-native-community_slider:processReleaseManifest
package="com.reactnativecommunity.slider" found in source AndroidManifest.xml: D:\AIB Innovations\Tiffsy\Admin App\TiffsyKitchen\node_modules\@react-native-community\slider\android\src\main\AndroidManifest.xml.
Setting the namespace via the package attribute in the source AndroidManifest.xml is no longer supported, and the value is ignored.
Recommendation: remove package="com.reactnativecommunity.slider" from the source AndroidManifest.xml: D:\AIB Innovations\Tiffsy\Admin App\TiffsyKitchen\node_modules\@react-native-community\slider\android\src\main\AndroidManifest.xml.

> Task :react-native-firebase_app:extractDeepLinksRelease

> Task :react-native-firebase_app:processReleaseManifest
package="io.invertase.firebase" found in source AndroidManifest.xml: D:\AIB Innovations\Tiffsy\Admin App\TiffsyKitchen\node_modules\@react-native-firebase\app\android\src\main\AndroidManifest.xml.
Setting the namespace via the package attribute in the source AndroidManifest.xml is no longer supported, and the value is ignored.
Recommendation: remove package="io.invertase.firebase" from the source AndroidManifest.xml: D:\AIB Innovations\Tiffsy\Admin App\TiffsyKitchen\node_modules\@react-native-firebase\app\android\src\main\AndroidManifest.xml.

> Task :react-native-firebase_messaging:extractDeepLinksRelease

> Task :react-native-firebase_messaging:processReleaseManifest
package="io.invertase.firebase.messaging" found in source AndroidManifest.xml: D:\AIB Innovations\Tiffsy\Admin App\TiffsyKitchen\node_modules\@react-native-firebase\messaging\android\src\main\AndroidManifest.xml.
Setting the namespace via the package attribute in the source AndroidManifest.xml is no longer supported, and the value is ignored.
Recommendation: remove package="io.invertase.firebase.messaging" from the source AndroidManifest.xml: D:\AIB Innovations\Tiffsy\Admin App\TiffsyKitchen\node_modules\@react-native-firebase\messaging\android\src\main\AndroidManifest.xml.

> Task :react-native-geolocation-service:extractDeepLinksRelease FROM-CACHE

> Task :react-native-geolocation-service:processReleaseManifest
package="com.agontuk.RNFusedLocation" found in source AndroidManifest.xml: D:\AIB Innovations\Tiffsy\Admin App\TiffsyKitchen\node_modules\react-native-geolocation-service\android\src\main\AndroidManifest.xml.
Setting the namespace via the package attribute in the source AndroidManifest.xml is no longer supported, and the value is ignored.
Recommendation: remove package="com.agontuk.RNFusedLocation" from the source AndroidManifest.xml: D:\AIB Innovations\Tiffsy\Admin App\TiffsyKitchen\node_modules\react-native-geolocation-service\android\src\main\AndroidManifest.xml.

> Task :react-native-gesture-handler:extractDeepLinksRelease FROM-CACHE
> Task :react-native-gesture-handler:processReleaseManifest
> Task :react-native-image-picker:extractDeepLinksRelease FROM-CACHE

> Task :react-native-image-picker:processReleaseManifest
package="com.imagepicker" found in source AndroidManifest.xml: D:\AIB Innovations\Tiffsy\Admin App\TiffsyKitchen\node_modules\react-native-image-picker\android\src\main\AndroidManifest.xml.
Setting the namespace via the package attribute in the source AndroidManifest.xml is no longer supported, and the value is ignored.
Recommendation: remove package="com.imagepicker" from the source AndroidManifest.xml: D:\AIB Innovations\Tiffsy\Admin App\TiffsyKitchen\node_modules\react-native-image-picker\android\src\main\AndroidManifest.xml.

> Task :react-native-maps:extractDeepLinksRelease FROM-CACHE
> Task :react-native-maps:processReleaseManifest
> Task :react-native-reanimated:extractDeepLinksRelease FROM-CACHE
> Task :react-native-reanimated:processReleaseManifest
> Task :react-native-safe-area-context:extractDeepLinksRelease FROM-CACHE

> Task :react-native-safe-area-context:processReleaseManifest
package="com.th3rdwave.safeareacontext" found in source AndroidManifest.xml: D:\AIB Innovations\Tiffsy\Admin App\TiffsyKitchen\node_modules\react-native-safe-area-context\android\src\main\AndroidManifest.xml.
Setting the namespace via the package attribute in the source AndroidManifest.xml is no longer supported, and the value is ignored.
Recommendation: remove package="com.th3rdwave.safeareacontext" from the source AndroidManifest.xml: D:\AIB Innovations\Tiffsy\Admin App\TiffsyKitchen\node_modules\react-native-safe-area-context\android\src\main\AndroidManifest.xml.

> Task :react-native-svg:extractDeepLinksRelease FROM-CACHE
> Task :react-native-svg:processReleaseManifest
> Task :react-native-vector-icons:extractDeepLinksRelease FROM-CACHE

> Task :react-native-vector-icons:processReleaseManifest
package="com.oblador.vectoricons" found in source AndroidManifest.xml: D:\AIB Innovations\Tiffsy\Admin App\TiffsyKitchen\node_modules\react-native-vector-icons\android\src\main\AndroidManifest.xml.
Setting the namespace via the package attribute in the source AndroidManifest.xml is no longer supported, and the value is ignored.
Recommendation: remove package="com.oblador.vectoricons" from the source AndroidManifest.xml: D:\AIB Innovations\Tiffsy\Admin App\TiffsyKitchen\node_modules\react-native-vector-icons\android\src\main\AndroidManifest.xml.

> Task :react-native-worklets:extractDeepLinksRelease FROM-CACHE
> Task :react-native-worklets:processReleaseManifest
> Task :app:mergeReleaseResources
> Task :app:processReleaseMainManifest
> Task :app:processReleaseManifest
> Task :notifee_react-native:compileReleaseLibraryResources
> Task :app:processReleaseManifestForPackage
> Task :react-native-async-storage_async-storage:compileReleaseLibraryResources FROM-CACHE
> Task :react-native-clipboard_clipboard:compileReleaseLibraryResources FROM-CACHE
> Task :react-native-community_netinfo:compileReleaseLibraryResources FROM-CACHE
> Task :react-native-community_slider:compileReleaseLibraryResources FROM-CACHE
> Task :react-native-firebase_app:compileReleaseLibraryResources FROM-CACHE
> Task :react-native-geolocation-service:compileReleaseLibraryResources FROM-CACHE
> Task :react-native-firebase_messaging:compileReleaseLibraryResources
> Task :react-native-gesture-handler:compileReleaseLibraryResources FROM-CACHE
> Task :react-native-maps:compileReleaseLibraryResources FROM-CACHE
> Task :react-native-reanimated:compileReleaseLibraryResources FROM-CACHE
> Task :react-native-safe-area-context:compileReleaseLibraryResources FROM-CACHE
> Task :react-native-svg:compileReleaseLibraryResources FROM-CACHE
> Task :react-native-vector-icons:compileReleaseLibraryResources FROM-CACHE
> Task :react-native-worklets:compileReleaseLibraryResources FROM-CACHE
> Task :react-native-image-picker:compileReleaseLibraryResources
> Task :notifee_react-native:bundleLibCompileToJarRelease
> Task :react-native-async-storage_async-storage:bundleLibCompileToJarRelease
> Task :react-native-clipboard_clipboard:bundleLibCompileToJarRelease
> Task :react-native-community_netinfo:bundleLibCompileToJarRelease
> Task :react-native-community_slider:bundleLibCompileToJarRelease
> Task :react-native-firebase_messaging:bundleLibCompileToJarRelease
> Task :react-native-geolocation-service:bundleLibCompileToJarRelease
> Task :react-native-gesture-handler:bundleLibCompileToJarRelease
> Task :react-native-image-picker:bundleLibCompileToJarRelease
> Task :react-native-maps:bundleLibCompileToJarRelease
> Task :react-native-safe-area-context:bundleLibCompileToJarRelease
> Task :react-native-vector-icons:bundleLibCompileToJarRelease
> Task :app:javaPreCompileRelease FROM-CACHE
> Task :app:desugarReleaseFileDependencies
> Task :app:mergeReleaseStartupProfile
> Task :app:processReleaseResources
> Task :app:mergeExtDexRelease
> Task :notifee_react-native:prepareReleaseArtProfile
> Task :react-native-async-storage_async-storage:prepareReleaseArtProfile
> Task :react-native-clipboard_clipboard:prepareReleaseArtProfile
> Task :react-native-community_netinfo:prepareReleaseArtProfile
> Task :react-native-community_slider:prepareReleaseArtProfile
> Task :react-native-firebase_app:prepareReleaseArtProfile
> Task :react-native-firebase_messaging:prepareReleaseArtProfile
> Task :react-native-geolocation-service:prepareReleaseArtProfile
> Task :react-native-gesture-handler:prepareReleaseArtProfile
> Task :react-native-image-picker:prepareReleaseArtProfile
> Task :react-native-maps:prepareReleaseArtProfile
> Task :react-native-reanimated:prepareReleaseArtProfile
> Task :react-native-safe-area-context:prepareReleaseArtProfile
> Task :react-native-svg:prepareReleaseArtProfile
> Task :react-native-vector-icons:prepareReleaseArtProfile
> Task :react-native-worklets:prepareReleaseArtProfile
> Task :app:mergeReleaseArtProfile
> Task :react-native-gesture-handler:bundleLibRuntimeToJarRelease

> Task :app:compileReleaseKotlin
w: file:///D:/AIB%20Innovations/Tiffsy/Admin%20App/TiffsyKitchen/android/app/src/main/java/com/tiffsykitchen/smsconsent/SmsUserConsentPackage.kt:9:18 This declaration overrides a deprecated member but is not marked as deprecated itself. Add the '@Deprecated' annotation or suppress the diagnostic.

> Task :react-native-maps:bundleLibRuntimeToJarRelease
> Task :app:compileReleaseJavaWithJavac
> Task :app:dexBuilderRelease
> Task :react-native-safe-area-context:bundleLibRuntimeToJarRelease
> Task :notifee_react-native:bundleLibRuntimeToJarRelease
> Task :react-native-async-storage_async-storage:bundleLibRuntimeToJarRelease
> Task :react-native-clipboard_clipboard:bundleLibRuntimeToJarRelease
> Task :react-native-community_netinfo:bundleLibRuntimeToJarRelease
> Task :react-native-community_slider:bundleLibRuntimeToJarRelease
> Task :react-native-firebase_messaging:bundleLibRuntimeToJarRelease
> Task :react-native-firebase_app:bundleLibRuntimeToJarRelease
> Task :react-native-geolocation-service:bundleLibRuntimeToJarRelease
> Task :react-native-image-picker:bundleLibRuntimeToJarRelease
> Task :react-native-reanimated:bundleLibRuntimeToJarRelease
> Task :app:mergeDexRelease
> Task :react-native-svg:bundleLibRuntimeToJarRelease
> Task :react-native-vector-icons:bundleLibRuntimeToJarRelease
> Task :react-native-worklets:bundleLibRuntimeToJarRelease
> Task :app:mergeReleaseShaders
> Task :app:compileReleaseShaders NO-SOURCE
> Task :app:copyReactNativeVectorIconFonts
> Task :app:generateReleaseAssets
> Task :notifee_react-native:mergeReleaseShaders
> Task :notifee_react-native:compileReleaseShaders NO-SOURCE
> Task :notifee_react-native:generateReleaseAssets UP-TO-DATE
> Task :notifee_react-native:mergeReleaseAssets
> Task :react-native-async-storage_async-storage:mergeReleaseShaders
> Task :react-native-async-storage_async-storage:compileReleaseShaders NO-SOURCE
> Task :react-native-async-storage_async-storage:generateReleaseAssets UP-TO-DATE
> Task :react-native-async-storage_async-storage:mergeReleaseAssets
> Task :react-native-clipboard_clipboard:mergeReleaseShaders
> Task :react-native-clipboard_clipboard:compileReleaseShaders NO-SOURCE
> Task :react-native-clipboard_clipboard:generateReleaseAssets UP-TO-DATE
> Task :react-native-clipboard_clipboard:mergeReleaseAssets
> Task :react-native-community_netinfo:mergeReleaseShaders
> Task :app:mergeReleaseGlobalSynthetics
> Task :react-native-community_netinfo:compileReleaseShaders NO-SOURCE
> Task :react-native-community_netinfo:generateReleaseAssets UP-TO-DATE
> Task :react-native-community_netinfo:mergeReleaseAssets
> Task :react-native-community_slider:mergeReleaseShaders
> Task :react-native-community_slider:compileReleaseShaders NO-SOURCE
> Task :react-native-community_slider:generateReleaseAssets UP-TO-DATE
> Task :react-native-community_slider:mergeReleaseAssets
> Task :react-native-firebase_app:mergeReleaseShaders
> Task :react-native-firebase_app:compileReleaseShaders NO-SOURCE
> Task :react-native-firebase_app:generateReleaseAssets UP-TO-DATE
> Task :react-native-firebase_app:mergeReleaseAssets
> Task :react-native-firebase_messaging:mergeReleaseShaders
> Task :react-native-firebase_messaging:compileReleaseShaders NO-SOURCE
> Task :react-native-firebase_messaging:generateReleaseAssets UP-TO-DATE
> Task :react-native-firebase_messaging:mergeReleaseAssets
> Task :react-native-geolocation-service:mergeReleaseShaders
> Task :react-native-geolocation-service:compileReleaseShaders NO-SOURCE
> Task :react-native-geolocation-service:generateReleaseAssets UP-TO-DATE
> Task :react-native-geolocation-service:mergeReleaseAssets
> Task :react-native-gesture-handler:mergeReleaseShaders
> Task :react-native-gesture-handler:compileReleaseShaders NO-SOURCE
> Task :react-native-gesture-handler:generateReleaseAssets UP-TO-DATE
> Task :react-native-gesture-handler:mergeReleaseAssets
> Task :react-native-image-picker:mergeReleaseShaders
> Task :react-native-image-picker:compileReleaseShaders NO-SOURCE
> Task :react-native-image-picker:generateReleaseAssets UP-TO-DATE
> Task :react-native-image-picker:mergeReleaseAssets
> Task :react-native-maps:mergeReleaseShaders
> Task :react-native-maps:compileReleaseShaders NO-SOURCE
> Task :react-native-maps:generateReleaseAssets UP-TO-DATE
> Task :react-native-maps:mergeReleaseAssets
> Task :react-native-reanimated:mergeReleaseShaders
> Task :react-native-reanimated:compileReleaseShaders NO-SOURCE
> Task :react-native-reanimated:generateReleaseAssets UP-TO-DATE
> Task :react-native-reanimated:mergeReleaseAssets
> Task :react-native-safe-area-context:mergeReleaseShaders
> Task :react-native-safe-area-context:compileReleaseShaders NO-SOURCE
> Task :react-native-safe-area-context:generateReleaseAssets UP-TO-DATE
> Task :react-native-safe-area-context:mergeReleaseAssets
> Task :react-native-svg:mergeReleaseShaders
> Task :react-native-svg:compileReleaseShaders NO-SOURCE
> Task :react-native-svg:generateReleaseAssets UP-TO-DATE
> Task :react-native-svg:mergeReleaseAssets
> Task :react-native-vector-icons:mergeReleaseShaders
> Task :react-native-vector-icons:compileReleaseShaders NO-SOURCE
> Task :react-native-vector-icons:generateReleaseAssets UP-TO-DATE
> Task :react-native-vector-icons:mergeReleaseAssets
> Task :react-native-worklets:mergeReleaseShaders
> Task :react-native-worklets:compileReleaseShaders NO-SOURCE
> Task :react-native-worklets:generateReleaseAssets UP-TO-DATE
> Task :react-native-worklets:mergeReleaseAssets
> Task :app:compileReleaseArtProfile
> Task :app:mergeReleaseAssets
> Task :app:extractReleaseVersionControlInfo
> Task :app:processReleaseJavaRes
> Task :notifee_react-native:processReleaseJavaRes NO-SOURCE
> Task :react-native-async-storage_async-storage:processReleaseJavaRes NO-SOURCE
> Task :react-native-clipboard_clipboard:processReleaseJavaRes NO-SOURCE
> Task :react-native-community_netinfo:processReleaseJavaRes NO-SOURCE
> Task :react-native-community_slider:processReleaseJavaRes NO-SOURCE
> Task :react-native-firebase_app:processReleaseJavaRes NO-SOURCE
> Task :react-native-firebase_messaging:processReleaseJavaRes NO-SOURCE
> Task :react-native-geolocation-service:processReleaseJavaRes NO-SOURCE
> Task :react-native-gesture-handler:processReleaseJavaRes
> Task :react-native-image-picker:processReleaseJavaRes NO-SOURCE
> Task :react-native-maps:processReleaseJavaRes NO-SOURCE
> Task :react-native-reanimated:processReleaseJavaRes NO-SOURCE
> Task :react-native-safe-area-context:processReleaseJavaRes
> Task :react-native-svg:processReleaseJavaRes NO-SOURCE
> Task :react-native-vector-icons:processReleaseJavaRes NO-SOURCE
> Task :react-native-worklets:processReleaseJavaRes NO-SOURCE
> Task :app:compressReleaseAssets
> Task :app:optimizeReleaseResources
> Task :app:collectReleaseDependencies
> Task :app:sdkReleaseDependencyData
> Task :app:validateSigningRelease
> Task :app:writeReleaseAppMetadata
> Task :app:writeReleaseSigningConfigVersions
> Task :notifee_react-native:stripReleaseDebugSymbols NO-SOURCE
> Task :notifee_react-native:copyReleaseJniLibsProjectAndLocalJars
> Task :notifee_react-native:extractDeepLinksForAarRelease
> Task :notifee_react-native:extractReleaseAnnotations
> Task :notifee_react-native:mergeReleaseGeneratedProguardFiles
> Task :notifee_react-native:mergeReleaseConsumerProguardFiles
> Task :notifee_react-native:prepareLintJarForPublish
> Task :notifee_react-native:mergeReleaseJavaResource
> Task :notifee_react-native:syncReleaseLibJars
> Task :notifee_react-native:bundleReleaseAar
> Task :notifee_react-native:mapReleaseSourceSetPaths
> Task :app:mergeReleaseJavaResource
> Task :notifee_react-native:mergeReleaseResources
> Task :app:packageRelease
> Task :app:createReleaseApkListingFileRedirect
> Task :app:assembleRelease
> Task :react-native-async-storage_async-storage:stripReleaseDebugSymbols NO-SOURCE
> Task :react-native-async-storage_async-storage:copyReleaseJniLibsProjectAndLocalJars
> Task :react-native-async-storage_async-storage:extractDeepLinksForAarRelease FROM-CACHE
> Task :react-native-async-storage_async-storage:extractReleaseAnnotations
> Task :react-native-async-storage_async-storage:mergeReleaseGeneratedProguardFiles
> Task :react-native-async-storage_async-storage:mergeReleaseConsumerProguardFiles
> Task :react-native-async-storage_async-storage:prepareLintJarForPublish
> Task :react-native-async-storage_async-storage:mergeReleaseJavaResource
> Task :react-native-async-storage_async-storage:syncReleaseLibJars
> Task :react-native-async-storage_async-storage:bundleReleaseAar
> Task :react-native-async-storage_async-storage:mapReleaseSourceSetPaths
> Task :react-native-async-storage_async-storage:mergeReleaseResources
> Task :notifee_react-native:verifyReleaseResources
> Task :notifee_react-native:assembleRelease
> Task :react-native-clipboard_clipboard:stripReleaseDebugSymbols NO-SOURCE
> Task :react-native-clipboard_clipboard:copyReleaseJniLibsProjectAndLocalJars
> Task :react-native-clipboard_clipboard:extractDeepLinksForAarRelease FROM-CACHE
> Task :react-native-clipboard_clipboard:extractReleaseAnnotations
> Task :react-native-clipboard_clipboard:mergeReleaseGeneratedProguardFiles
> Task :react-native-clipboard_clipboard:mergeReleaseConsumerProguardFiles
> Task :react-native-clipboard_clipboard:prepareLintJarForPublish
> Task :react-native-clipboard_clipboard:mergeReleaseJavaResource
> Task :react-native-clipboard_clipboard:syncReleaseLibJars
> Task :react-native-clipboard_clipboard:bundleReleaseAar
> Task :react-native-clipboard_clipboard:mapReleaseSourceSetPaths
> Task :react-native-clipboard_clipboard:mergeReleaseResources
> Task :react-native-async-storage_async-storage:verifyReleaseResources
> Task :react-native-async-storage_async-storage:assembleRelease
> Task :react-native-community_netinfo:stripReleaseDebugSymbols NO-SOURCE
> Task :react-native-community_netinfo:copyReleaseJniLibsProjectAndLocalJars
> Task :react-native-community_netinfo:extractDeepLinksForAarRelease FROM-CACHE
> Task :react-native-community_netinfo:extractReleaseAnnotations
> Task :react-native-community_netinfo:mergeReleaseGeneratedProguardFiles
> Task :react-native-community_netinfo:mergeReleaseConsumerProguardFiles
> Task :react-native-community_netinfo:prepareLintJarForPublish
> Task :react-native-community_netinfo:mergeReleaseJavaResource
> Task :react-native-community_netinfo:syncReleaseLibJars
> Task :react-native-community_netinfo:bundleReleaseAar
> Task :react-native-community_netinfo:mapReleaseSourceSetPaths
> Task :react-native-community_netinfo:mergeReleaseResources
> Task :react-native-clipboard_clipboard:verifyReleaseResources
> Task :react-native-clipboard_clipboard:assembleRelease
> Task :react-native-community_slider:stripReleaseDebugSymbols NO-SOURCE
> Task :react-native-community_slider:copyReleaseJniLibsProjectAndLocalJars
> Task :react-native-community_slider:extractDeepLinksForAarRelease FROM-CACHE
> Task :react-native-community_slider:extractReleaseAnnotations
> Task :react-native-community_slider:mergeReleaseGeneratedProguardFiles
> Task :react-native-community_slider:mergeReleaseConsumerProguardFiles
> Task :react-native-community_slider:prepareLintJarForPublish
> Task :react-native-community_slider:mergeReleaseJavaResource
> Task :react-native-community_slider:syncReleaseLibJars
> Task :react-native-community_slider:bundleReleaseAar
> Task :react-native-community_slider:mapReleaseSourceSetPaths
> Task :react-native-community_slider:mergeReleaseResources
> Task :react-native-community_netinfo:verifyReleaseResources
> Task :react-native-community_netinfo:assembleRelease
> Task :react-native-firebase_app:stripReleaseDebugSymbols NO-SOURCE
> Task :react-native-firebase_app:copyReleaseJniLibsProjectAndLocalJars
> Task :react-native-firebase_app:extractDeepLinksForAarRelease
> Task :react-native-firebase_app:extractReleaseAnnotations
> Task :react-native-firebase_app:mergeReleaseGeneratedProguardFiles
> Task :react-native-firebase_app:mergeReleaseConsumerProguardFiles
> Task :react-native-firebase_app:prepareLintJarForPublish
> Task :react-native-firebase_app:mergeReleaseJavaResource
> Task :react-native-firebase_app:syncReleaseLibJars
> Task :react-native-firebase_app:bundleReleaseAar
> Task :react-native-firebase_app:mapReleaseSourceSetPaths
> Task :react-native-firebase_app:mergeReleaseResources
> Task :react-native-community_slider:verifyReleaseResources
> Task :react-native-community_slider:assembleRelease
> Task :react-native-firebase_messaging:stripReleaseDebugSymbols NO-SOURCE
> Task :react-native-firebase_messaging:copyReleaseJniLibsProjectAndLocalJars
> Task :react-native-firebase_messaging:extractDeepLinksForAarRelease
> Task :react-native-firebase_messaging:extractReleaseAnnotations
> Task :react-native-firebase_messaging:mergeReleaseGeneratedProguardFiles
> Task :react-native-firebase_messaging:mergeReleaseConsumerProguardFiles
> Task :react-native-firebase_messaging:prepareLintJarForPublish
> Task :react-native-firebase_messaging:mergeReleaseJavaResource
> Task :react-native-firebase_messaging:syncReleaseLibJars
> Task :react-native-firebase_messaging:bundleReleaseAar
> Task :react-native-firebase_messaging:mapReleaseSourceSetPaths
> Task :react-native-firebase_messaging:mergeReleaseResources
> Task :react-native-firebase_app:verifyReleaseResources
> Task :react-native-firebase_app:assembleRelease
> Task :react-native-geolocation-service:stripReleaseDebugSymbols NO-SOURCE
> Task :react-native-geolocation-service:copyReleaseJniLibsProjectAndLocalJars
> Task :react-native-geolocation-service:extractDeepLinksForAarRelease FROM-CACHE
> Task :react-native-geolocation-service:extractReleaseAnnotations
> Task :react-native-geolocation-service:mergeReleaseGeneratedProguardFiles
> Task :react-native-geolocation-service:mergeReleaseConsumerProguardFiles
> Task :react-native-geolocation-service:prepareLintJarForPublish
> Task :react-native-geolocation-service:mergeReleaseJavaResource
> Task :react-native-geolocation-service:syncReleaseLibJars
> Task :react-native-geolocation-service:bundleReleaseAar
> Task :react-native-geolocation-service:mapReleaseSourceSetPaths
> Task :react-native-geolocation-service:mergeReleaseResources
> Task :react-native-firebase_messaging:verifyReleaseResources
> Task :react-native-firebase_messaging:assembleRelease
> Task :react-native-gesture-handler:stripReleaseDebugSymbols
> Task :react-native-gesture-handler:copyReleaseJniLibsProjectAndLocalJars
> Task :react-native-gesture-handler:extractDeepLinksForAarRelease FROM-CACHE
> Task :react-native-gesture-handler:extractReleaseAnnotations
> Task :react-native-gesture-handler:mergeReleaseGeneratedProguardFiles
> Task :react-native-gesture-handler:mergeReleaseConsumerProguardFiles
> Task :react-native-gesture-handler:prepareLintJarForPublish
> Task :react-native-gesture-handler:mergeReleaseJavaResource
> Task :react-native-gesture-handler:syncReleaseLibJars
> Task :react-native-gesture-handler:bundleReleaseAar
> Task :react-native-gesture-handler:mapReleaseSourceSetPaths
> Task :react-native-gesture-handler:mergeReleaseResources
> Task :react-native-geolocation-service:verifyReleaseResources
> Task :react-native-geolocation-service:assembleRelease
> Task :react-native-image-picker:stripReleaseDebugSymbols NO-SOURCE
> Task :react-native-image-picker:copyReleaseJniLibsProjectAndLocalJars
> Task :react-native-image-picker:extractDeepLinksForAarRelease FROM-CACHE
> Task :react-native-image-picker:extractReleaseAnnotations
> Task :react-native-image-picker:mergeReleaseGeneratedProguardFiles
> Task :react-native-image-picker:mergeReleaseConsumerProguardFiles
> Task :react-native-image-picker:prepareLintJarForPublish
> Task :react-native-image-picker:mergeReleaseJavaResource
> Task :react-native-image-picker:syncReleaseLibJars
> Task :react-native-image-picker:bundleReleaseAar
> Task :react-native-image-picker:mapReleaseSourceSetPaths
> Task :react-native-image-picker:mergeReleaseResources
> Task :react-native-gesture-handler:verifyReleaseResources
> Task :react-native-gesture-handler:assembleRelease
> Task :react-native-maps:stripReleaseDebugSymbols NO-SOURCE
> Task :react-native-maps:copyReleaseJniLibsProjectAndLocalJars
> Task :react-native-maps:extractDeepLinksForAarRelease FROM-CACHE
> Task :react-native-maps:extractReleaseAnnotations
> Task :react-native-maps:mergeReleaseGeneratedProguardFiles
> Task :react-native-maps:mergeReleaseConsumerProguardFiles
> Task :react-native-maps:prepareLintJarForPublish
> Task :react-native-maps:mergeReleaseJavaResource
> Task :react-native-maps:syncReleaseLibJars
> Task :react-native-maps:bundleReleaseAar
> Task :react-native-maps:mapReleaseSourceSetPaths
> Task :react-native-maps:mergeReleaseResources
> Task :react-native-image-picker:verifyReleaseResources
> Task :react-native-image-picker:assembleRelease
> Task :react-native-reanimated:stripReleaseDebugSymbols
> Task :react-native-reanimated:copyReleaseJniLibsProjectAndLocalJars
> Task :react-native-reanimated:extractDeepLinksForAarRelease FROM-CACHE
> Task :react-native-reanimated:extractReleaseAnnotations
> Task :react-native-reanimated:mergeReleaseGeneratedProguardFiles
> Task :react-native-reanimated:mergeReleaseConsumerProguardFiles
> Task :react-native-reanimated:prepareLintJarForPublish
> Task :react-native-reanimated:mergeReleaseJavaResource
> Task :react-native-reanimated:syncReleaseLibJars
> Task :react-native-maps:verifyReleaseResources
> Task :react-native-reanimated:bundleReleaseAar
> Task :react-native-maps:assembleRelease
> Task :react-native-reanimated:mapReleaseSourceSetPaths
> Task :react-native-reanimated:mergeReleaseResources
> Task :react-native-safe-area-context:stripReleaseDebugSymbols NO-SOURCE
> Task :react-native-safe-area-context:copyReleaseJniLibsProjectAndLocalJars
> Task :react-native-safe-area-context:extractDeepLinksForAarRelease FROM-CACHE
> Task :react-native-safe-area-context:extractReleaseAnnotations
> Task :react-native-safe-area-context:mergeReleaseGeneratedProguardFiles
> Task :react-native-safe-area-context:mergeReleaseConsumerProguardFiles
> Task :react-native-safe-area-context:prepareLintJarForPublish
> Task :react-native-safe-area-context:mergeReleaseJavaResource
> Task :react-native-safe-area-context:syncReleaseLibJars
> Task :react-native-safe-area-context:bundleReleaseAar
> Task :react-native-safe-area-context:mapReleaseSourceSetPaths
> Task :react-native-safe-area-context:mergeReleaseResources
> Task :react-native-reanimated:verifyReleaseResources
> Task :react-native-reanimated:assembleRelease
> Task :react-native-svg:stripReleaseDebugSymbols NO-SOURCE
> Task :react-native-svg:copyReleaseJniLibsProjectAndLocalJars
> Task :react-native-svg:extractDeepLinksForAarRelease FROM-CACHE
> Task :react-native-svg:extractReleaseAnnotations
> Task :react-native-svg:mergeReleaseGeneratedProguardFiles
> Task :react-native-svg:mergeReleaseConsumerProguardFiles
> Task :react-native-svg:prepareLintJarForPublish
> Task :react-native-svg:mergeReleaseJavaResource
> Task :react-native-svg:syncReleaseLibJars
> Task :react-native-svg:bundleReleaseAar
> Task :react-native-svg:mapReleaseSourceSetPaths
> Task :react-native-svg:mergeReleaseResources
> Task :react-native-safe-area-context:verifyReleaseResources
> Task :react-native-safe-area-context:assembleRelease
> Task :react-native-vector-icons:stripReleaseDebugSymbols NO-SOURCE
> Task :react-native-vector-icons:copyReleaseJniLibsProjectAndLocalJars
> Task :react-native-vector-icons:extractDeepLinksForAarRelease FROM-CACHE
> Task :react-native-vector-icons:extractReleaseAnnotations
> Task :react-native-vector-icons:mergeReleaseGeneratedProguardFiles
> Task :react-native-vector-icons:mergeReleaseConsumerProguardFiles
> Task :react-native-vector-icons:prepareLintJarForPublish
> Task :react-native-vector-icons:mergeReleaseJavaResource
> Task :react-native-vector-icons:syncReleaseLibJars
> Task :react-native-vector-icons:bundleReleaseAar
> Task :react-native-vector-icons:mapReleaseSourceSetPaths
> Task :react-native-vector-icons:mergeReleaseResources
> Task :react-native-svg:verifyReleaseResources
> Task :react-native-svg:assembleRelease
> Task :react-native-worklets:stripReleaseDebugSymbols
> Task :react-native-worklets:copyReleaseJniLibsProjectAndLocalJars
> Task :react-native-worklets:extractDeepLinksForAarRelease FROM-CACHE
> Task :react-native-worklets:extractReleaseAnnotations
> Task :react-native-worklets:mergeReleaseGeneratedProguardFiles
> Task :react-native-worklets:mergeReleaseConsumerProguardFiles
> Task :react-native-worklets:prepareLintJarForPublish
> Task :react-native-worklets:mergeReleaseJavaResource
> Task :react-native-worklets:syncReleaseLibJars
> Task :react-native-vector-icons:verifyReleaseResources
> Task :react-native-worklets:bundleReleaseAar
> Task :react-native-vector-icons:assembleRelease
> Task :react-native-worklets:mapReleaseSourceSetPaths
> Task :react-native-worklets:mergeReleaseResources
> Task :react-native-worklets:verifyReleaseResources
> Task :react-native-worklets:assembleRelease

[Incubating] Problems report is available at: file:///D:/AIB%20Innovations/Tiffsy/Admin%20App/TiffsyKitchen/android/build/reports/problems/problems-report.html

Deprecated Gradle features were used in this build, making it incompatible with Gradle 10.

You can use '--warning-mode all' to show the individual deprecation warnings and determine if they come from your own scripts or plugins.

For more on this, please refer to https://docs.gradle.org/9.0.0/userguide/command_line_interface.html#sec:command_line_warnings in the Gradle documentation.

BUILD SUCCESSFUL in 22m 31s
647 actionable tasks: 551 executed, 96 from cache
