#
# There is insufficient memory for the Java Runtime Environment to continue.
# Native memory allocation (malloc) failed to allocate 1152288 bytes for Chunk::new
# Possible reasons:
#   The system is out of physical RAM or swap space
#   The process is running with CompressedOops enabled, and the Java Heap may be blocking the growth of the native heap
# Possible solutions:
#   Reduce memory load on the system
#   Increase physical memory or swap space
#   Check if swap backing store is full
#   Decrease Java heap size (-Xmx/-Xms)
#   Decrease number of Java threads
#   Decrease Java thread stack sizes (-Xss)
#   Set larger code cache with -XX:ReservedCodeCacheSize=
#   JVM is running with Unscaled Compressed Oops mode in which the Java heap is
#     placed in the first 4GB address space. The Java Heap base address is the
#     maximum limit for the native heap growth. Please use -XX:HeapBaseMinAddress
#     to set the Java Heap base and to place the Java Heap above 4GB virtual address.
# This output file may be truncated or incomplete.
#
#  Out of Memory Error (arena.cpp:189), pid=23104, tid=15296
#
# JRE version: Java(TM) SE Runtime Environment (17.0.12+8) (build 17.0.12+8-LTS-286)
# Java VM: Java HotSpot(TM) 64-Bit Server VM (17.0.12+8-LTS-286, mixed mode, sharing, tiered, compressed oops, compressed class ptrs, serial gc, windows-amd64)
# No core dump will be written. Minidumps are not enabled by default on client versions of Windows
#

---------------  S U M M A R Y ------------

Command Line: --add-opens=java.base/java.lang=ALL-UNNAMED --add-opens=java.base/java.lang.invoke=ALL-UNNAMED --add-opens=java.base/java.util=ALL-UNNAMED --add-opens=java.prefs/java.util.prefs=ALL-UNNAMED --add-exports=jdk.compiler/com.sun.tools.javac.api=ALL-UNNAMED --add-exports=jdk.compiler/com.sun.tools.javac.util=ALL-UNNAMED --add-opens=java.base/java.util=ALL-UNNAMED --add-opens=java.prefs/java.util.prefs=ALL-UNNAMED --add-opens=java.base/java.nio.charset=ALL-UNNAMED --add-opens=java.base/java.net=ALL-UNNAMED --add-opens=java.base/java.util.concurrent=ALL-UNNAMED --add-opens=java.base/java.util.concurrent.atomic=ALL-UNNAMED --add-opens=java.xml/javax.xml.namespace=ALL-UNNAMED -XX:MaxMetaspaceSize=384m -XX:+UseSerialGC -Xmx1536m -Dfile.encoding=UTF-8 -Duser.country=IN -Duser.language=en -Duser.variant -javaagent:C:\Users\hp\.gradle\wrapper\dists\gradle-9.0.0-bin\d6wjpkvcgsg3oed0qlfss3wgl\gradle-9.0.0\lib\agents\gradle-instrumentation-agent-9.0.0.jar org.gradle.launcher.daemon.bootstrap.GradleDaemon 9.0.0

Host: 12th Gen Intel(R) Core(TM) i5-1235U, 12 cores, 7G,  Windows 11 , 64 bit Build 26100 (10.0.26100.7920)
Time: Thu Apr  2 14:19:58 2026 India Standard Time elapsed time: 6721.216646 seconds (0d 1h 52m 1s)

---------------  T H R E A D  ---------------

Current thread (0x000001a4e56ff100):  JavaThread "C2 CompilerThread0" daemon [_thread_in_native, id=15296, stack(0x0000008cc2d00000,0x0000008cc2e00000)]


Current CompileTask:
C2:6721655 28012       4       org.gradle.api.internal.artifacts.transform.ConsumerProvidedVariantFinder::doFindTransformedVariants (450 bytes)

Stack: [0x0000008cc2d00000,0x0000008cc2e00000]
Native frames: (J=compiled Java code, j=interpreted, Vv=VM code, C=native code)
V  [jvm.dll+0x67a04a]
V  [jvm.dll+0x7da4ed]
V  [jvm.dll+0x7dbe33]
V  [jvm.dll+0x7dc4a3]
V  [jvm.dll+0x24508f]
V  [jvm.dll+0xab773]
V  [jvm.dll+0xabd3c]
V  [jvm.dll+0x361bee]
V  [jvm.dll+0x32c431]
V  [jvm.dll+0x32b8ca]
V  [jvm.dll+0x21683f]
V  [jvm.dll+0x215c6f]
V  [jvm.dll+0x1a2960]
V  [jvm.dll+0x22610b]
V  [jvm.dll+0x2242ab]
V  [jvm.dll+0x79075c]
V  [jvm.dll+0x78abea]
V  [jvm.dll+0x678f35]
C  [ucrtbase.dll+0x37b0]
C  [KERNEL32.DLL+0x2e8d7]
C  [ntdll.dll+0x8c48c]


---------------  P R O C E S S  ---------------

Threads class SMR info:
_java_thread_list=0x000001a499ab3850, length=76, elements={
0x000001a4e56691e0, 0x000001a4e56e2b50, 0x000001a4e56e48f0, 0x000001a4e56f7370,
0x000001a4e56f7e40, 0x000001a4e56f8910, 0x000001a4e56fcd70, 0x000001a4e56ff100,
0x000001a4e570a6e0, 0x000001a4e5718520, 0x000001a4fc0fe950, 0x000001a4fc2dd090,
0x000001a4fd0a8830, 0x000001a4fd22f010, 0x000001a4fcd9e010, 0x000001a4fdc1b7d0,
0x000001a4fdc1db40, 0x000001a4fdc1e050, 0x000001a4fef9f8d0, 0x000001a4fef9e490,
0x000001a4fef9fde0, 0x000001a4fefa1220, 0x000001a499b22830, 0x000001a49cc82f60,
0x000001a49cc83470, 0x000001a49cc87b50, 0x000001a49cc85cf0, 0x000001a49cc88060,
0x000001a49e6a4420, 0x000001a49e6a4930, 0x000001a49e6a76c0, 0x000001a49e6a4e40,
0x000001a49e6a8b00, 0x000001a49e6a9010, 0x000001a49e6a71b0, 0x000001a49e6a3a00,
0x000001a49abd4cc0, 0x000001a49abd6100, 0x000001a49abd47b0, 0x000001a49abd3370,
0x000001a49abd51d0, 0x000001a49abd56e0, 0x000001a49abd42a0, 0x000001a49abd5bf0,
0x000001a49abd6610, 0x000001a49abd3880, 0x000001a49abd2e60, 0x000001a49cc82a50,
0x000001a49cc806e0, 0x000001a49cc81610, 0x000001a49cc80bf0, 0x000001a49cc82030,
0x000001a49cc87130, 0x000001a49cc87640, 0x000001a49cc86200, 0x000001a499b255c0,
0x000001a499b24690, 0x000001a499b25fe0, 0x000001a499b23760, 0x000001a499b23c70,
0x000001a499b250b0, 0x000001a499b25ad0, 0x000001a49a39dd40, 0x000001a49a3a2930,
0x000001a49a3a2e40, 0x000001a49a3a3860, 0x000001a49a3a4280, 0x000001a49a3a3d70,
0x000001a4fef9e9a0, 0x000001a4fef9eeb0, 0x000001a4fefa1730, 0x000001a4fef9df80,
0x000001a4fdc1adb0, 0x000001a49b1f1090, 0x000001a49b1f0160, 0x000001a49b1ee300
}

Java Threads: ( => current thread )
  0x000001a4e56691e0 JavaThread "main" [_thread_blocked, id=8564, stack(0x0000008cc2500000,0x0000008cc2600000)]
  0x000001a4e56e2b50 JavaThread "Reference Handler" daemon [_thread_blocked, id=7364, stack(0x0000008cc2700000,0x0000008cc2800000)]
  0x000001a4e56e48f0 JavaThread "Finalizer" daemon [_thread_blocked, id=14392, stack(0x0000008cc2800000,0x0000008cc2900000)]
  0x000001a4e56f7370 JavaThread "Signal Dispatcher" daemon [_thread_blocked, id=10496, stack(0x0000008cc2900000,0x0000008cc2a00000)]
  0x000001a4e56f7e40 JavaThread "Attach Listener" daemon [_thread_blocked, id=13604, stack(0x0000008cc2a00000,0x0000008cc2b00000)]
  0x000001a4e56f8910 JavaThread "Service Thread" daemon [_thread_blocked, id=12804, stack(0x0000008cc2b00000,0x0000008cc2c00000)]
  0x000001a4e56fcd70 JavaThread "Monitor Deflation Thread" daemon [_thread_blocked, id=22536, stack(0x0000008cc2c00000,0x0000008cc2d00000)]
=>0x000001a4e56ff100 JavaThread "C2 CompilerThread0" daemon [_thread_in_native, id=15296, stack(0x0000008cc2d00000,0x0000008cc2e00000)]
  0x000001a4e570a6e0 JavaThread "C1 CompilerThread0" daemon [_thread_blocked, id=16044, stack(0x0000008cc2e00000,0x0000008cc2f00000)]
  0x000001a4e5718520 JavaThread "Sweeper thread" daemon [_thread_blocked, id=16292, stack(0x0000008cc2f00000,0x0000008cc3000000)]
  0x000001a4fc0fe950 JavaThread "Common-Cleaner" daemon [_thread_blocked, id=11192, stack(0x0000008cc3000000,0x0000008cc3100000)]
  0x000001a4fc2dd090 JavaThread "Notification Thread" daemon [_thread_blocked, id=9052, stack(0x0000008cc3100000,0x0000008cc3200000)]
  0x000001a4fd0a8830 JavaThread "Daemon health stats" [_thread_blocked, id=20204, stack(0x0000008cc3300000,0x0000008cc3400000)]
  0x000001a4fd22f010 JavaThread "Incoming local TCP Connector on port 61563" [_thread_in_native, id=22780, stack(0x0000008cc3400000,0x0000008cc3500000)]
  0x000001a4fcd9e010 JavaThread "Daemon periodic checks" [_thread_blocked, id=14528, stack(0x0000008cc3500000,0x0000008cc3600000)]
  0x000001a4fdc1b7d0 JavaThread "Cache worker for journal cache (C:\Users\hp\.gradle\caches\journal-1)" [_thread_blocked, id=23216, stack(0x0000008cc3d00000,0x0000008cc3e00000)]
  0x000001a4fdc1db40 JavaThread "File lock request listener" [_thread_in_native, id=21656, stack(0x0000008cc3e00000,0x0000008cc3f00000)]
  0x000001a4fdc1e050 JavaThread "Cache worker for file hash cache (C:\Users\hp\.gradle\caches\9.0.0\fileHashes)" [_thread_blocked, id=16716, stack(0x0000008cc3f00000,0x0000008cc4000000)]
  0x000001a4fef9f8d0 JavaThread "File watcher server" daemon [_thread_in_native, id=2680, stack(0x0000008cc4300000,0x0000008cc4400000)]
  0x000001a4fef9e490 JavaThread "File watcher consumer" daemon [_thread_blocked, id=21776, stack(0x0000008cc4400000,0x0000008cc4500000)]
  0x000001a4fef9fde0 JavaThread "Cache worker for file content cache (C:\Users\hp\.gradle\caches\9.0.0\fileContent)" [_thread_blocked, id=14496, stack(0x0000008cc4500000,0x0000008cc4600000)]
  0x000001a4fefa1220 JavaThread "jar transforms" [_thread_blocked, id=10396, stack(0x0000008cc4900000,0x0000008cc4a00000)]
  0x000001a499b22830 JavaThread "Memory manager" [_thread_blocked, id=15212, stack(0x0000008cc5400000,0x0000008cc5500000)]
  0x000001a49cc82f60 JavaThread "jar transforms Thread 2" [_thread_blocked, id=24144, stack(0x0000008cc5300000,0x0000008cc5400000)]
  0x000001a49cc83470 JavaThread "jar transforms Thread 3" [_thread_blocked, id=14648, stack(0x0000008cc6600000,0x0000008cc6700000)]
  0x000001a49cc87b50 JavaThread "jar transforms Thread 4" [_thread_blocked, id=16948, stack(0x0000008cc2200000,0x0000008cc2300000)]
  0x000001a49cc85cf0 JavaThread "jar transforms Thread 5" [_thread_blocked, id=9388, stack(0x0000008cc2300000,0x0000008cc2400000)]
  0x000001a49cc88060 JavaThread "jar transforms Thread 6" [_thread_blocked, id=2012, stack(0x0000008cc2400000,0x0000008cc2500000)]
  0x000001a49e6a4420 JavaThread "jar transforms Thread 7" [_thread_blocked, id=18228, stack(0x0000008cc6a00000,0x0000008cc6b00000)]
  0x000001a49e6a4930 JavaThread "jar transforms Thread 8" [_thread_blocked, id=18028, stack(0x0000008cc6b00000,0x0000008cc6c00000)]
  0x000001a49e6a76c0 JavaThread "jar transforms Thread 9" [_thread_blocked, id=18780, stack(0x0000008cc6c00000,0x0000008cc6d00000)]
  0x000001a49e6a4e40 JavaThread "jar transforms Thread 10" [_thread_blocked, id=13484, stack(0x0000008cc6d00000,0x0000008cc6e00000)]
  0x000001a49e6a8b00 JavaThread "jar transforms Thread 11" [_thread_blocked, id=22216, stack(0x0000008cc6e00000,0x0000008cc6f00000)]
  0x000001a49e6a9010 JavaThread "jar transforms Thread 12" [_thread_blocked, id=21964, stack(0x0000008cc6f00000,0x0000008cc7000000)]
  0x000001a49e6a71b0 JavaThread "Daemon Thread 3" [_thread_blocked, id=23364, stack(0x0000008cc3600000,0x0000008cc3700000)]
  0x000001a49e6a3a00 JavaThread "Handler for socket connection from /127.0.0.1:61563 to /127.0.0.1:62152" [_thread_in_native, id=17236, stack(0x0000008cc3700000,0x0000008cc3800000)]
  0x000001a49abd4cc0 JavaThread "Cancel handler" [_thread_blocked, id=444, stack(0x0000008cc3800000,0x0000008cc3900000)]
  0x000001a49abd6100 JavaThread "Daemon worker Thread 3" [_thread_blocked, id=22292, stack(0x0000008cc3900000,0x0000008cc3a00000)]
  0x000001a49abd47b0 JavaThread "Asynchronous log dispatcher for DefaultDaemonConnection: socket connection from /127.0.0.1:61563 to /127.0.0.1:62152" [_thread_blocked, id=8000, stack(0x0000008cc3a00000,0x0000008cc3b00000)]
  0x000001a49abd3370 JavaThread "Stdin handler" [_thread_blocked, id=6476, stack(0x0000008cc3b00000,0x0000008cc3c00000)]
  0x000001a49abd51d0 JavaThread "Daemon client event forwarder" [_thread_blocked, id=12720, stack(0x0000008cc3c00000,0x0000008cc3d00000)]
  0x000001a49abd56e0 JavaThread "Cache worker for file hash cache (C:\Users\hp\Desktop\AIB Innovations\TiffsyKitchen-1\android\.gradle\9.0.0\fileHashes)" [_thread_blocked, id=25244, stack(0x0000008cc4000000,0x0000008cc4100000)]
  0x000001a49abd42a0 JavaThread "Cache worker for Build Output Cleanup Cache (C:\Users\hp\Desktop\AIB Innovations\TiffsyKitchen-1\android\.gradle\buildOutputCleanup)" [_thread_blocked, id=8040, stack(0x0000008cc4100000,0x0000008cc4200000)]
  0x000001a49abd5bf0 JavaThread "Cache worker for checksums cache (C:\Users\hp\Desktop\AIB Innovations\TiffsyKitchen-1\android\.gradle\9.0.0\checksums)" [_thread_blocked, id=25480, stack(0x0000008cc4200000,0x0000008cc4300000)]
  0x000001a49abd6610 JavaThread "Cache worker for cache directory md-supplier (C:\Users\hp\.gradle\caches\9.0.0\md-supplier)" [_thread_blocked, id=13304, stack(0x0000008cc4600000,0x0000008cc4700000)]
  0x000001a49abd3880 JavaThread "Cache worker for cache directory md-rule (C:\Users\hp\.gradle\caches\9.0.0\md-rule)" [_thread_blocked, id=11144, stack(0x0000008cc4700000,0x0000008cc4800000)]
  0x000001a49abd2e60 JavaThread "Cache worker for Build Output Cleanup Cache (C:\Users\hp\Desktop\AIB Innovations\TiffsyKitchen-1\node_modules\@react-native\gradle-plugin\.gradle\buildOutputCleanup)" [_thread_blocked, id=21604, stack(0x0000008cc4800000,0x0000008cc4900000)]
  0x000001a49cc82a50 JavaThread "Unconstrained build operations" [_thread_blocked, id=21720, stack(0x0000008cc4a00000,0x0000008cc4b00000)]
  0x000001a49cc806e0 JavaThread "Unconstrained build operations Thread 2" [_thread_blocked, id=15380, stack(0x0000008cc4b00000,0x0000008cc4c00000)]
  0x000001a49cc81610 JavaThread "Unconstrained build operations Thread 3" [_thread_blocked, id=1128, stack(0x0000008cc4d00000,0x0000008cc4e00000)]
  0x000001a49cc80bf0 JavaThread "Unconstrained build operations Thread 4" [_thread_blocked, id=12416, stack(0x0000008cc4e00000,0x0000008cc4f00000)]
  0x000001a49cc82030 JavaThread "build event listener" [_thread_blocked, id=8656, stack(0x0000008cc4c00000,0x0000008cc4d00000)]
  0x000001a49cc87130 JavaThread "ForkJoinPool.commonPool-worker-23" daemon [_thread_blocked, id=21692, stack(0x0000008cc4f00000,0x0000008cc5000000)]
  0x000001a49cc87640 JavaThread "ForkJoinPool.commonPool-worker-24" daemon [_thread_blocked, id=5820, stack(0x0000008cc5000000,0x0000008cc5100000)]
  0x000001a49cc86200 JavaThread "ForkJoinPool.commonPool-worker-25" daemon [_thread_blocked, id=11232, stack(0x0000008cc5100000,0x0000008cc5200000)]
  0x000001a499b255c0 JavaThread "ForkJoinPool.commonPool-worker-26" daemon [_thread_blocked, id=9148, stack(0x0000008cc5200000,0x0000008cc5300000)]
  0x000001a499b24690 JavaThread "ForkJoinPool.commonPool-worker-27" daemon [_thread_blocked, id=6928, stack(0x0000008cc5500000,0x0000008cc5600000)]
  0x000001a499b25fe0 JavaThread "ForkJoinPool.commonPool-worker-28" daemon [_thread_blocked, id=25020, stack(0x0000008cc5600000,0x0000008cc5700000)]
  0x000001a499b23760 JavaThread "ForkJoinPool.commonPool-worker-31" daemon [_thread_blocked, id=14516, stack(0x0000008cc5700000,0x0000008cc5800000)]
  0x000001a499b23c70 JavaThread "ForkJoinPool.commonPool-worker-30" daemon [_thread_blocked, id=11212, stack(0x0000008cc5800000,0x0000008cc5900000)]
  0x000001a499b250b0 JavaThread "ForkJoinPool.commonPool-worker-32" daemon [_thread_blocked, id=10264, stack(0x0000008cc5900000,0x0000008cc5a00000)]
  0x000001a499b25ad0 JavaThread "ForkJoinPool.commonPool-worker-29" daemon [_thread_blocked, id=1836, stack(0x0000008cc5a00000,0x0000008cc5b00000)]
  0x000001a49a39dd40 JavaThread "included builds" [_thread_blocked, id=20340, stack(0x0000008cc5b00000,0x0000008cc5c00000)]
  0x000001a49a3a2930 JavaThread "Cache worker for execution history cache (C:\Users\hp\Desktop\AIB Innovations\TiffsyKitchen-1\node_modules\@react-native\gradle-plugin\.gradle\9.0.0\executionHistory)" [_thread_blocked, id=24868, stack(0x0000008cc5c00000,0x0000008cc5d00000)]
  0x000001a49a3a2e40 JavaThread "Unconstrained build operations Thread 5" [_thread_blocked, id=4648, stack(0x0000008cc5d00000,0x0000008cc5e00000)]
  0x000001a49a3a3860 JavaThread "Unconstrained build operations Thread 6" [_thread_blocked, id=25240, stack(0x0000008cc5e00000,0x0000008cc5f00000)]
  0x000001a49a3a4280 JavaThread "Unconstrained build operations Thread 7" [_thread_blocked, id=23240, stack(0x0000008cc5f00000,0x0000008cc6000000)]
  0x000001a49a3a3d70 JavaThread "Unconstrained build operations Thread 8" [_thread_blocked, id=21048, stack(0x0000008cc6000000,0x0000008cc6100000)]
  0x000001a4fef9e9a0 JavaThread "Unconstrained build operations Thread 9" [_thread_blocked, id=16184, stack(0x0000008cc6100000,0x0000008cc6200000)]
  0x000001a4fef9eeb0 JavaThread "Unconstrained build operations Thread 10" [_thread_blocked, id=6900, stack(0x0000008cc6200000,0x0000008cc6300000)]
  0x000001a4fefa1730 JavaThread "build event listener" [_thread_blocked, id=23912, stack(0x0000008cc6300000,0x0000008cc6400000)]
  0x000001a4fef9df80 JavaThread "Problems report writer" [_thread_blocked, id=22132, stack(0x0000008cc6400000,0x0000008cc6500000)]
  0x000001a4fdc1adb0 JavaThread "Exec process Thread 7" [_thread_in_native, id=15120, stack(0x0000008cc6700000,0x0000008cc6800000)]
  0x000001a49b1f1090 JavaThread "Exec process Thread 8" [_thread_in_native, id=19028, stack(0x0000008cc6800000,0x0000008cc6900000)]
  0x000001a49b1f0160 JavaThread "Exec process Thread 9" [_thread_in_native, id=21808, stack(0x0000008cc6900000,0x0000008cc6a00000)]
  0x000001a49b1ee300 JavaThread "Cache worker for execution history cache (C:\Users\hp\Desktop\AIB Innovations\TiffsyKitchen-1\android\.gradle\9.0.0\executionHistory)" [_thread_blocked, id=19936, stack(0x0000008cc6500000,0x0000008cc6600000)]

Other Threads:
  0x000001a4e56ddbd0 VMThread "VM Thread" [stack: 0x0000008cc2600000,0x0000008cc2700000] [id=13044]
  0x000001a4fc2dd570 WatcherThread [stack: 0x0000008cc3200000,0x0000008cc3300000] [id=6084]

Threads with active compile tasks:
C2 CompilerThread0  6751487 28012       4       org.gradle.api.internal.artifacts.transform.ConsumerProvidedVariantFinder::doFindTransformedVariants (450 bytes)

VM state: not at safepoint (normal execution)

VM Mutex/Monitor currently owned by a thread: None

Heap address: 0x00000000a0000000, size: 1536 MB, Compressed Oops mode: 32-bit

CDS archive(s) mapped at: [0x000001a480000000-0x000001a480bd0000-0x000001a480bd0000), size 12386304, SharedBaseAddress: 0x000001a480000000, ArchiveRelocationMode: 1.
Compressed class space mapped at: 0x000001a481000000-0x000001a495000000, reserved size: 335544320
Narrow klass base: 0x000001a480000000, Narrow klass shift: 0, Narrow klass range: 0x100000000

GC Precious Log:
 CPUs: 12 total, 12 available
 Memory: 7863M
 Large Page Support: Disabled
 NUMA Support: Disabled
 Compressed Oops: Enabled (32-bit)
 Heap Min Capacity: 8M
 Heap Initial Capacity: 124M
 Heap Max Capacity: 1536M
 Pre-touch: Disabled

Heap:
 def new generation   total 189632K, used 31268K [0x00000000a0000000, 0x00000000acdc0000, 0x00000000c0000000)
  eden space 168576K,  18% used [0x00000000a0000000, 0x00000000a1e89230, 0x00000000aa4a0000)
  from space 21056K,   0% used [0x00000000aa4a0000, 0x00000000aa4a0000, 0x00000000ab930000)
  to   space 21056K,   0% used [0x00000000ab930000, 0x00000000ab930000, 0x00000000acdc0000)
 tenured generation   total 420820K, used 252490K [0x00000000c0000000, 0x00000000d9af5000, 0x0000000100000000)
   the space 420820K,  59% used [0x00000000c0000000, 0x00000000cf6928f8, 0x00000000cf692a00, 0x00000000d9af5000)
 Metaspace       used 131922K, committed 135424K, reserved 458752K
  class space    used 17932K, committed 19392K, reserved 327680K

Card table byte_map: [0x000001a4e5010000,0x000001a4e5320000] _byte_map_base: 0x000001a4e4b10000

Polling page: 0x000001a4e35e0000

Metaspace:

Usage:
  Non-class:    111.32 MB used.
      Class:     17.51 MB used.
       Both:    128.83 MB used.

Virtual space:
  Non-class space:      128.00 MB reserved,     113.31 MB ( 89%) committed,  2 nodes.
      Class space:      320.00 MB reserved,      18.94 MB (  6%) committed,  1 nodes.
             Both:      448.00 MB reserved,     132.25 MB ( 30%) committed. 

Chunk freelists:
   Non-Class:  14.59 MB
       Class:  13.41 MB
        Both:  28.00 MB

MaxMetaspaceSize: 384.00 MB
CompressedClassSpaceSize: 320.00 MB
Initial GC threshold: 21.00 MB
Current GC threshold: 220.44 MB
CDS: on
MetaspaceReclaimPolicy: balanced
 - commit_granule_bytes: 65536.
 - commit_granule_words: 8192.
 - virtual_space_node_default_size: 8388608.
 - enlarge_chunks_in_place: 1.
 - new_chunks_are_fully_committed: 0.
 - uncommit_free_chunks: 1.
 - use_allocation_guard: 0.
 - handle_deallocations: 1.


Internal statistics:

num_allocs_failed_limit: 9.
num_arena_births: 4486.
num_arena_deaths: 654.
num_vsnodes_births: 3.
num_vsnodes_deaths: 0.
num_space_committed: 2115.
num_space_uncommitted: 0.
num_chunks_returned_to_freelist: 805.
num_chunks_taken_from_freelist: 11501.
num_chunk_merges: 246.
num_chunk_splits: 6864.
num_chunks_enlarged: 3519.
num_inconsistent_stats: 0.

CodeHeap 'non-profiled nmethods': size=120000Kb used=20910Kb max_used=20910Kb free=99090Kb
 bounds [0x000001a4f49f0000, 0x000001a4f5e60000, 0x000001a4fbf20000]
CodeHeap 'profiled nmethods': size=120000Kb used=42612Kb max_used=42612Kb free=77387Kb
 bounds [0x000001a4ecf20000, 0x000001a4ef8c0000, 0x000001a4f4450000]
CodeHeap 'non-nmethods': size=5760Kb used=2510Kb max_used=2566Kb free=3249Kb
 bounds [0x000001a4f4450000, 0x000001a4f46e0000, 0x000001a4f49f0000]
 total_blobs=23728 nmethods=22659 adapters=982
 compilation: enabled
              stopped_count=0, restarted_count=0
 full_count=0

Compilation events (20 events):
Event: 6715.090 Thread 0x000001a4e570a6e0 28073       3       java.util.stream.ReduceOps$1ReducingSink::accept (19 bytes)
Event: 6715.090 Thread 0x000001a4e570a6e0 nmethod 28073 0x000001a4ef8b7190 code [0x000001a4ef8b7340, 0x000001a4ef8b7548]
Event: 6715.104 Thread 0x000001a4e570a6e0 28074       3       org.gradle.internal.snapshot.EmptyChildMap::store (18 bytes)
Event: 6715.104 Thread 0x000001a4e570a6e0 nmethod 28074 0x000001a4ef8b7610 code [0x000001a4ef8b7800, 0x000001a4ef8b7cc8]
Event: 6715.123 Thread 0x000001a4e570a6e0 28076       3       com.google.common.collect.ImmutableBiMap::values (5 bytes)
Event: 6715.123 Thread 0x000001a4e570a6e0 nmethod 28076 0x000001a4ef8b7f10 code [0x000001a4ef8b80e0, 0x000001a4ef8b85d8]
Event: 6715.123 Thread 0x000001a4e570a6e0 28077       3       org.gradle.api.internal.changedetection.state.FallbackHandlingResourceHasher::<init> (10 bytes)
Event: 6715.123 Thread 0x000001a4e570a6e0 nmethod 28077 0x000001a4ef8b8710 code [0x000001a4ef8b88a0, 0x000001a4ef8b8a18]
Event: 6715.127 Thread 0x000001a4e570a6e0 28078       1       com.facebook.react.tasks.GenerateCodegenSchemaTask_Decorated::publicType (3 bytes)
Event: 6715.127 Thread 0x000001a4e570a6e0 nmethod 28078 0x000001a4f5e56a90 code [0x000001a4f5e56c20, 0x000001a4f5e56cf8]
Event: 6715.127 Thread 0x000001a4e570a6e0 28079       3       org.gradle.api.problems.internal.DefaultTypeValidationData$DefaultTypeValidationDataBuilder::<init> (55 bytes)
Event: 6715.127 Thread 0x000001a4e570a6e0 nmethod 28079 0x000001a4ef8b8b10 code [0x000001a4ef8b8cc0, 0x000001a4ef8b9038]
Event: 6715.133 Thread 0x000001a4e570a6e0 28080   !   3       java.nio.file.FileTreeWalker::next (144 bytes)
Event: 6715.134 Thread 0x000001a4e570a6e0 nmethod 28080 0x000001a4ef8b9210 code [0x000001a4ef8b94c0, 0x000001a4ef8ba328]
Event: 6715.137 Thread 0x000001a4e570a6e0 28081       1       com.facebook.react.tasks.GenerateCodegenArtifactsTask_Decorated::publicType (3 bytes)
Event: 6715.137 Thread 0x000001a4e570a6e0 nmethod 28081 0x000001a4f5e56d90 code [0x000001a4f5e56f20, 0x000001a4f5e56ff8]
Event: 6715.142 Thread 0x000001a4e570a6e0 28082   !   3       java.nio.file.FileTreeWalker::getAttributes (94 bytes)
Event: 6715.142 Thread 0x000001a4e570a6e0 nmethod 28082 0x000001a4ef8ba890 code [0x000001a4ef8bab40, 0x000001a4ef8bbd48]
Event: 6715.151 Thread 0x000001a4e570a6e0 28083       1       org.gradle.api.DefaultTask_Decorated::publicType (3 bytes)
Event: 6715.151 Thread 0x000001a4e570a6e0 nmethod 28083 0x000001a4f5e57090 code [0x000001a4f5e57220, 0x000001a4f5e572f8]

GC Heap History (20 events):
Event: 1409.617 GC heap before
{Heap before GC invocations=68 (full 6):
 def new generation   total 172608K, used 162948K [0x00000000a0000000, 0x00000000abb40000, 0x00000000c0000000)
  eden space 153472K, 100% used [0x00000000a0000000, 0x00000000a95e0000, 0x00000000a95e0000)
  from space 19136K,  49% used [0x00000000a95e0000, 0x00000000a9f210b0, 0x00000000aa890000)
  to   space 19136K,   0% used [0x00000000aa890000, 0x00000000aa890000, 0x00000000abb40000)
 tenured generation   total 382864K, used 255566K [0x00000000c0000000, 0x00000000d75e4000, 0x0000000100000000)
   the space 382864K,  66% used [0x00000000c0000000, 0x00000000cf9939d8, 0x00000000cf993a00, 0x00000000d75e4000)
 Metaspace       used 127157K, committed 129600K, reserved 458752K
  class space    used 17561K, committed 18752K, reserved 327680K
}
Event: 1409.884 GC heap after
{Heap after GC invocations=69 (full 6):
 def new generation   total 172608K, used 19135K [0x00000000a0000000, 0x00000000abb40000, 0x00000000c0000000)
  eden space 153472K,   0% used [0x00000000a0000000, 0x00000000a0000000, 0x00000000a95e0000)
  from space 19136K,  99% used [0x00000000aa890000, 0x00000000abb3fff8, 0x00000000abb40000)
  to   space 19136K,   0% used [0x00000000a95e0000, 0x00000000a95e0000, 0x00000000aa890000)
 tenured generation   total 382864K, used 257515K [0x00000000c0000000, 0x00000000d75e4000, 0x0000000100000000)
   the space 382864K,  67% used [0x00000000c0000000, 0x00000000cfb7acf8, 0x00000000cfb7ae00, 0x00000000d75e4000)
 Metaspace       used 127157K, committed 129600K, reserved 458752K
  class space    used 17561K, committed 18752K, reserved 327680K
}
Event: 1414.217 GC heap before
{Heap before GC invocations=69 (full 6):
 def new generation   total 172608K, used 172607K [0x00000000a0000000, 0x00000000abb40000, 0x00000000c0000000)
  eden space 153472K, 100% used [0x00000000a0000000, 0x00000000a95e0000, 0x00000000a95e0000)
  from space 19136K,  99% used [0x00000000aa890000, 0x00000000abb3fff8, 0x00000000abb40000)
  to   space 19136K,   0% used [0x00000000a95e0000, 0x00000000a95e0000, 0x00000000aa890000)
 tenured generation   total 382864K, used 257515K [0x00000000c0000000, 0x00000000d75e4000, 0x0000000100000000)
   the space 382864K,  67% used [0x00000000c0000000, 0x00000000cfb7acf8, 0x00000000cfb7ae00, 0x00000000d75e4000)
 Metaspace       used 127692K, committed 130176K, reserved 458752K
  class space    used 17592K, committed 18752K, reserved 327680K
}
Event: 1414.422 GC heap after
{Heap after GC invocations=70 (full 6):
 def new generation   total 172608K, used 19135K [0x00000000a0000000, 0x00000000abb40000, 0x00000000c0000000)
  eden space 153472K,   0% used [0x00000000a0000000, 0x00000000a0000000, 0x00000000a95e0000)
  from space 19136K,  99% used [0x00000000a95e0000, 0x00000000aa88fff8, 0x00000000aa890000)
  to   space 19136K,   0% used [0x00000000aa890000, 0x00000000aa890000, 0x00000000abb40000)
 tenured generation   total 382864K, used 281492K [0x00000000c0000000, 0x00000000d75e4000, 0x0000000100000000)
   the space 382864K,  73% used [0x00000000c0000000, 0x00000000d12e5270, 0x00000000d12e5400, 0x00000000d75e4000)
 Metaspace       used 127692K, committed 130176K, reserved 458752K
  class space    used 17592K, committed 18752K, reserved 327680K
}
Event: 1418.497 GC heap before
{Heap before GC invocations=70 (full 6):
 def new generation   total 172608K, used 172607K [0x00000000a0000000, 0x00000000abb40000, 0x00000000c0000000)
  eden space 153472K, 100% used [0x00000000a0000000, 0x00000000a95e0000, 0x00000000a95e0000)
  from space 19136K,  99% used [0x00000000a95e0000, 0x00000000aa88fff8, 0x00000000aa890000)
  to   space 19136K,   0% used [0x00000000aa890000, 0x00000000aa890000, 0x00000000abb40000)
 tenured generation   total 382864K, used 281492K [0x00000000c0000000, 0x00000000d75e4000, 0x0000000100000000)
   the space 382864K,  73% used [0x00000000c0000000, 0x00000000d12e5270, 0x00000000d12e5400, 0x00000000d75e4000)
 Metaspace       used 128182K, committed 130688K, reserved 458752K
  class space    used 17624K, committed 18816K, reserved 327680K
}
Event: 1418.773 GC heap after
{Heap after GC invocations=71 (full 6):
 def new generation   total 172608K, used 19135K [0x00000000a0000000, 0x00000000abb40000, 0x00000000c0000000)
  eden space 153472K,   0% used [0x00000000a0000000, 0x00000000a0000000, 0x00000000a95e0000)
  from space 19136K,  99% used [0x00000000aa890000, 0x00000000abb3fff8, 0x00000000abb40000)
  to   space 19136K,   0% used [0x00000000a95e0000, 0x00000000a95e0000, 0x00000000aa890000)
 tenured generation   total 382864K, used 309491K [0x00000000c0000000, 0x00000000d75e4000, 0x0000000100000000)
   the space 382864K,  80% used [0x00000000c0000000, 0x00000000d2e3ce70, 0x00000000d2e3d000, 0x00000000d75e4000)
 Metaspace       used 128182K, committed 130688K, reserved 458752K
  class space    used 17624K, committed 18816K, reserved 327680K
}
Event: 1425.050 GC heap before
{Heap before GC invocations=71 (full 6):
 def new generation   total 172608K, used 172607K [0x00000000a0000000, 0x00000000abb40000, 0x00000000c0000000)
  eden space 153472K, 100% used [0x00000000a0000000, 0x00000000a95e0000, 0x00000000a95e0000)
  from space 19136K,  99% used [0x00000000aa890000, 0x00000000abb3fff8, 0x00000000abb40000)
  to   space 19136K,   0% used [0x00000000a95e0000, 0x00000000a95e0000, 0x00000000aa890000)
 tenured generation   total 382864K, used 309491K [0x00000000c0000000, 0x00000000d75e4000, 0x0000000100000000)
   the space 382864K,  80% used [0x00000000c0000000, 0x00000000d2e3ce70, 0x00000000d2e3d000, 0x00000000d75e4000)
 Metaspace       used 128653K, committed 131328K, reserved 458752K
  class space    used 17667K, committed 18944K, reserved 327680K
}
Event: 1425.242 GC heap after
{Heap after GC invocations=72 (full 6):
 def new generation   total 172608K, used 11472K [0x00000000a0000000, 0x00000000abb40000, 0x00000000c0000000)
  eden space 153472K,   0% used [0x00000000a0000000, 0x00000000a0000000, 0x00000000a95e0000)
  from space 19136K,  59% used [0x00000000a95e0000, 0x00000000aa114040, 0x00000000aa890000)
  to   space 19136K,   0% used [0x00000000aa890000, 0x00000000aa890000, 0x00000000abb40000)
 tenured generation   total 382864K, used 327967K [0x00000000c0000000, 0x00000000d75e4000, 0x0000000100000000)
   the space 382864K,  85% used [0x00000000c0000000, 0x00000000d4047d88, 0x00000000d4047e00, 0x00000000d75e4000)
 Metaspace       used 128653K, committed 131328K, reserved 458752K
  class space    used 17667K, committed 18944K, reserved 327680K
}
Event: 1525.971 GC heap before
{Heap before GC invocations=72 (full 6):
 def new generation   total 172608K, used 164944K [0x00000000a0000000, 0x00000000abb40000, 0x00000000c0000000)
  eden space 153472K, 100% used [0x00000000a0000000, 0x00000000a95e0000, 0x00000000a95e0000)
  from space 19136K,  59% used [0x00000000a95e0000, 0x00000000aa114040, 0x00000000aa890000)
  to   space 19136K,   0% used [0x00000000aa890000, 0x00000000aa890000, 0x00000000abb40000)
 tenured generation   total 382864K, used 327967K [0x00000000c0000000, 0x00000000d75e4000, 0x0000000100000000)
   the space 382864K,  85% used [0x00000000c0000000, 0x00000000d4047d88, 0x00000000d4047e00, 0x00000000d75e4000)
 Metaspace       used 131228K, committed 133888K, reserved 458752K
  class space    used 17997K, committed 19264K, reserved 327680K
}
Event: 1526.040 GC heap after
{Heap after GC invocations=73 (full 6):
 def new generation   total 172608K, used 6836K [0x00000000a0000000, 0x00000000abb40000, 0x00000000c0000000)
  eden space 153472K,   0% used [0x00000000a0000000, 0x00000000a0000000, 0x00000000a95e0000)
  from space 19136K,  35% used [0x00000000aa890000, 0x00000000aaf3d0c8, 0x00000000abb40000)
  to   space 19136K,   0% used [0x00000000a95e0000, 0x00000000a95e0000, 0x00000000aa890000)
 tenured generation   total 382864K, used 339118K [0x00000000c0000000, 0x00000000d75e4000, 0x0000000100000000)
   the space 382864K,  88% used [0x00000000c0000000, 0x00000000d4b2b870, 0x00000000d4b2ba00, 0x00000000d75e4000)
 Metaspace       used 131228K, committed 133888K, reserved 458752K
  class space    used 17997K, committed 19264K, reserved 327680K
}
Event: 6681.175 GC heap before
{Heap before GC invocations=73 (full 6):
 def new generation   total 172608K, used 160308K [0x00000000a0000000, 0x00000000abb40000, 0x00000000c0000000)
  eden space 153472K, 100% used [0x00000000a0000000, 0x00000000a95e0000, 0x00000000a95e0000)
  from space 19136K,  35% used [0x00000000aa890000, 0x00000000aaf3d0c8, 0x00000000abb40000)
  to   space 19136K,   0% used [0x00000000a95e0000, 0x00000000a95e0000, 0x00000000aa890000)
 tenured generation   total 382864K, used 339118K [0x00000000c0000000, 0x00000000d75e4000, 0x0000000100000000)
   the space 382864K,  88% used [0x00000000c0000000, 0x00000000d4b2b870, 0x00000000d4b2ba00, 0x00000000d75e4000)
 Metaspace       used 131785K, committed 134464K, reserved 458752K
  class space    used 18060K, committed 19328K, reserved 327680K
}
Event: 6682.187 GC heap after
{Heap after GC invocations=74 (full 6):
 def new generation   total 172608K, used 9097K [0x00000000a0000000, 0x00000000abb40000, 0x00000000c0000000)
  eden space 153472K,   0% used [0x00000000a0000000, 0x00000000a0000000, 0x00000000a95e0000)
  from space 19136K,  47% used [0x00000000a95e0000, 0x00000000a9ec27b0, 0x00000000aa890000)
  to   space 19136K,   0% used [0x00000000aa890000, 0x00000000aa890000, 0x00000000abb40000)
 tenured generation   total 382864K, used 339118K [0x00000000c0000000, 0x00000000d75e4000, 0x0000000100000000)
   the space 382864K,  88% used [0x00000000c0000000, 0x00000000d4b2b870, 0x00000000d4b2ba00, 0x00000000d75e4000)
 Metaspace       used 131785K, committed 134464K, reserved 458752K
  class space    used 18060K, committed 19328K, reserved 327680K
}
Event: 6699.921 GC heap before
{Heap before GC invocations=74 (full 6):
 def new generation   total 172608K, used 162569K [0x00000000a0000000, 0x00000000abb40000, 0x00000000c0000000)
  eden space 153472K, 100% used [0x00000000a0000000, 0x00000000a95e0000, 0x00000000a95e0000)
  from space 19136K,  47% used [0x00000000a95e0000, 0x00000000a9ec27b0, 0x00000000aa890000)
  to   space 19136K,   0% used [0x00000000aa890000, 0x00000000aa890000, 0x00000000abb40000)
 tenured generation   total 382864K, used 339118K [0x00000000c0000000, 0x00000000d75e4000, 0x0000000100000000)
   the space 382864K,  88% used [0x00000000c0000000, 0x00000000d4b2b870, 0x00000000d4b2ba00, 0x00000000d75e4000)
 Metaspace       used 132186K, committed 134976K, reserved 458752K
  class space    used 18083K, committed 19392K, reserved 327680K
}
Event: 6700.190 GC heap after
{Heap after GC invocations=75 (full 6):
 def new generation   total 172608K, used 19135K [0x00000000a0000000, 0x00000000abb40000, 0x00000000c0000000)
  eden space 153472K,   0% used [0x00000000a0000000, 0x00000000a0000000, 0x00000000a95e0000)
  from space 19136K,  99% used [0x00000000aa890000, 0x00000000abb3fff8, 0x00000000abb40000)
  to   space 19136K,   0% used [0x00000000a95e0000, 0x00000000a95e0000, 0x00000000aa890000)
 tenured generation   total 382864K, used 348467K [0x00000000c0000000, 0x00000000d75e4000, 0x0000000100000000)
   the space 382864K,  91% used [0x00000000c0000000, 0x00000000d544cc90, 0x00000000d544ce00, 0x00000000d75e4000)
 Metaspace       used 132186K, committed 134976K, reserved 458752K
  class space    used 18083K, committed 19392K, reserved 327680K
}
Event: 6703.067 GC heap before
{Heap before GC invocations=75 (full 6):
 def new generation   total 172608K, used 172607K [0x00000000a0000000, 0x00000000abb40000, 0x00000000c0000000)
  eden space 153472K, 100% used [0x00000000a0000000, 0x00000000a95e0000, 0x00000000a95e0000)
  from space 19136K,  99% used [0x00000000aa890000, 0x00000000abb3fff8, 0x00000000abb40000)
  to   space 19136K,   0% used [0x00000000a95e0000, 0x00000000a95e0000, 0x00000000aa890000)
 tenured generation   total 382864K, used 348467K [0x00000000c0000000, 0x00000000d75e4000, 0x0000000100000000)
   the space 382864K,  91% used [0x00000000c0000000, 0x00000000d544cc90, 0x00000000d544ce00, 0x00000000d75e4000)
 Metaspace       used 132421K, committed 135168K, reserved 458752K
  class space    used 18095K, committed 19392K, reserved 327680K
}
Event: 6703.216 GC heap after
{Heap after GC invocations=76 (full 6):
 def new generation   total 172608K, used 19136K [0x00000000a0000000, 0x00000000abb40000, 0x00000000c0000000)
  eden space 153472K,   0% used [0x00000000a0000000, 0x00000000a0000000, 0x00000000a95e0000)
  from space 19136K, 100% used [0x00000000a95e0000, 0x00000000aa890000, 0x00000000aa890000)
  to   space 19136K,   0% used [0x00000000aa890000, 0x00000000aa890000, 0x00000000abb40000)
 tenured generation   total 382864K, used 369825K [0x00000000c0000000, 0x00000000d75e4000, 0x0000000100000000)
   the space 382864K,  96% used [0x00000000c0000000, 0x00000000d6928798, 0x00000000d6928800, 0x00000000d75e4000)
 Metaspace       used 132421K, committed 135168K, reserved 458752K
  class space    used 18095K, committed 19392K, reserved 327680K
}
Event: 6705.536 GC heap before
{Heap before GC invocations=76 (full 6):
 def new generation   total 172608K, used 172608K [0x00000000a0000000, 0x00000000abb40000, 0x00000000c0000000)
  eden space 153472K, 100% used [0x00000000a0000000, 0x00000000a95e0000, 0x00000000a95e0000)
  from space 19136K, 100% used [0x00000000a95e0000, 0x00000000aa890000, 0x00000000aa890000)
  to   space 19136K,   0% used [0x00000000aa890000, 0x00000000aa890000, 0x00000000abb40000)
 tenured generation   total 382864K, used 369825K [0x00000000c0000000, 0x00000000d75e4000, 0x0000000100000000)
   the space 382864K,  96% used [0x00000000c0000000, 0x00000000d6928798, 0x00000000d6928800, 0x00000000d75e4000)
 Metaspace       used 132650K, committed 135424K, reserved 458752K
  class space    used 18099K, committed 19392K, reserved 327680K
}
Event: 6705.640 GC heap after
{Heap after GC invocations=77 (full 6):
 def new generation   total 172608K, used 19136K [0x00000000a0000000, 0x00000000abb40000, 0x00000000c0000000)
  eden space 153472K,   0% used [0x00000000a0000000, 0x00000000a0000000, 0x00000000a95e0000)
  from space 19136K, 100% used [0x00000000aa890000, 0x00000000abb40000, 0x00000000abb40000)
  to   space 19136K,   0% used [0x00000000a95e0000, 0x00000000a95e0000, 0x00000000aa890000)
 tenured generation   total 394768K, used 394696K [0x00000000c0000000, 0x00000000d8184000, 0x0000000100000000)
   the space 394768K,  99% used [0x00000000c0000000, 0x00000000d8172228, 0x00000000d8172400, 0x00000000d8184000)
 Metaspace       used 132650K, committed 135424K, reserved 458752K
  class space    used 18099K, committed 19392K, reserved 327680K
}
Event: 6705.640 GC heap before
{Heap before GC invocations=77 (full 6):
 def new generation   total 172608K, used 19136K [0x00000000a0000000, 0x00000000abb40000, 0x00000000c0000000)
  eden space 153472K,   0% used [0x00000000a0000000, 0x00000000a0000000, 0x00000000a95e0000)
  from space 19136K, 100% used [0x00000000aa890000, 0x00000000abb40000, 0x00000000abb40000)
  to   space 19136K,   0% used [0x00000000a95e0000, 0x00000000a95e0000, 0x00000000aa890000)
 tenured generation   total 394768K, used 394696K [0x00000000c0000000, 0x00000000d8184000, 0x0000000100000000)
   the space 394768K,  99% used [0x00000000c0000000, 0x00000000d8172228, 0x00000000d8172400, 0x00000000d8184000)
 Metaspace       used 132650K, committed 135424K, reserved 458752K
  class space    used 18099K, committed 19392K, reserved 327680K
}
Event: 6714.976 GC heap after
{Heap after GC invocations=77 (full 7):
 def new generation   total 189632K, used 0K [0x00000000a0000000, 0x00000000acdc0000, 0x00000000c0000000)
  eden space 168576K,   0% used [0x00000000a0000000, 0x00000000a0000000, 0x00000000aa4a0000)
  from space 21056K,   0% used [0x00000000aa4a0000, 0x00000000aa4a0000, 0x00000000ab930000)
  to   space 21056K,   0% used [0x00000000ab930000, 0x00000000ab930000, 0x00000000acdc0000)
 tenured generation   total 420820K, used 252490K [0x00000000c0000000, 0x00000000d9af5000, 0x0000000100000000)
   the space 420820K,  59% used [0x00000000c0000000, 0x00000000cf6928f8, 0x00000000cf692a00, 0x00000000d9af5000)
 Metaspace       used 131895K, committed 135424K, reserved 458752K
  class space    used 17929K, committed 19392K, reserved 327680K
}

Deoptimization events (20 events):
Event: 6714.994 Thread 0x000001a49abd6100 DEOPT PACKING pc=0x000001a4f53d7d4c sp=0x0000008cc39f8840
Event: 6714.994 Thread 0x000001a49abd6100 DEOPT UNPACKING pc=0x000001a4f44a20a3 sp=0x0000008cc39f85e0 mode 2
Event: 6715.000 Thread 0x000001a49abd6100 Uncommon trap: trap_request=0xffffff45 fr.pc=0x000001a4f51a681c relative=0x000000000000037c
Event: 6715.000 Thread 0x000001a49abd6100 Uncommon trap: reason=unstable_if action=reinterpret pc=0x000001a4f51a681c method=java.lang.ref.SoftReference.get()Ljava/lang/Object; @ 6 c2
Event: 6715.000 Thread 0x000001a49abd6100 DEOPT PACKING pc=0x000001a4f51a681c sp=0x0000008cc39f8ed0
Event: 6715.000 Thread 0x000001a49abd6100 DEOPT UNPACKING pc=0x000001a4f44a20a3 sp=0x0000008cc39f8d98 mode 2
Event: 6715.001 Thread 0x000001a49abd6100 Uncommon trap: trap_request=0xffffff45 fr.pc=0x000001a4f4d3188c relative=0x0000000000006cec
Event: 6715.002 Thread 0x000001a49abd6100 Uncommon trap: reason=unstable_if action=reinterpret pc=0x000001a4f4d3188c method=java.lang.ref.SoftReference.get()Ljava/lang/Object; @ 6 c2
Event: 6715.002 Thread 0x000001a49abd6100 DEOPT PACKING pc=0x000001a4f4d3188c sp=0x0000008cc39f8e30
Event: 6715.002 Thread 0x000001a49abd6100 DEOPT UNPACKING pc=0x000001a4f44a20a3 sp=0x0000008cc39f8d90 mode 2
Event: 6715.002 Thread 0x000001a49abd6100 Uncommon trap: trap_request=0xffffff45 fr.pc=0x000001a4f50a5ef0 relative=0x00000000000000d0
Event: 6715.002 Thread 0x000001a49abd6100 Uncommon trap: reason=unstable_if action=reinterpret pc=0x000001a4f50a5ef0 method=java.lang.ref.SoftReference.get()Ljava/lang/Object; @ 6 c2
Event: 6715.002 Thread 0x000001a49abd6100 DEOPT PACKING pc=0x000001a4f50a5ef0 sp=0x0000008cc39f8e60
Event: 6715.002 Thread 0x000001a49abd6100 DEOPT UNPACKING pc=0x000001a4f44a20a3 sp=0x0000008cc39f8d90 mode 2
Event: 6715.121 Thread 0x000001a49a39dd40 DEOPT PACKING pc=0x000001a4ecfa6a3a sp=0x0000008cc5bfbf00
Event: 6715.121 Thread 0x000001a49a39dd40 DEOPT UNPACKING pc=0x000001a4f44a2843 sp=0x0000008cc5bfb3a0 mode 0
Event: 6715.152 Thread 0x000001a49a39dd40 Uncommon trap: trap_request=0xffffff45 fr.pc=0x000001a4f53ed3fc relative=0x000000000000541c
Event: 6715.152 Thread 0x000001a49a39dd40 Uncommon trap: reason=unstable_if action=reinterpret pc=0x000001a4f53ed3fc method=java.lang.ref.SoftReference.get()Ljava/lang/Object; @ 6 c2
Event: 6715.152 Thread 0x000001a49a39dd40 DEOPT PACKING pc=0x000001a4f53ed3fc sp=0x0000008cc5bf9b10
Event: 6716.120 Thread 0x000001a49a39dd40 DEOPT UNPACKING pc=0x000001a4f44a20a3 sp=0x0000008cc5bf98d0 mode 2

Classes unloaded (20 events):
Event: 6707.212 Thread 0x000001a4e56ddbd0 Unloading class 0x000001a4811e7000 'java/lang/invoke/LambdaForm$MH+0x000001a4811e7000'
Event: 6707.212 Thread 0x000001a4e56ddbd0 Unloading class 0x000001a4811e6c00 'java/lang/invoke/LambdaForm$MH+0x000001a4811e6c00'
Event: 6707.212 Thread 0x000001a4e56ddbd0 Unloading class 0x000001a4811e6800 'java/lang/invoke/LambdaForm$MH+0x000001a4811e6800'
Event: 6707.212 Thread 0x000001a4e56ddbd0 Unloading class 0x000001a4811e6400 'java/lang/invoke/LambdaForm$MH+0x000001a4811e6400'
Event: 6707.212 Thread 0x000001a4e56ddbd0 Unloading class 0x000001a4811e6000 'java/lang/invoke/LambdaForm$MH+0x000001a4811e6000'
Event: 6707.212 Thread 0x000001a4e56ddbd0 Unloading class 0x000001a4811e5c00 'java/lang/invoke/LambdaForm$MH+0x000001a4811e5c00'
Event: 6707.212 Thread 0x000001a4e56ddbd0 Unloading class 0x000001a4811e5800 'java/lang/invoke/LambdaForm$MH+0x000001a4811e5800'
Event: 6707.212 Thread 0x000001a4e56ddbd0 Unloading class 0x000001a4811e4800 'java/lang/invoke/LambdaForm$MH+0x000001a4811e4800'
Event: 6707.212 Thread 0x000001a4e56ddbd0 Unloading class 0x000001a4811e4400 'java/lang/invoke/LambdaForm$BMH+0x000001a4811e4400'
Event: 6707.212 Thread 0x000001a4e56ddbd0 Unloading class 0x000001a481118800 'java/lang/invoke/LambdaForm$DMH+0x000001a481118800'
Event: 6707.212 Thread 0x000001a4e56ddbd0 Unloading class 0x000001a481118000 'java/lang/invoke/LambdaForm$DMH+0x000001a481118000'
Event: 6707.212 Thread 0x000001a4e56ddbd0 Unloading class 0x000001a4810e6000 'java/lang/invoke/LambdaForm$MH+0x000001a4810e6000'
Event: 6707.212 Thread 0x000001a4e56ddbd0 Unloading class 0x000001a4810e5800 'java/lang/invoke/LambdaForm$MH+0x000001a4810e5800'
Event: 6707.212 Thread 0x000001a4e56ddbd0 Unloading class 0x000001a4810e5400 'java/lang/invoke/LambdaForm$MH+0x000001a4810e5400'
Event: 6707.212 Thread 0x000001a4e56ddbd0 Unloading class 0x000001a4810e5000 'java/lang/invoke/LambdaForm$MH+0x000001a4810e5000'
Event: 6707.212 Thread 0x000001a4e56ddbd0 Unloading class 0x000001a4810e4c00 'java/lang/invoke/LambdaForm$MH+0x000001a4810e4c00'
Event: 6707.212 Thread 0x000001a4e56ddbd0 Unloading class 0x000001a4810e4400 'java/lang/invoke/LambdaForm$MH+0x000001a4810e4400'
Event: 6707.212 Thread 0x000001a4e56ddbd0 Unloading class 0x000001a48103a800 'java/lang/invoke/LambdaForm$MH+0x000001a48103a800'
Event: 6707.212 Thread 0x000001a4e56ddbd0 Unloading class 0x000001a48103a400 'java/lang/invoke/LambdaForm$MH+0x000001a48103a400'
Event: 6707.212 Thread 0x000001a4e56ddbd0 Unloading class 0x000001a481038000 'java/lang/invoke/LambdaForm$MH+0x000001a481038000'

Classes redefined (0 events):
No events

Internal exceptions (20 events):
Event: 6703.725 Thread 0x000001a49abd6100 Exception <a 'sun/nio/fs/WindowsException'{0x00000000a1f507c8}> (0x00000000a1f507c8) 
thrown [s\open\src\hotspot\share\prims\jni.cpp, line 516]
Event: 6703.725 Thread 0x000001a49abd6100 Exception <a 'sun/nio/fs/WindowsException'{0x00000000a1f51ce8}> (0x00000000a1f51ce8) 
thrown [s\open\src\hotspot\share\prims\jni.cpp, line 516]
Event: 6703.726 Thread 0x000001a49abd6100 Exception <a 'sun/nio/fs/WindowsException'{0x00000000a1f53258}> (0x00000000a1f53258) 
thrown [s\open\src\hotspot\share\prims\jni.cpp, line 516]
Event: 6703.726 Thread 0x000001a49abd6100 Exception <a 'sun/nio/fs/WindowsException'{0x00000000a1f547c8}> (0x00000000a1f547c8) 
thrown [s\open\src\hotspot\share\prims\jni.cpp, line 516]
Event: 6704.555 Thread 0x000001a49abd6100 Exception <a 'sun/nio/fs/WindowsException'{0x00000000a5882268}> (0x00000000a5882268) 
thrown [s\open\src\hotspot\share\prims\jni.cpp, line 516]
Event: 6704.555 Thread 0x000001a49abd6100 Exception <a 'sun/nio/fs/WindowsException'{0x00000000a5883788}> (0x00000000a5883788) 
thrown [s\open\src\hotspot\share\prims\jni.cpp, line 516]
Event: 6704.555 Thread 0x000001a49abd6100 Exception <a 'sun/nio/fs/WindowsException'{0x00000000a5884cf8}> (0x00000000a5884cf8) 
thrown [s\open\src\hotspot\share\prims\jni.cpp, line 516]
Event: 6704.555 Thread 0x000001a49abd6100 Exception <a 'sun/nio/fs/WindowsException'{0x00000000a5886268}> (0x00000000a5886268) 
thrown [s\open\src\hotspot\share\prims\jni.cpp, line 516]
Event: 6714.979 Thread 0x000001a49abd6100 Implicit null exception at 0x000001a4f5822d48 to 0x000001a4f5823270
Event: 6714.989 Thread 0x000001a49abd6100 Implicit null exception at 0x000001a4f4c40ae4 to 0x000001a4f4c41d10
Event: 6714.992 Thread 0x000001a49abd6100 Implicit null exception at 0x000001a4f53d6934 to 0x000001a4f53d7d2c
Event: 6714.992 Thread 0x000001a49abd6100 Implicit null exception at 0x000001a4f4d22e20 to 0x000001a4f4d2301c
Event: 6714.992 Thread 0x000001a49abd6100 Implicit null exception at 0x000001a4f4bd9fa3 to 0x000001a4f4bda1bc
Event: 6714.992 Thread 0x000001a49abd6100 Implicit null exception at 0x000001a4f4bd63f0 to 0x000001a4f4bd64d0
Event: 6714.994 Thread 0x000001a49abd6100 Implicit null exception at 0x000001a4f53d6934 to 0x000001a4f53d7d2c
Event: 6714.994 Thread 0x000001a49abd6100 Implicit null exception at 0x000001a4f53d6934 to 0x000001a4f53d7d2c
Event: 6715.000 Thread 0x000001a49abd6100 Implicit null exception at 0x000001a4f51a6641 to 0x000001a4f51a6808
Event: 6715.001 Thread 0x000001a49abd6100 Implicit null exception at 0x000001a4f4d2ad47 to 0x000001a4f4d3186c
Event: 6715.002 Thread 0x000001a49abd6100 Implicit null exception at 0x000001a4f50a5e60 to 0x000001a4f50a5edc
Event: 6715.152 Thread 0x000001a49a39dd40 Implicit null exception at 0x000001a4f53e9d70 to 0x000001a4f53ed3bc

VM Operations (20 events):
Event: 6690.478 Executing VM operation: Cleanup done
Event: 6691.480 Executing VM operation: Cleanup
Event: 6691.481 Executing VM operation: Cleanup done
Event: 6692.483 Executing VM operation: Cleanup
Event: 6692.483 Executing VM operation: Cleanup done
Event: 6699.921 Executing VM operation: GenCollectForAllocation
Event: 6700.190 Executing VM operation: GenCollectForAllocation done
Event: 6700.283 Executing VM operation: HandshakeAllThreads
Event: 6700.286 Executing VM operation: HandshakeAllThreads done
Event: 6701.296 Executing VM operation: Cleanup
Event: 6701.296 Executing VM operation: Cleanup done
Event: 6703.067 Executing VM operation: GenCollectForAllocation
Event: 6703.217 Executing VM operation: GenCollectForAllocation done
Event: 6704.227 Executing VM operation: Cleanup
Event: 6704.228 Executing VM operation: Cleanup done
Event: 6705.241 Executing VM operation: Cleanup
Event: 6705.241 Executing VM operation: Cleanup done
Event: 6705.536 Executing VM operation: GenCollectForAllocation
Event: 6714.977 Executing VM operation: GenCollectForAllocation done
Event: 6715.978 Executing VM operation: Cleanup

Events (20 events):
Event: 6688.271 Thread 0x000001a49a39dd40 Thread added: 0x000001a49a39dd40
Event: 6688.285 Thread 0x000001a49a3a2930 Thread added: 0x000001a49a3a2930
Event: 6688.379 Thread 0x000001a49a3a2e40 Thread added: 0x000001a49a3a2e40
Event: 6688.435 Thread 0x000001a49a3a3860 Thread added: 0x000001a49a3a3860
Event: 6688.617 Thread 0x000001a49a3a4280 Thread added: 0x000001a49a3a4280
Event: 6688.678 Thread 0x000001a49a3a3d70 Thread added: 0x000001a49a3a3d70
Event: 6688.690 Thread 0x000001a4fef9e9a0 Thread added: 0x000001a4fef9e9a0
Event: 6689.267 Thread 0x000001a4fef9eeb0 Thread added: 0x000001a4fef9eeb0
Event: 6690.267 Thread 0x000001a4fefa1730 Thread added: 0x000001a4fefa1730
Event: 6690.391 Thread 0x000001a4fef9df80 Thread added: 0x000001a4fef9df80
Event: 6700.359 Thread 0x000001a4e5718520 flushing nmethod 0x000001a4f588e710
Event: 6700.364 Thread 0x000001a4a4f28a00 Thread added: 0x000001a4a4f28a00
Event: 6700.523 Thread 0x000001a4e5718520 flushing nmethod 0x000001a4eef17f10
Event: 6700.711 Thread 0x000001a4fdc1adb0 Thread added: 0x000001a4fdc1adb0
Event: 6700.718 Thread 0x000001a49b1f1090 Thread added: 0x000001a49b1f1090
Event: 6700.719 Thread 0x000001a49b1f0160 Thread added: 0x000001a49b1f0160
Event: 6701.002 Thread 0x000001a4a4f28a00 Thread exited: 0x000001a4a4f28a00
Event: 6703.224 Thread 0x000001a4a4f2c9c0 Thread added: 0x000001a4a4f2c9c0
Event: 6703.428 Thread 0x000001a4a4f2c9c0 Thread exited: 0x000001a4a4f2c9c0
Event: 6715.065 Thread 0x000001a49b1ee300 Thread added: 0x000001a49b1ee300


Dynamic libraries:
0x00007ff76a020000 - 0x00007ff76a030000 	C:\Program Files\Java\jdk-17\bin\java.exe
0x00007ff9f1000000 - 0x00007ff9f1267000 	C:\WINDOWS\SYSTEM32\ntdll.dll
0x00007ff9eef40000 - 0x00007ff9ef009000 	C:\WINDOWS\System32\KERNEL32.DLL
0x00007ff9ed8e0000 - 0x00007ff9edcd1000 	C:\WINDOWS\System32\KERNELBASE.dll
0x00007ff9ee550000 - 0x00007ff9ee69b000 	C:\WINDOWS\System32\ucrtbase.dll
0x00007ff9dc4a0000 - 0x00007ff9dc4bb000 	C:\Program Files\Java\jdk-17\bin\VCRUNTIME140.dll
0x00007ff9cd290000 - 0x00007ff9cd2a9000 	C:\Program Files\Java\jdk-17\bin\jli.dll
0x00007ff9f0940000 - 0x00007ff9f09fb000 	C:\WINDOWS\System32\ADVAPI32.dll
0x00007ff9f0a40000 - 0x00007ff9f0ae9000 	C:\WINDOWS\System32\msvcrt.dll
0x00007ff9f0af0000 - 0x00007ff9f0b97000 	C:\WINDOWS\System32\sechost.dll
0x00007ff9f0e20000 - 0x00007ff9f0f38000 	C:\WINDOWS\System32\RPCRT4.dll
0x00007ff9ef0d0000 - 0x00007ff9ef295000 	C:\WINDOWS\System32\USER32.dll
0x00007ff9eecc0000 - 0x00007ff9eece7000 	C:\WINDOWS\System32\win32u.dll
0x00007ff9ce380000 - 0x00007ff9ce613000 	C:\WINDOWS\WinSxS\amd64_microsoft.windows.common-controls_6595b64144ccf1df_6.0.26100.8037_none_3e092faae333b53b\COMCTL32.dll
0x00007ff9efdd0000 - 0x00007ff9efdfb000 	C:\WINDOWS\System32\GDI32.dll
0x00007ff9ee810000 - 0x00007ff9ee93b000 	C:\WINDOWS\System32\gdi32full.dll
0x00007ff9eecf0000 - 0x00007ff9eed93000 	C:\WINDOWS\System32\msvcp_win.dll
0x00007ff9dade0000 - 0x00007ff9dadeb000 	C:\WINDOWS\SYSTEM32\VERSION.dll
0x00007ff9f0a00000 - 0x00007ff9f0a31000 	C:\WINDOWS\System32\IMM32.DLL
0x00007ff9ce620000 - 0x00007ff9ce62c000 	C:\Program Files\Java\jdk-17\bin\vcruntime140_1.dll
0x00007ff9b9da0000 - 0x00007ff9b9e2e000 	C:\Program Files\Java\jdk-17\bin\msvcp140.dll
0x00007ff977300000 - 0x00007ff977ee0000 	C:\Program Files\Java\jdk-17\bin\server\jvm.dll
0x00007ff9efdc0000 - 0x00007ff9efdc8000 	C:\WINDOWS\System32\PSAPI.DLL
0x00007ff9bac40000 - 0x00007ff9bac4a000 	C:\WINDOWS\SYSTEM32\WSOCK32.dll
0x00007ff9efe00000 - 0x00007ff9efe74000 	C:\WINDOWS\System32\WS2_32.dll
0x00007ff9e4040000 - 0x00007ff9e4075000 	C:\WINDOWS\SYSTEM32\WINMM.dll
0x00007ff9ec670000 - 0x00007ff9ec68b000 	C:\WINDOWS\SYSTEM32\kernel.appcore.dll
0x00007ff9cd280000 - 0x00007ff9cd28a000 	C:\Program Files\Java\jdk-17\bin\jimage.dll
0x00007ff9eb7c0000 - 0x00007ff9eba02000 	C:\WINDOWS\SYSTEM32\DBGHELP.DLL
0x00007ff9ef2a0000 - 0x00007ff9ef622000 	C:\WINDOWS\System32\combase.dll
0x00007ff9f0040000 - 0x00007ff9f0117000 	C:\WINDOWS\System32\OLEAUT32.dll
0x00007ff9cdce0000 - 0x00007ff9cdd1b000 	C:\WINDOWS\SYSTEM32\dbgcore.DLL
0x00007ff9ee760000 - 0x00007ff9ee805000 	C:\WINDOWS\System32\bcryptPrimitives.dll
0x00007ff9ba3e0000 - 0x00007ff9ba3ee000 	C:\Program Files\Java\jdk-17\bin\instrument.dll
0x00007ff9b9d70000 - 0x00007ff9b9d95000 	C:\Program Files\Java\jdk-17\bin\java.dll
0x00007ff9b9c90000 - 0x00007ff9b9d67000 	C:\Program Files\Java\jdk-17\bin\jsvml.dll
0x00007ff9f0150000 - 0x00007ff9f08af000 	C:\WINDOWS\System32\SHELL32.dll
0x00007ff9eeac0000 - 0x00007ff9eec2a000 	C:\WINDOWS\System32\wintypes.dll
0x00007ff9edce0000 - 0x00007ff9ee544000 	C:\WINDOWS\System32\windows.storage.dll
0x00007ff9efe80000 - 0x00007ff9eff77000 	C:\WINDOWS\System32\SHCORE.dll
0x00007ff9f08c0000 - 0x00007ff9f0927000 	C:\WINDOWS\System32\shlwapi.dll
0x00007ff9ed800000 - 0x00007ff9ed829000 	C:\WINDOWS\SYSTEM32\profapi.dll
0x00007ff9b9c50000 - 0x00007ff9b9c68000 	C:\Program Files\Java\jdk-17\bin\zip.dll
0x00007ff9ba1d0000 - 0x00007ff9ba1e9000 	C:\Program Files\Java\jdk-17\bin\net.dll
0x00007ff9e4ab0000 - 0x00007ff9e4bd7000 	C:\WINDOWS\SYSTEM32\WINHTTP.dll
0x00007ff9ecbe0000 - 0x00007ff9ecc4b000 	C:\WINDOWS\system32\mswsock.dll
0x00007ff9b9c70000 - 0x00007ff9b9c86000 	C:\Program Files\Java\jdk-17\bin\nio.dll
0x00007ff9c3c70000 - 0x00007ff9c3c80000 	C:\Program Files\Java\jdk-17\bin\verify.dll
0x00007ff9adb30000 - 0x00007ff9adb57000 	C:\Users\hp\.gradle\native\1def1411415f61bf3af743bc5b6707747c0891f09f0c88961ee8f79bc544acac\windows-amd64\native-platform.dll
0x00007ff9ac990000 - 0x00007ff9aca07000 	C:\Users\hp\.gradle\native\0.2.8\x86_64-windows-gnu\gradle-fileevents.dll
0x00007ff9cc720000 - 0x00007ff9cc72a000 	C:\Program Files\Java\jdk-17\bin\management.dll
0x00007ff9c5010000 - 0x00007ff9c501b000 	C:\Program Files\Java\jdk-17\bin\management_ext.dll
0x00007ff9ebf80000 - 0x00007ff9ebfb3000 	C:\WINDOWS\SYSTEM32\IPHLPAPI.DLL
0x00007ff9f0ba0000 - 0x00007ff9f0baa000 	C:\WINDOWS\System32\NSI.dll
0x00007ff9e5b20000 - 0x00007ff9e5b3d000 	C:\WINDOWS\SYSTEM32\dhcpcsvc6.DLL
0x00007ff9e5af0000 - 0x00007ff9e5b13000 	C:\WINDOWS\SYSTEM32\dhcpcsvc.DLL
0x00007ff9ec150000 - 0x00007ff9ec27a000 	C:\WINDOWS\SYSTEM32\DNSAPI.dll
0x00007ff9ecec0000 - 0x00007ff9ecedb000 	C:\WINDOWS\SYSTEM32\CRYPTSP.dll
0x00007ff9ec5d0000 - 0x00007ff9ec609000 	C:\WINDOWS\system32\rsaenh.dll
0x00007ff9ecc90000 - 0x00007ff9eccc2000 	C:\WINDOWS\SYSTEM32\USERENV.dll
0x00007ff9ed7d0000 - 0x00007ff9ed7fa000 	C:\WINDOWS\SYSTEM32\bcrypt.dll
0x00007ff9ecee0000 - 0x00007ff9eceec000 	C:\WINDOWS\SYSTEM32\CRYPTBASE.dll
0x00007ff9b9ac0000 - 0x00007ff9b9ace000 	C:\Program Files\Java\jdk-17\bin\sunmscapi.dll
0x00007ff9ee940000 - 0x00007ff9eeab7000 	C:\WINDOWS\System32\CRYPT32.dll
0x00007ff9ed0e0000 - 0x00007ff9ed110000 	C:\WINDOWS\SYSTEM32\ncrypt.dll
0x00007ff9ed090000 - 0x00007ff9ed0cf000 	C:\WINDOWS\SYSTEM32\NTASN1.dll
0x00007ff9cebe0000 - 0x00007ff9cebe8000 	C:\WINDOWS\system32\wshunix.dll

dbghelp: loaded successfully - version: 4.0.5 - missing functions: none
symbol engine: initialized successfully - sym options: 0x614 - pdb path: .;C:\Program Files\Java\jdk-17\bin;C:\WINDOWS\SYSTEM32;C:\WINDOWS\WinSxS\amd64_microsoft.windows.common-controls_6595b64144ccf1df_6.0.26100.8037_none_3e092faae333b53b;C:\Program Files\Java\jdk-17\bin\server;C:\Users\hp\.gradle\native\1def1411415f61bf3af743bc5b6707747c0891f09f0c88961ee8f79bc544acac\windows-amd64;C:\Users\hp\.gradle\native\0.2.8\x86_64-windows-gnu

VM Arguments:
jvm_args: --add-opens=java.base/java.lang=ALL-UNNAMED --add-opens=java.base/java.lang.invoke=ALL-UNNAMED --add-opens=java.base/java.util=ALL-UNNAMED --add-opens=java.prefs/java.util.prefs=ALL-UNNAMED --add-exports=jdk.compiler/com.sun.tools.javac.api=ALL-UNNAMED --add-exports=jdk.compiler/com.sun.tools.javac.util=ALL-UNNAMED --add-opens=java.base/java.util=ALL-UNNAMED --add-opens=java.prefs/java.util.prefs=ALL-UNNAMED --add-opens=java.base/java.nio.charset=ALL-UNNAMED --add-opens=java.base/java.net=ALL-UNNAMED --add-opens=java.base/java.util.concurrent=ALL-UNNAMED --add-opens=java.base/java.util.concurrent.atomic=ALL-UNNAMED --add-opens=java.xml/javax.xml.namespace=ALL-UNNAMED -XX:MaxMetaspaceSize=384m -XX:+UseSerialGC -Xmx1536m -Dfile.encoding=UTF-8 -Duser.country=IN -Duser.language=en -Duser.variant -javaagent:C:\Users\hp\.gradle\wrapper\dists\gradle-9.0.0-bin\d6wjpkvcgsg3oed0qlfss3wgl\gradle-9.0.0\lib\agents\gradle-instrumentation-agent-9.0.0.jar 
java_command: org.gradle.launcher.daemon.bootstrap.GradleDaemon 9.0.0
java_class_path (initial): C:\Users\hp\.gradle\wrapper\dists\gradle-9.0.0-bin\d6wjpkvcgsg3oed0qlfss3wgl\gradle-9.0.0\lib\gradle-daemon-main-9.0.0.jar
Launcher Type: SUN_STANDARD

[Global flags]
     intx CICompilerCount                          = 4                                         {product} {ergonomic}
   size_t CompressedClassSpaceSize                 = 335544320                                 {product} {ergonomic}
   size_t InitialHeapSize                          = 130023424                                 {product} {ergonomic}
   size_t MaxHeapSize                              = 1610612736                                {product} {command line}
   size_t MaxMetaspaceSize                         = 402653184                                 {product} {command line}
   size_t MaxNewSize                               = 536870912                                 {product} {ergonomic}
   size_t MinHeapDeltaBytes                        = 196608                                    {product} {ergonomic}
   size_t MinHeapSize                              = 8388608                                   {product} {ergonomic}
   size_t NewSize                                  = 43319296                                  {product} {ergonomic}
    uintx NonNMethodCodeHeapSize                   = 5839372                                {pd product} {ergonomic}
    uintx NonProfiledCodeHeapSize                  = 122909434                              {pd product} {ergonomic}
   size_t OldSize                                  = 86704128                                  {product} {ergonomic}
    uintx ProfiledCodeHeapSize                     = 122909434                              {pd product} {ergonomic}
    uintx ReservedCodeCacheSize                    = 251658240                              {pd product} {ergonomic}
     bool SegmentedCodeCache                       = true                                      {product} {ergonomic}
   size_t SoftMaxHeapSize                          = 1610612736                             {manageable} {ergonomic}
     bool UseCompressedClassPointers               = true                           {product lp64_product} {ergonomic}
     bool UseCompressedOops                        = true                           {product lp64_product} {ergonomic}
     bool UseLargePagesIndividualAllocation        = false                                  {pd product} {ergonomic}
     bool UseSerialGC                              = true                                      {product} {command line}

Logging:
Log output configuration:
 #0: stdout all=warning uptime,level,tags
 #1: stderr all=off uptime,level,tags

Environment Variables:
JAVA_HOME=C:\Program Files\Java\jdk-17
PATH=C:\Users\hp\Desktop\AIB Innovations\TiffsyKitchen-1\node_modules\.bin;C:\Users\hp\Desktop\AIB Innovations\node_modules\.bin;C:\Users\hp\Desktop\node_modules\.bin;C:\Users\hp\node_modules\.bin;C:\Users\node_modules\.bin;C:\node_modules\.bin;C:\Program Files\nodejs\node_modules\npm\node_modules\@npmcli\run-script\lib\node-gyp-bin;C:\Program Files\Common Files\Oracle\Java\javapath;C:\WINDOWS\system32;C:\WINDOWS;C:\WINDOWS\system32\Wbem;C:\WINDOWS\System32\WindowsPowerShell\v1.0\;C:\WINDOWS\System32\OpenSSH\;C:\Program Files\Microsoft VS Code\bin;C:\Users\hp\Downloads\jdk-20_windows-x64_bin.exe;C:\Program Files\MySQL\MySQL Server 8.0\bin;C:\Program Files\php-8.2.11;C:\ProgramData\chocolatey\bin;C:\Users\hp\AppData\Local\nvm;C:\nvm4w\nodejs;C:\Program Files\Git\cmd;C:\Program Files\nodejs\;C:\WINDOWS\System32\Wbem;C:\Program Files\Java\jdk-17\bin;C:\Users\hp\AppData\Local\Android\Sdk\platform-tools;C:\src\flutter\flutter\bin;C:\Program Files\MySQL\MySQL Shell 8.0\bin\;C:\Users\hp\AppData\Local\Microsoft\WindowsApps;C:\MinGW\bin;C:\Users\hp\AppData\Local\GitHubDesktop\bin;C:\Users\hp\AppData\Local\nvm;C:\nvm4w\nodejs;C:\Users\hp\AppData\Roaming\npm;C:\Users\hp\AppData\Local\Microsoft\WindowsApps;C:\flutter\bin;C:\Users\hp\AppData\Local\Programs\Antigravity\bin;C:\src\flutter\flutter\bin;
USERNAME=hp
LANG=en_US.UTF-8
OS=Windows_NT
PROCESSOR_IDENTIFIER=Intel64 Family 6 Model 154 Stepping 4, GenuineIntel



---------------  S Y S T E M  ---------------

OS:
 Windows 11 , 64 bit Build 26100 (10.0.26100.7920)
OS uptime: 0 days 4:11 hours
Hyper-V role detected

CPU: total 12 (initial active 12) (6 cores per cpu, 2 threads per core) family 6 model 154 stepping 4 microcode 0x42c, cx8, cmov, fxsr, ht, mmx, 3dnowpref, sse, sse2, sse3, ssse3, sse4.1, sse4.2, popcnt, lzcnt, tsc, tscinvbit, avx, avx2, aes, erms, clmul, bmi1, bmi2, adx, sha, fma, vzeroupper, clflush, clflushopt, clwb, hv

Memory: 4k page, system-wide physical 7863M (784M free)
TotalPageFile size 24247M (AvailPageFile size 2M)
current process WorkingSet (physical memory assigned to process): 824M, peak: 824M
current process commit charge ("private bytes"): 995M, peak: 997M

vm_info: Java HotSpot(TM) 64-Bit Server VM (17.0.12+8-LTS-286) for windows-amd64 JRE (17.0.12+8-LTS-286), built on Jun  5 2024 06:46:59 by "mach5one" with MS VC++ 17.6 (VS2022)

END.
